CRITICAL - 2025-03-12 14:19:06 --> CodeIgniter\HTTP\Exceptions\HTTPException: 22 : The requested URL returned error: 500
[Method: GET, Route: register]
in SYSTEMPATH\HTTP\CURLRequest.php on line 709.
 1 SYSTEMPATH\HTTP\CURLRequest.php(709): CodeIgniter\HTTP\Exceptions\HTTPException::forCurlError('22', 'The requested URL returned error: 500')
 2 SYSTEMPATH\HTTP\CURLRequest.php(383): CodeIgniter\HTTP\CURLRequest->sendRequest([...])
 3 SYSTEMPATH\HTTP\CURLRequest.php(152): CodeIgniter\HTTP\CURLRequest->send('POST', 'https://take-home-test-api.nutech-integrasi.com/registration')
 4 SYSTEMPATH\HTTP\CURLRequest.php(227): CodeIgniter\HTTP\CURLRequest->request('POST', 'https://take-home-test-api.nutech-integrasi.com/registration', [...])
 5 APPPATH\Controllers\AuthController.php(25): CodeIgniter\HTTP\CURLRequest->post('https://take-home-test-api.nutech-integrasi.com/registration', [...])
 6 SYSTEMPATH\CodeIgniter.php(933): App\Controllers\AuthController->register()
 7 SYSTEMPATH\CodeIgniter.php(507): CodeIgniter\CodeIgniter->runController(Object(App\Controllers\AuthController))
 8 SYSTEMPATH\CodeIgniter.php(354): CodeIgniter\CodeIgniter->handleRequest(null, Object(Config\Cache), false)
 9 SYSTEMPATH\Boot.php(334): CodeIgniter\CodeIgniter->run()
10 SYSTEMPATH\Boot.php(67): CodeIgniter\Boot::runCodeIgniter(Object(CodeIgniter\CodeIgniter))
11 FCPATH\index.php(56): CodeIgniter\Boot::bootWeb(Object(Config\Paths))
12 SYSTEMPATH\rewrite.php(44): require_once('C:\\laragon\\www\\HIS PPOB-Muhammad Rizal Fauzi\\public\\index.php')
CRITICAL - 2025-03-12 14:19:32 --> CodeIgniter\HTTP\Exceptions\HTTPException: 22 : The requested URL returned error: 500
[Method: GET, Route: register]
in SYSTEMPATH\HTTP\CURLRequest.php on line 709.
 1 SYSTEMPATH\HTTP\CURLRequest.php(709): CodeIgniter\HTTP\Exceptions\HTTPException::forCurlError('22', 'The requested URL returned error: 500')
 2 SYSTEMPATH\HTTP\CURLRequest.php(383): CodeIgniter\HTTP\CURLRequest->sendRequest([...])
 3 SYSTEMPATH\HTTP\CURLRequest.php(152): CodeIgniter\HTTP\CURLRequest->send('POST', 'https://take-home-test-api.nutech-integrasi.com/registration')
 4 SYSTEMPATH\HTTP\CURLRequest.php(227): CodeIgniter\HTTP\CURLRequest->request('POST', 'https://take-home-test-api.nutech-integrasi.com/registration', [...])
 5 APPPATH\Controllers\AuthController.php(25): CodeIgniter\HTTP\CURLRequest->post('https://take-home-test-api.nutech-integrasi.com/registration', [...])
 6 SYSTEMPATH\CodeIgniter.php(933): App\Controllers\AuthController->register()
 7 SYSTEMPATH\CodeIgniter.php(507): CodeIgniter\CodeIgniter->runController(Object(App\Controllers\AuthController))
 8 SYSTEMPATH\CodeIgniter.php(354): CodeIgniter\CodeIgniter->handleRequest(null, Object(Config\Cache), false)
 9 SYSTEMPATH\Boot.php(334): CodeIgniter\CodeIgniter->run()
10 SYSTEMPATH\Boot.php(67): CodeIgniter\Boot::runCodeIgniter(Object(CodeIgniter\CodeIgniter))
11 FCPATH\index.php(56): CodeIgniter\Boot::bootWeb(Object(Config\Paths))
12 SYSTEMPATH\rewrite.php(44): require_once('C:\\laragon\\www\\HIS PPOB-Muhammad Rizal Fauzi\\public\\index.php')
CRITICAL - 2025-03-12 14:19:39 --> CodeIgniter\HTTP\Exceptions\HTTPException: 22 : The requested URL returned error: 500
[Method: GET, Route: register]
in SYSTEMPATH\HTTP\CURLRequest.php on line 709.
 1 SYSTEMPATH\HTTP\CURLRequest.php(709): CodeIgniter\HTTP\Exceptions\HTTPException::forCurlError('22', 'The requested URL returned error: 500')
 2 SYSTEMPATH\HTTP\CURLRequest.php(383): CodeIgniter\HTTP\CURLRequest->sendRequest([...])
 3 SYSTEMPATH\HTTP\CURLRequest.php(152): CodeIgniter\HTTP\CURLRequest->send('POST', 'https://take-home-test-api.nutech-integrasi.com/registration')
 4 SYSTEMPATH\HTTP\CURLRequest.php(227): CodeIgniter\HTTP\CURLRequest->request('POST', 'https://take-home-test-api.nutech-integrasi.com/registration', [...])
 5 APPPATH\Controllers\AuthController.php(25): CodeIgniter\HTTP\CURLRequest->post('https://take-home-test-api.nutech-integrasi.com/registration', [...])
 6 SYSTEMPATH\CodeIgniter.php(933): App\Controllers\AuthController->register()
 7 SYSTEMPATH\CodeIgniter.php(507): CodeIgniter\CodeIgniter->runController(Object(App\Controllers\AuthController))
 8 SYSTEMPATH\CodeIgniter.php(354): CodeIgniter\CodeIgniter->handleRequest(null, Object(Config\Cache), false)
 9 SYSTEMPATH\Boot.php(334): CodeIgniter\CodeIgniter->run()
10 SYSTEMPATH\Boot.php(67): CodeIgniter\Boot::runCodeIgniter(Object(CodeIgniter\CodeIgniter))
11 FCPATH\index.php(56): CodeIgniter\Boot::bootWeb(Object(Config\Paths))
12 SYSTEMPATH\rewrite.php(44): require_once('C:\\laragon\\www\\HIS PPOB-Muhammad Rizal Fauzi\\public\\index.php')
CRITICAL - 2025-03-12 14:20:24 --> CodeIgniter\HTTP\Exceptions\HTTPException: 22 : The requested URL returned error: 500
[Method: GET, Route: register]
in SYSTEMPATH\HTTP\CURLRequest.php on line 709.
 1 SYSTEMPATH\HTTP\CURLRequest.php(709): CodeIgniter\HTTP\Exceptions\HTTPException::forCurlError('22', 'The requested URL returned error: 500')
 2 SYSTEMPATH\HTTP\CURLRequest.php(383): CodeIgniter\HTTP\CURLRequest->sendRequest([...])
 3 SYSTEMPATH\HTTP\CURLRequest.php(152): CodeIgniter\HTTP\CURLRequest->send('POST', 'https://take-home-test-api.nutech-integrasi.com/registration')
 4 SYSTEMPATH\HTTP\CURLRequest.php(227): CodeIgniter\HTTP\CURLRequest->request('POST', 'https://take-home-test-api.nutech-integrasi.com/registration', [...])
 5 APPPATH\Controllers\AuthController.php(26): CodeIgniter\HTTP\CURLRequest->post('https://take-home-test-api.nutech-integrasi.com/registration', [...])
 6 SYSTEMPATH\CodeIgniter.php(933): App\Controllers\AuthController->register()
 7 SYSTEMPATH\CodeIgniter.php(507): CodeIgniter\CodeIgniter->runController(Object(App\Controllers\AuthController))
 8 SYSTEMPATH\CodeIgniter.php(354): CodeIgniter\CodeIgniter->handleRequest(null, Object(Config\Cache), false)
 9 SYSTEMPATH\Boot.php(334): CodeIgniter\CodeIgniter->run()
10 SYSTEMPATH\Boot.php(67): CodeIgniter\Boot::runCodeIgniter(Object(CodeIgniter\CodeIgniter))
11 FCPATH\index.php(56): CodeIgniter\Boot::bootWeb(Object(Config\Paths))
12 SYSTEMPATH\rewrite.php(44): require_once('C:\\laragon\\www\\HIS PPOB-Muhammad Rizal Fauzi\\public\\index.php')
CRITICAL - 2025-03-12 14:33:37 --> ParseError: syntax error, unexpected token "{", expecting "function"
[Method: GET, Route: /]
in APPPATH\Controllers\AuthController.php on line 18.
 1 SYSTEMPATH\Autoloader\Autoloader.php(295): CodeIgniter\Autoloader\Autoloader->includeFile('C:\\laragon\\www\\HIS PPOB-Muhammad Rizal Fauzi\\app\\Controllers\\AuthController.php')
 2 SYSTEMPATH\Autoloader\Autoloader.php(271): CodeIgniter\Autoloader\Autoloader->loadInNamespace('App\\Controllers\\AuthController')
 3 [internal function]: CodeIgniter\Autoloader\Autoloader->loadClass('App\\Controllers\\AuthController')
 4 SYSTEMPATH\CodeIgniter.php(885): class_exists('\\App\\Controllers\\AuthController', true)
 5 SYSTEMPATH\CodeIgniter.php(494): CodeIgniter\CodeIgniter->startController()
 6 SYSTEMPATH\CodeIgniter.php(354): CodeIgniter\CodeIgniter->handleRequest(null, Object(Config\Cache), false)
 7 SYSTEMPATH\Boot.php(334): CodeIgniter\CodeIgniter->run()
 8 SYSTEMPATH\Boot.php(67): CodeIgniter\Boot::runCodeIgniter(Object(CodeIgniter\CodeIgniter))
 9 FCPATH\index.php(56): CodeIgniter\Boot::bootWeb(Object(Config\Paths))
10 SYSTEMPATH\rewrite.php(44): require_once('C:\\laragon\\www\\HIS PPOB-Muhammad Rizal Fauzi\\public\\index.php')
CRITICAL - 2025-03-12 14:35:14 --> CodeIgniter\HTTP\Exceptions\HTTPException: 22 : The requested URL returned error: 500
[Method: GET, Route: register]
in SYSTEMPATH\HTTP\CURLRequest.php on line 709.
 1 SYSTEMPATH\HTTP\CURLRequest.php(709): CodeIgniter\HTTP\Exceptions\HTTPException::forCurlError('22', 'The requested URL returned error: 500')
 2 SYSTEMPATH\HTTP\CURLRequest.php(383): CodeIgniter\HTTP\CURLRequest->sendRequest([...])
 3 SYSTEMPATH\HTTP\CURLRequest.php(152): CodeIgniter\HTTP\CURLRequest->send('POST', 'https://take-home-test-api.nutech-integrasi.com/registration')
 4 SYSTEMPATH\HTTP\CURLRequest.php(227): CodeIgniter\HTTP\CURLRequest->request('POST', 'https://take-home-test-api.nutech-integrasi.com/registration', [...])
 5 APPPATH\Controllers\AuthController.php(67): CodeIgniter\HTTP\CURLRequest->post('https://take-home-test-api.nutech-integrasi.com/registration', [...])
 6 SYSTEMPATH\CodeIgniter.php(933): App\Controllers\AuthController->register()
 7 SYSTEMPATH\CodeIgniter.php(507): CodeIgniter\CodeIgniter->runController(Object(App\Controllers\AuthController))
 8 SYSTEMPATH\CodeIgniter.php(354): CodeIgniter\CodeIgniter->handleRequest(null, Object(Config\Cache), false)
 9 SYSTEMPATH\Boot.php(334): CodeIgniter\CodeIgniter->run()
10 SYSTEMPATH\Boot.php(67): CodeIgniter\Boot::runCodeIgniter(Object(CodeIgniter\CodeIgniter))
11 FCPATH\index.php(56): CodeIgniter\Boot::bootWeb(Object(Config\Paths))
12 SYSTEMPATH\rewrite.php(44): require_once('C:\\laragon\\www\\HIS PPOB-Muhammad Rizal Fauzi\\public\\index.php')
CRITICAL - 2025-03-12 14:36:16 --> CodeIgniter\View\Exceptions\ViewException: Invalid file: "auth/register.php"
[Method: GET, Route: register]
in SYSTEMPATH\Exceptions\FrameworkException.php on line 39.
 1 SYSTEMPATH\View\View.php(212): CodeIgniter\Exceptions\FrameworkException::forInvalidFile('auth/register.php')
 2 SYSTEMPATH\Common.php(1173): CodeIgniter\View\View->render('auth/register', [], true)
 3 APPPATH\Controllers\AuthController.php(56): view('auth/register')
 4 SYSTEMPATH\CodeIgniter.php(933): App\Controllers\AuthController->registerform()
 5 SYSTEMPATH\CodeIgniter.php(507): CodeIgniter\CodeIgniter->runController(Object(App\Controllers\AuthController))
 6 SYSTEMPATH\CodeIgniter.php(354): CodeIgniter\CodeIgniter->handleRequest(null, Object(Config\Cache), false)
 7 SYSTEMPATH\Boot.php(334): CodeIgniter\CodeIgniter->run()
 8 SYSTEMPATH\Boot.php(67): CodeIgniter\Boot::runCodeIgniter(Object(CodeIgniter\CodeIgniter))
 9 FCPATH\index.php(56): CodeIgniter\Boot::bootWeb(Object(Config\Paths))
10 SYSTEMPATH\rewrite.php(44): require_once('C:\\laragon\\www\\HIS PPOB-Muhammad Rizal Fauzi\\public\\index.php')
CRITICAL - 2025-03-12 15:47:17 --> Error: Class "App\Controllers\UserModel" not found
[Method: POST, Route: auth/login]
in APPPATH\Controllers\AuthController.php on line 75.
 1 SYSTEMPATH\CodeIgniter.php(933): App\Controllers\AuthController->login()
 2 SYSTEMPATH\CodeIgniter.php(507): CodeIgniter\CodeIgniter->runController(Object(App\Controllers\AuthController))
 3 SYSTEMPATH\CodeIgniter.php(354): CodeIgniter\CodeIgniter->handleRequest(null, Object(Config\Cache), false)
 4 SYSTEMPATH\Boot.php(334): CodeIgniter\CodeIgniter->run()
 5 SYSTEMPATH\Boot.php(67): CodeIgniter\Boot::runCodeIgniter(Object(CodeIgniter\CodeIgniter))
 6 FCPATH\index.php(56): CodeIgniter\Boot::bootWeb(Object(Config\Paths))
 7 SYSTEMPATH\rewrite.php(44): require_once('C:\\laragon\\www\\HIS PPOB-Muhammad Rizal Fauzi\\public\\index.php')
CRITICAL - 2025-03-12 15:49:13 --> CodeIgniter\HTTP\Exceptions\HTTPException: 22 : The requested URL returned error: 400
[Method: POST, Route: auth/login]
in SYSTEMPATH\HTTP\CURLRequest.php on line 709.
 1 SYSTEMPATH\HTTP\CURLRequest.php(709): CodeIgniter\HTTP\Exceptions\HTTPException::forCurlError('22', 'The requested URL returned error: 400')
 2 SYSTEMPATH\HTTP\CURLRequest.php(383): CodeIgniter\HTTP\CURLRequest->sendRequest([...])
 3 SYSTEMPATH\HTTP\CURLRequest.php(152): CodeIgniter\HTTP\CURLRequest->send('POST', 'https://take-home-test-api.nutech-integrasi.com/login')
 4 SYSTEMPATH\HTTP\CURLRequest.php(227): CodeIgniter\HTTP\CURLRequest->request('POST', 'https://take-home-test-api.nutech-integrasi.com/login', [...])
 5 APPPATH\Controllers\AuthController.php(77): CodeIgniter\HTTP\CURLRequest->post('https://take-home-test-api.nutech-integrasi.com/login', [...])
 6 SYSTEMPATH\CodeIgniter.php(933): App\Controllers\AuthController->login()
 7 SYSTEMPATH\CodeIgniter.php(507): CodeIgniter\CodeIgniter->runController(Object(App\Controllers\AuthController))
 8 SYSTEMPATH\CodeIgniter.php(354): CodeIgniter\CodeIgniter->handleRequest(null, Object(Config\Cache), false)
 9 SYSTEMPATH\Boot.php(334): CodeIgniter\CodeIgniter->run()
10 SYSTEMPATH\Boot.php(67): CodeIgniter\Boot::runCodeIgniter(Object(CodeIgniter\CodeIgniter))
11 FCPATH\index.php(56): CodeIgniter\Boot::bootWeb(Object(Config\Paths))
12 SYSTEMPATH\rewrite.php(44): require_once('C:\\laragon\\www\\HIS PPOB-Muhammad Rizal Fauzi\\public\\index.php')
CRITICAL - 2025-03-12 15:50:35 --> CodeIgniter\HTTP\Exceptions\HTTPException: 6 : Could not resolve host: api.example.com
[Method: POST, Route: auth/login]
in SYSTEMPATH\HTTP\CURLRequest.php on line 709.
 1 SYSTEMPATH\HTTP\CURLRequest.php(709): CodeIgniter\HTTP\Exceptions\HTTPException::forCurlError('6', 'Could not resolve host: api.example.com')
 2 SYSTEMPATH\HTTP\CURLRequest.php(383): CodeIgniter\HTTP\CURLRequest->sendRequest([...])
 3 SYSTEMPATH\HTTP\CURLRequest.php(152): CodeIgniter\HTTP\CURLRequest->send('POST', 'https://api.example.com/login')
 4 SYSTEMPATH\HTTP\CURLRequest.php(227): CodeIgniter\HTTP\CURLRequest->request('POST', 'https://api.example.com/login', [...])
 5 APPPATH\Controllers\AuthController.php(78): CodeIgniter\HTTP\CURLRequest->post('https://api.example.com/login', [...])
 6 SYSTEMPATH\CodeIgniter.php(933): App\Controllers\AuthController->login()
 7 SYSTEMPATH\CodeIgniter.php(507): CodeIgniter\CodeIgniter->runController(Object(App\Controllers\AuthController))
 8 SYSTEMPATH\CodeIgniter.php(354): CodeIgniter\CodeIgniter->handleRequest(null, Object(Config\Cache), false)
 9 SYSTEMPATH\Boot.php(334): CodeIgniter\CodeIgniter->run()
10 SYSTEMPATH\Boot.php(67): CodeIgniter\Boot::runCodeIgniter(Object(CodeIgniter\CodeIgniter))
11 FCPATH\index.php(56): CodeIgniter\Boot::bootWeb(Object(Config\Paths))
12 SYSTEMPATH\rewrite.php(44): require_once('C:\\laragon\\www\\HIS PPOB-Muhammad Rizal Fauzi\\public\\index.php')
CRITICAL - 2025-03-12 15:50:42 --> CodeIgniter\HTTP\Exceptions\HTTPException: 6 : Could not resolve host: api.example.com
[Method: POST, Route: auth/login]
in SYSTEMPATH\HTTP\CURLRequest.php on line 709.
 1 SYSTEMPATH\HTTP\CURLRequest.php(709): CodeIgniter\HTTP\Exceptions\HTTPException::forCurlError('6', 'Could not resolve host: api.example.com')
 2 SYSTEMPATH\HTTP\CURLRequest.php(383): CodeIgniter\HTTP\CURLRequest->sendRequest([...])
 3 SYSTEMPATH\HTTP\CURLRequest.php(152): CodeIgniter\HTTP\CURLRequest->send('POST', 'https://api.example.com/login')
 4 SYSTEMPATH\HTTP\CURLRequest.php(227): CodeIgniter\HTTP\CURLRequest->request('POST', 'https://api.example.com/login', [...])
 5 APPPATH\Controllers\AuthController.php(78): CodeIgniter\HTTP\CURLRequest->post('https://api.example.com/login', [...])
 6 SYSTEMPATH\CodeIgniter.php(933): App\Controllers\AuthController->login()
 7 SYSTEMPATH\CodeIgniter.php(507): CodeIgniter\CodeIgniter->runController(Object(App\Controllers\AuthController))
 8 SYSTEMPATH\CodeIgniter.php(354): CodeIgniter\CodeIgniter->handleRequest(null, Object(Config\Cache), false)
 9 SYSTEMPATH\Boot.php(334): CodeIgniter\CodeIgniter->run()
10 SYSTEMPATH\Boot.php(67): CodeIgniter\Boot::runCodeIgniter(Object(CodeIgniter\CodeIgniter))
11 FCPATH\index.php(56): CodeIgniter\Boot::bootWeb(Object(Config\Paths))
12 SYSTEMPATH\rewrite.php(44): require_once('C:\\laragon\\www\\HIS PPOB-Muhammad Rizal Fauzi\\public\\index.php')
CRITICAL - 2025-03-12 15:51:26 --> CodeIgniter\HTTP\Exceptions\HTTPException: 6 : Could not resolve host: api.example.com
[Method: POST, Route: auth/login]
in SYSTEMPATH\HTTP\CURLRequest.php on line 709.
 1 SYSTEMPATH\HTTP\CURLRequest.php(709): CodeIgniter\HTTP\Exceptions\HTTPException::forCurlError('6', 'Could not resolve host: api.example.com')
 2 SYSTEMPATH\HTTP\CURLRequest.php(383): CodeIgniter\HTTP\CURLRequest->sendRequest([...])
 3 SYSTEMPATH\HTTP\CURLRequest.php(152): CodeIgniter\HTTP\CURLRequest->send('POST', 'https://api.example.com/login')
 4 SYSTEMPATH\HTTP\CURLRequest.php(227): CodeIgniter\HTTP\CURLRequest->request('POST', 'https://api.example.com/login', [...])
 5 APPPATH\Controllers\AuthController.php(78): CodeIgniter\HTTP\CURLRequest->post('https://api.example.com/login', [...])
 6 SYSTEMPATH\CodeIgniter.php(933): App\Controllers\AuthController->login()
 7 SYSTEMPATH\CodeIgniter.php(507): CodeIgniter\CodeIgniter->runController(Object(App\Controllers\AuthController))
 8 SYSTEMPATH\CodeIgniter.php(354): CodeIgniter\CodeIgniter->handleRequest(null, Object(Config\Cache), false)
 9 SYSTEMPATH\Boot.php(334): CodeIgniter\CodeIgniter->run()
10 SYSTEMPATH\Boot.php(67): CodeIgniter\Boot::runCodeIgniter(Object(CodeIgniter\CodeIgniter))
11 FCPATH\index.php(56): CodeIgniter\Boot::bootWeb(Object(Config\Paths))
12 SYSTEMPATH\rewrite.php(44): require_once('C:\\laragon\\www\\HIS PPOB-Muhammad Rizal Fauzi\\public\\index.php')
CRITICAL - 2025-03-12 15:51:45 --> Error: Class "App\Controllers\UserModel" not found
[Method: POST, Route: auth/login]
in APPPATH\Controllers\AuthController.php on line 75.
 1 SYSTEMPATH\CodeIgniter.php(933): App\Controllers\AuthController->login()
 2 SYSTEMPATH\CodeIgniter.php(507): CodeIgniter\CodeIgniter->runController(Object(App\Controllers\AuthController))
 3 SYSTEMPATH\CodeIgniter.php(354): CodeIgniter\CodeIgniter->handleRequest(null, Object(Config\Cache), false)
 4 SYSTEMPATH\Boot.php(334): CodeIgniter\CodeIgniter->run()
 5 SYSTEMPATH\Boot.php(67): CodeIgniter\Boot::runCodeIgniter(Object(CodeIgniter\CodeIgniter))
 6 FCPATH\index.php(56): CodeIgniter\Boot::bootWeb(Object(Config\Paths))
 7 SYSTEMPATH\rewrite.php(44): require_once('C:\\laragon\\www\\HIS PPOB-Muhammad Rizal Fauzi\\public\\index.php')
CRITICAL - 2025-03-12 16:51:41 --> CodeIgniter\HTTP\Exceptions\HTTPException: 22 : The requested URL returned error: 404
[Method: GET, Route: dashboard]
in SYSTEMPATH\HTTP\CURLRequest.php on line 709.
 1 SYSTEMPATH\HTTP\CURLRequest.php(709): CodeIgniter\HTTP\Exceptions\HTTPException::forCurlError('22', 'The requested URL returned error: 404')
 2 SYSTEMPATH\HTTP\CURLRequest.php(383): CodeIgniter\HTTP\CURLRequest->sendRequest([...])
 3 SYSTEMPATH\HTTP\CURLRequest.php(152): CodeIgniter\HTTP\CURLRequest->send('GET', 'https://api-doc-tht.nutech-integrasi.com/banner')
 4 SYSTEMPATH\HTTP\CURLRequest.php(187): CodeIgniter\HTTP\CURLRequest->request('GET', 'https://api-doc-tht.nutech-integrasi.com/banner', [])
 5 APPPATH\Controllers\DashboardController.php(17): CodeIgniter\HTTP\CURLRequest->get('https://api-doc-tht.nutech-integrasi.com/banner')
 6 SYSTEMPATH\CodeIgniter.php(933): App\Controllers\DashboardController->index()
 7 SYSTEMPATH\CodeIgniter.php(507): CodeIgniter\CodeIgniter->runController(Object(App\Controllers\DashboardController))
 8 SYSTEMPATH\CodeIgniter.php(354): CodeIgniter\CodeIgniter->handleRequest(null, Object(Config\Cache), false)
 9 SYSTEMPATH\Boot.php(334): CodeIgniter\CodeIgniter->run()
10 SYSTEMPATH\Boot.php(67): CodeIgniter\Boot::runCodeIgniter(Object(CodeIgniter\CodeIgniter))
11 FCPATH\index.php(56): CodeIgniter\Boot::bootWeb(Object(Config\Paths))
12 SYSTEMPATH\rewrite.php(44): require_once('C:\\laragon\\www\\HIS PPOB-Muhammad Rizal Fauzi\\public\\index.php')
CRITICAL - 2025-03-12 16:53:34 --> CodeIgniter\HTTP\Exceptions\HTTPException: 22 : The requested URL returned error: 404
[Method: GET, Route: dashboard]
in SYSTEMPATH\HTTP\CURLRequest.php on line 709.
 1 SYSTEMPATH\HTTP\CURLRequest.php(709): CodeIgniter\HTTP\Exceptions\HTTPException::forCurlError('22', 'The requested URL returned error: 404')
 2 SYSTEMPATH\HTTP\CURLRequest.php(383): CodeIgniter\HTTP\CURLRequest->sendRequest([...])
 3 SYSTEMPATH\HTTP\CURLRequest.php(152): CodeIgniter\HTTP\CURLRequest->send('GET', 'https://api-doc-tht.nutech-integrasi.com/banner')
 4 SYSTEMPATH\HTTP\CURLRequest.php(187): CodeIgniter\HTTP\CURLRequest->request('GET', 'https://api-doc-tht.nutech-integrasi.com/banner', [])
 5 APPPATH\Controllers\DashboardController.php(17): CodeIgniter\HTTP\CURLRequest->get('https://api-doc-tht.nutech-integrasi.com/banner')
 6 SYSTEMPATH\CodeIgniter.php(933): App\Controllers\DashboardController->index()
 7 SYSTEMPATH\CodeIgniter.php(507): CodeIgniter\CodeIgniter->runController(Object(App\Controllers\DashboardController))
 8 SYSTEMPATH\CodeIgniter.php(354): CodeIgniter\CodeIgniter->handleRequest(null, Object(Config\Cache), false)
 9 SYSTEMPATH\Boot.php(334): CodeIgniter\CodeIgniter->run()
10 SYSTEMPATH\Boot.php(67): CodeIgniter\Boot::runCodeIgniter(Object(CodeIgniter\CodeIgniter))
11 FCPATH\index.php(56): CodeIgniter\Boot::bootWeb(Object(Config\Paths))
12 SYSTEMPATH\rewrite.php(44): require_once('C:\\laragon\\www\\HIS PPOB-Muhammad Rizal Fauzi\\public\\index.php')
CRITICAL - 2025-03-12 16:55:14 --> CodeIgniter\HTTP\Exceptions\HTTPException: 22 : The requested URL returned error: 404
[Method: GET, Route: dashboard]
in SYSTEMPATH\HTTP\CURLRequest.php on line 709.
 1 SYSTEMPATH\HTTP\CURLRequest.php(709): CodeIgniter\HTTP\Exceptions\HTTPException::forCurlError('22', 'The requested URL returned error: 404')
 2 SYSTEMPATH\HTTP\CURLRequest.php(383): CodeIgniter\HTTP\CURLRequest->sendRequest([...])
 3 SYSTEMPATH\HTTP\CURLRequest.php(152): CodeIgniter\HTTP\CURLRequest->send('GET', 'https://api-doc-tht.nutech-integrasi.com/banner')
 4 SYSTEMPATH\HTTP\CURLRequest.php(187): CodeIgniter\HTTP\CURLRequest->request('GET', 'https://api-doc-tht.nutech-integrasi.com/banner', [])
 5 APPPATH\Controllers\DashboardController.php(17): CodeIgniter\HTTP\CURLRequest->get('https://api-doc-tht.nutech-integrasi.com/banner')
 6 SYSTEMPATH\CodeIgniter.php(933): App\Controllers\DashboardController->index()
 7 SYSTEMPATH\CodeIgniter.php(507): CodeIgniter\CodeIgniter->runController(Object(App\Controllers\DashboardController))
 8 SYSTEMPATH\CodeIgniter.php(354): CodeIgniter\CodeIgniter->handleRequest(null, Object(Config\Cache), false)
 9 SYSTEMPATH\Boot.php(334): CodeIgniter\CodeIgniter->run()
10 SYSTEMPATH\Boot.php(67): CodeIgniter\Boot::runCodeIgniter(Object(CodeIgniter\CodeIgniter))
11 FCPATH\index.php(56): CodeIgniter\Boot::bootWeb(Object(Config\Paths))
12 SYSTEMPATH\rewrite.php(44): require_once('C:\\laragon\\www\\HIS PPOB-Muhammad Rizal Fauzi\\public\\index.php')
CRITICAL - 2025-03-12 16:55:55 --> CodeIgniter\HTTP\Exceptions\HTTPException: 22 : The requested URL returned error: 404
[Method: GET, Route: dashboard]
in SYSTEMPATH\HTTP\CURLRequest.php on line 709.
 1 SYSTEMPATH\HTTP\CURLRequest.php(709): CodeIgniter\HTTP\Exceptions\HTTPException::forCurlError('22', 'The requested URL returned error: 404')
 2 SYSTEMPATH\HTTP\CURLRequest.php(383): CodeIgniter\HTTP\CURLRequest->sendRequest([...])
 3 SYSTEMPATH\HTTP\CURLRequest.php(152): CodeIgniter\HTTP\CURLRequest->send('GET', 'https://api-doc-tht.nutech-integrasi.com/banner')
 4 SYSTEMPATH\HTTP\CURLRequest.php(187): CodeIgniter\HTTP\CURLRequest->request('GET', 'https://api-doc-tht.nutech-integrasi.com/banner', [])
 5 APPPATH\Controllers\DashboardController.php(17): CodeIgniter\HTTP\CURLRequest->get('https://api-doc-tht.nutech-integrasi.com/banner')
 6 SYSTEMPATH\CodeIgniter.php(933): App\Controllers\DashboardController->index()
 7 SYSTEMPATH\CodeIgniter.php(507): CodeIgniter\CodeIgniter->runController(Object(App\Controllers\DashboardController))
 8 SYSTEMPATH\CodeIgniter.php(354): CodeIgniter\CodeIgniter->handleRequest(null, Object(Config\Cache), false)
 9 SYSTEMPATH\Boot.php(334): CodeIgniter\CodeIgniter->run()
10 SYSTEMPATH\Boot.php(67): CodeIgniter\Boot::runCodeIgniter(Object(CodeIgniter\CodeIgniter))
11 FCPATH\index.php(56): CodeIgniter\Boot::bootWeb(Object(Config\Paths))
12 SYSTEMPATH\rewrite.php(44): require_once('C:\\laragon\\www\\HIS PPOB-Muhammad Rizal Fauzi\\public\\index.php')
CRITICAL - 2025-03-12 16:56:03 --> CodeIgniter\HTTP\Exceptions\HTTPException: 22 : The requested URL returned error: 404
[Method: GET, Route: dashboard]
in SYSTEMPATH\HTTP\CURLRequest.php on line 709.
 1 SYSTEMPATH\HTTP\CURLRequest.php(709): CodeIgniter\HTTP\Exceptions\HTTPException::forCurlError('22', 'The requested URL returned error: 404')
 2 SYSTEMPATH\HTTP\CURLRequest.php(383): CodeIgniter\HTTP\CURLRequest->sendRequest([...])
 3 SYSTEMPATH\HTTP\CURLRequest.php(152): CodeIgniter\HTTP\CURLRequest->send('GET', 'https://api-doc-tht.nutech-integrasi.com/banner')
 4 SYSTEMPATH\HTTP\CURLRequest.php(187): CodeIgniter\HTTP\CURLRequest->request('GET', 'https://api-doc-tht.nutech-integrasi.com/banner', [])
 5 APPPATH\Controllers\DashboardController.php(17): CodeIgniter\HTTP\CURLRequest->get('https://api-doc-tht.nutech-integrasi.com/banner')
 6 SYSTEMPATH\CodeIgniter.php(933): App\Controllers\DashboardController->index()
 7 SYSTEMPATH\CodeIgniter.php(507): CodeIgniter\CodeIgniter->runController(Object(App\Controllers\DashboardController))
 8 SYSTEMPATH\CodeIgniter.php(354): CodeIgniter\CodeIgniter->handleRequest(null, Object(Config\Cache), false)
 9 SYSTEMPATH\Boot.php(334): CodeIgniter\CodeIgniter->run()
10 SYSTEMPATH\Boot.php(67): CodeIgniter\Boot::runCodeIgniter(Object(CodeIgniter\CodeIgniter))
11 FCPATH\index.php(56): CodeIgniter\Boot::bootWeb(Object(Config\Paths))
12 SYSTEMPATH\rewrite.php(44): require_once('C:\\laragon\\www\\HIS PPOB-Muhammad Rizal Fauzi\\public\\index.php')
CRITICAL - 2025-03-12 16:57:18 --> CodeIgniter\HTTP\Exceptions\HTTPException: 22 : The requested URL returned error: 404
[Method: GET, Route: dashboard]
in SYSTEMPATH\HTTP\CURLRequest.php on line 709.
 1 SYSTEMPATH\HTTP\CURLRequest.php(709): CodeIgniter\HTTP\Exceptions\HTTPException::forCurlError('22', 'The requested URL returned error: 404')
 2 SYSTEMPATH\HTTP\CURLRequest.php(383): CodeIgniter\HTTP\CURLRequest->sendRequest([...])
 3 SYSTEMPATH\HTTP\CURLRequest.php(152): CodeIgniter\HTTP\CURLRequest->send('GET', 'https://api-doc-tht.nutech-integrasi.com/banner')
 4 SYSTEMPATH\HTTP\CURLRequest.php(187): CodeIgniter\HTTP\CURLRequest->request('GET', 'https://api-doc-tht.nutech-integrasi.com/banner', [])
 5 APPPATH\Controllers\DashboardController.php(17): CodeIgniter\HTTP\CURLRequest->get('https://api-doc-tht.nutech-integrasi.com/banner')
 6 SYSTEMPATH\CodeIgniter.php(933): App\Controllers\DashboardController->index()
 7 SYSTEMPATH\CodeIgniter.php(507): CodeIgniter\CodeIgniter->runController(Object(App\Controllers\DashboardController))
 8 SYSTEMPATH\CodeIgniter.php(354): CodeIgniter\CodeIgniter->handleRequest(null, Object(Config\Cache), false)
 9 SYSTEMPATH\Boot.php(334): CodeIgniter\CodeIgniter->run()
10 SYSTEMPATH\Boot.php(67): CodeIgniter\Boot::runCodeIgniter(Object(CodeIgniter\CodeIgniter))
11 FCPATH\index.php(56): CodeIgniter\Boot::bootWeb(Object(Config\Paths))
12 SYSTEMPATH\rewrite.php(44): require_once('C:\\laragon\\www\\HIS PPOB-Muhammad Rizal Fauzi\\public\\index.php')
CRITICAL - 2025-03-12 16:57:54 --> ErrorException: Undefined variable $banners
[Method: GET, Route: dashboard]
in APPPATH\Views\Dashboard\dashboard.php on line 62.
 1 APPPATH\Views\Dashboard\dashboard.php(62): CodeIgniter\Debug\Exceptions->errorHandler(2, 'Undefined variable $banners', 'C:\\laragon\\www\\HIS PPOB-Muhammad Rizal Fauzi\\app\\Views\\Dashboard\\dashboard.php', 62)
 2 SYSTEMPATH\View\View.php(224): include('C:\\laragon\\www\\HIS PPOB-Muhammad Rizal Fauzi\\app\\Views\\Dashboard\\dashboard.php')
 3 SYSTEMPATH\View\View.php(227): CodeIgniter\View\View->{closure:CodeIgniter\View\View::render():221}()
 4 SYSTEMPATH\Common.php(1173): CodeIgniter\View\View->render('dashboard/dashboard', [], true)
 5 APPPATH\Controllers\DashboardController.php(9): view('dashboard/dashboard')
 6 SYSTEMPATH\CodeIgniter.php(933): App\Controllers\DashboardController->index()
 7 SYSTEMPATH\CodeIgniter.php(507): CodeIgniter\CodeIgniter->runController(Object(App\Controllers\DashboardController))
 8 SYSTEMPATH\CodeIgniter.php(354): CodeIgniter\CodeIgniter->handleRequest(null, Object(Config\Cache), false)
 9 SYSTEMPATH\Boot.php(334): CodeIgniter\CodeIgniter->run()
10 SYSTEMPATH\Boot.php(67): CodeIgniter\Boot::runCodeIgniter(Object(CodeIgniter\CodeIgniter))
11 FCPATH\index.php(56): CodeIgniter\Boot::bootWeb(Object(Config\Paths))
12 SYSTEMPATH\rewrite.php(44): require_once('C:\\laragon\\www\\HIS PPOB-Muhammad Rizal Fauzi\\public\\index.php')
CRITICAL - 2025-03-12 17:02:48 --> CodeIgniter\HTTP\Exceptions\HTTPException: 22 : The requested URL returned error: 404
[Method: GET, Route: dashboard]
in SYSTEMPATH\HTTP\CURLRequest.php on line 709.
 1 SYSTEMPATH\HTTP\CURLRequest.php(709): CodeIgniter\HTTP\Exceptions\HTTPException::forCurlError('22', 'The requested URL returned error: 404')
 2 SYSTEMPATH\HTTP\CURLRequest.php(383): CodeIgniter\HTTP\CURLRequest->sendRequest([...])
 3 SYSTEMPATH\HTTP\CURLRequest.php(152): CodeIgniter\HTTP\CURLRequest->send('GET', 'https://api-doc-tht.nutech-integrasi.com/banner')
 4 SYSTEMPATH\HTTP\CURLRequest.php(187): CodeIgniter\HTTP\CURLRequest->request('GET', 'https://api-doc-tht.nutech-integrasi.com/banner', [])
 5 APPPATH\Controllers\DashboardController.php(17): CodeIgniter\HTTP\CURLRequest->get('https://api-doc-tht.nutech-integrasi.com/banner')
 6 SYSTEMPATH\CodeIgniter.php(933): App\Controllers\DashboardController->index()
 7 SYSTEMPATH\CodeIgniter.php(507): CodeIgniter\CodeIgniter->runController(Object(App\Controllers\DashboardController))
 8 SYSTEMPATH\CodeIgniter.php(354): CodeIgniter\CodeIgniter->handleRequest(null, Object(Config\Cache), false)
 9 SYSTEMPATH\Boot.php(334): CodeIgniter\CodeIgniter->run()
10 SYSTEMPATH\Boot.php(67): CodeIgniter\Boot::runCodeIgniter(Object(CodeIgniter\CodeIgniter))
11 FCPATH\index.php(56): CodeIgniter\Boot::bootWeb(Object(Config\Paths))
12 SYSTEMPATH\rewrite.php(44): require_once('C:\\laragon\\www\\HIS PPOB-Muhammad Rizal Fauzi\\public\\index.php')
CRITICAL - 2025-03-12 17:03:24 --> CodeIgniter\HTTP\Exceptions\HTTPException: 22 : The requested URL returned error: 404
[Method: GET, Route: dashboard]
in SYSTEMPATH\HTTP\CURLRequest.php on line 709.
 1 SYSTEMPATH\HTTP\CURLRequest.php(709): CodeIgniter\HTTP\Exceptions\HTTPException::forCurlError('22', 'The requested URL returned error: 404')
 2 SYSTEMPATH\HTTP\CURLRequest.php(383): CodeIgniter\HTTP\CURLRequest->sendRequest([...])
 3 SYSTEMPATH\HTTP\CURLRequest.php(152): CodeIgniter\HTTP\CURLRequest->send('GET', 'https://api-doc-tht.nutech-integrasi.com/banner')
 4 SYSTEMPATH\HTTP\CURLRequest.php(187): CodeIgniter\HTTP\CURLRequest->request('GET', 'https://api-doc-tht.nutech-integrasi.com/banner', [])
 5 APPPATH\Controllers\DashboardController.php(18): CodeIgniter\HTTP\CURLRequest->get('https://api-doc-tht.nutech-integrasi.com/banner')
 6 SYSTEMPATH\CodeIgniter.php(933): App\Controllers\DashboardController->index()
 7 SYSTEMPATH\CodeIgniter.php(507): CodeIgniter\CodeIgniter->runController(Object(App\Controllers\DashboardController))
 8 SYSTEMPATH\CodeIgniter.php(354): CodeIgniter\CodeIgniter->handleRequest(null, Object(Config\Cache), false)
 9 SYSTEMPATH\Boot.php(334): CodeIgniter\CodeIgniter->run()
10 SYSTEMPATH\Boot.php(67): CodeIgniter\Boot::runCodeIgniter(Object(CodeIgniter\CodeIgniter))
11 FCPATH\index.php(56): CodeIgniter\Boot::bootWeb(Object(Config\Paths))
12 SYSTEMPATH\rewrite.php(44): require_once('C:\\laragon\\www\\HIS PPOB-Muhammad Rizal Fauzi\\public\\index.php')
CRITICAL - 2025-03-12 17:03:49 --> CodeIgniter\HTTP\Exceptions\HTTPException: 22 : The requested URL returned error: 404
[Method: GET, Route: dashboard]
in SYSTEMPATH\HTTP\CURLRequest.php on line 709.
 1 SYSTEMPATH\HTTP\CURLRequest.php(709): CodeIgniter\HTTP\Exceptions\HTTPException::forCurlError('22', 'The requested URL returned error: 404')
 2 SYSTEMPATH\HTTP\CURLRequest.php(383): CodeIgniter\HTTP\CURLRequest->sendRequest([...])
 3 SYSTEMPATH\HTTP\CURLRequest.php(152): CodeIgniter\HTTP\CURLRequest->send('GET', 'https://api-doc-tht.nutech-integrasi.com/banner')
 4 SYSTEMPATH\HTTP\CURLRequest.php(187): CodeIgniter\HTTP\CURLRequest->request('GET', 'https://api-doc-tht.nutech-integrasi.com/banner', [])
 5 APPPATH\Controllers\DashboardController.php(18): CodeIgniter\HTTP\CURLRequest->get('https://api-doc-tht.nutech-integrasi.com/banner')
 6 SYSTEMPATH\CodeIgniter.php(933): App\Controllers\DashboardController->index()
 7 SYSTEMPATH\CodeIgniter.php(507): CodeIgniter\CodeIgniter->runController(Object(App\Controllers\DashboardController))
 8 SYSTEMPATH\CodeIgniter.php(354): CodeIgniter\CodeIgniter->handleRequest(null, Object(Config\Cache), false)
 9 SYSTEMPATH\Boot.php(334): CodeIgniter\CodeIgniter->run()
10 SYSTEMPATH\Boot.php(67): CodeIgniter\Boot::runCodeIgniter(Object(CodeIgniter\CodeIgniter))
11 FCPATH\index.php(56): CodeIgniter\Boot::bootWeb(Object(Config\Paths))
12 SYSTEMPATH\rewrite.php(44): require_once('C:\\laragon\\www\\HIS PPOB-Muhammad Rizal Fauzi\\public\\index.php')
CRITICAL - 2025-03-12 17:05:26 --> ErrorException: Undefined variable $client
[Method: GET, Route: dashboard]
in APPPATH\Controllers\DashboardController.php on line 18.
 1 APPPATH\Controllers\DashboardController.php(18): CodeIgniter\Debug\Exceptions->errorHandler(2, 'Undefined variable $client', 'C:\\laragon\\www\\HIS PPOB-Muhammad Rizal Fauzi\\app\\Controllers\\DashboardController.php', 18)
 2 SYSTEMPATH\CodeIgniter.php(933): App\Controllers\DashboardController->index()
 3 SYSTEMPATH\CodeIgniter.php(507): CodeIgniter\CodeIgniter->runController(Object(App\Controllers\DashboardController))
 4 SYSTEMPATH\CodeIgniter.php(354): CodeIgniter\CodeIgniter->handleRequest(null, Object(Config\Cache), false)
 5 SYSTEMPATH\Boot.php(334): CodeIgniter\CodeIgniter->run()
 6 SYSTEMPATH\Boot.php(67): CodeIgniter\Boot::runCodeIgniter(Object(CodeIgniter\CodeIgniter))
 7 FCPATH\index.php(56): CodeIgniter\Boot::bootWeb(Object(Config\Paths))
 8 SYSTEMPATH\rewrite.php(44): require_once('C:\\laragon\\www\\HIS PPOB-Muhammad Rizal Fauzi\\public\\index.php')
CRITICAL - 2025-03-12 17:05:41 --> CodeIgniter\HTTP\Exceptions\HTTPException: 22 : The requested URL returned error: 404
[Method: GET, Route: dashboard]
in SYSTEMPATH\HTTP\CURLRequest.php on line 709.
 1 SYSTEMPATH\HTTP\CURLRequest.php(709): CodeIgniter\HTTP\Exceptions\HTTPException::forCurlError('22', 'The requested URL returned error: 404')
 2 SYSTEMPATH\HTTP\CURLRequest.php(383): CodeIgniter\HTTP\CURLRequest->sendRequest([...])
 3 SYSTEMPATH\HTTP\CURLRequest.php(152): CodeIgniter\HTTP\CURLRequest->send('GET', 'https://api-doc-tht.nutech-integrasi.com/banner')
 4 SYSTEMPATH\HTTP\CURLRequest.php(187): CodeIgniter\HTTP\CURLRequest->request('GET', 'https://api-doc-tht.nutech-integrasi.com/banner', [])
 5 APPPATH\Controllers\DashboardController.php(18): CodeIgniter\HTTP\CURLRequest->get('https://api-doc-tht.nutech-integrasi.com/banner')
 6 SYSTEMPATH\CodeIgniter.php(933): App\Controllers\DashboardController->index()
 7 SYSTEMPATH\CodeIgniter.php(507): CodeIgniter\CodeIgniter->runController(Object(App\Controllers\DashboardController))
 8 SYSTEMPATH\CodeIgniter.php(354): CodeIgniter\CodeIgniter->handleRequest(null, Object(Config\Cache), false)
 9 SYSTEMPATH\Boot.php(334): CodeIgniter\CodeIgniter->run()
10 SYSTEMPATH\Boot.php(67): CodeIgniter\Boot::runCodeIgniter(Object(CodeIgniter\CodeIgniter))
11 FCPATH\index.php(56): CodeIgniter\Boot::bootWeb(Object(Config\Paths))
12 SYSTEMPATH\rewrite.php(44): require_once('C:\\laragon\\www\\HIS PPOB-Muhammad Rizal Fauzi\\public\\index.php')
CRITICAL - 2025-03-12 17:08:06 --> TypeError: Cannot access offset of type string on string
[Method: GET, Route: dashboard]
in APPPATH\Views\Dashboard\dashboard.php on line 64.
 1 SYSTEMPATH\View\View.php(224): include()
 2 SYSTEMPATH\View\View.php(227): CodeIgniter\View\View->{closure:CodeIgniter\View\View::render():221}()
 3 SYSTEMPATH\Common.php(1173): CodeIgniter\View\View->render('dashboard/dashboard', [], true)
 4 APPPATH\Controllers\DashboardController.php(24): view('dashboard/dashboard', [...])
 5 SYSTEMPATH\CodeIgniter.php(933): App\Controllers\DashboardController->index()
 6 SYSTEMPATH\CodeIgniter.php(507): CodeIgniter\CodeIgniter->runController(Object(App\Controllers\DashboardController))
 7 SYSTEMPATH\CodeIgniter.php(354): CodeIgniter\CodeIgniter->handleRequest(null, Object(Config\Cache), false)
 8 SYSTEMPATH\Boot.php(334): CodeIgniter\CodeIgniter->run()
 9 SYSTEMPATH\Boot.php(67): CodeIgniter\Boot::runCodeIgniter(Object(CodeIgniter\CodeIgniter))
10 FCPATH\index.php(56): CodeIgniter\Boot::bootWeb(Object(Config\Paths))
11 SYSTEMPATH\rewrite.php(44): require_once('C:\\laragon\\www\\HIS PPOB-Muhammad Rizal Fauzi\\public\\index.php')
CRITICAL - 2025-03-12 17:08:20 --> TypeError: Cannot access offset of type string on string
[Method: GET, Route: dashboard]
in APPPATH\Views\Dashboard\dashboard.php on line 64.
 1 SYSTEMPATH\View\View.php(224): include()
 2 SYSTEMPATH\View\View.php(227): CodeIgniter\View\View->{closure:CodeIgniter\View\View::render():221}()
 3 SYSTEMPATH\Common.php(1173): CodeIgniter\View\View->render('dashboard/dashboard', [], true)
 4 APPPATH\Controllers\DashboardController.php(24): view('dashboard/dashboard', [...])
 5 SYSTEMPATH\CodeIgniter.php(933): App\Controllers\DashboardController->index()
 6 SYSTEMPATH\CodeIgniter.php(507): CodeIgniter\CodeIgniter->runController(Object(App\Controllers\DashboardController))
 7 SYSTEMPATH\CodeIgniter.php(354): CodeIgniter\CodeIgniter->handleRequest(null, Object(Config\Cache), false)
 8 SYSTEMPATH\Boot.php(334): CodeIgniter\CodeIgniter->run()
 9 SYSTEMPATH\Boot.php(67): CodeIgniter\Boot::runCodeIgniter(Object(CodeIgniter\CodeIgniter))
10 FCPATH\index.php(56): CodeIgniter\Boot::bootWeb(Object(Config\Paths))
11 SYSTEMPATH\rewrite.php(44): require_once('C:\\laragon\\www\\HIS PPOB-Muhammad Rizal Fauzi\\public\\index.php')
CRITICAL - 2025-03-12 17:15:19 --> TypeError: Cannot access offset of type string on string
[Method: GET, Route: dashboard]
in APPPATH\Views\Dashboard\dashboard.php on line 65.
 1 SYSTEMPATH\View\View.php(224): include()
 2 SYSTEMPATH\View\View.php(227): CodeIgniter\View\View->{closure:CodeIgniter\View\View::render():221}()
 3 SYSTEMPATH\Common.php(1173): CodeIgniter\View\View->render('dashboard/dashboard', [], true)
 4 APPPATH\Controllers\DashboardController.php(24): view('dashboard/dashboard', [...])
 5 SYSTEMPATH\CodeIgniter.php(933): App\Controllers\DashboardController->index()
 6 SYSTEMPATH\CodeIgniter.php(507): CodeIgniter\CodeIgniter->runController(Object(App\Controllers\DashboardController))
 7 SYSTEMPATH\CodeIgniter.php(354): CodeIgniter\CodeIgniter->handleRequest(null, Object(Config\Cache), false)
 8 SYSTEMPATH\Boot.php(334): CodeIgniter\CodeIgniter->run()
 9 SYSTEMPATH\Boot.php(67): CodeIgniter\Boot::runCodeIgniter(Object(CodeIgniter\CodeIgniter))
10 FCPATH\index.php(56): CodeIgniter\Boot::bootWeb(Object(Config\Paths))
11 SYSTEMPATH\rewrite.php(44): require_once('C:\\laragon\\www\\HIS PPOB-Muhammad Rizal Fauzi\\public\\index.php')
CRITICAL - 2025-03-12 17:16:46 --> TypeError: Cannot access offset of type string on string
[Method: GET, Route: dashboard]
in APPPATH\Views\Dashboard\dashboard.php on line 70.
 1 SYSTEMPATH\View\View.php(224): include()
 2 SYSTEMPATH\View\View.php(227): CodeIgniter\View\View->{closure:CodeIgniter\View\View::render():221}()
 3 SYSTEMPATH\Common.php(1173): CodeIgniter\View\View->render('dashboard/dashboard', [], true)
 4 APPPATH\Controllers\DashboardController.php(24): view('dashboard/dashboard', [...])
 5 SYSTEMPATH\CodeIgniter.php(933): App\Controllers\DashboardController->index()
 6 SYSTEMPATH\CodeIgniter.php(507): CodeIgniter\CodeIgniter->runController(Object(App\Controllers\DashboardController))
 7 SYSTEMPATH\CodeIgniter.php(354): CodeIgniter\CodeIgniter->handleRequest(null, Object(Config\Cache), false)
 8 SYSTEMPATH\Boot.php(334): CodeIgniter\CodeIgniter->run()
 9 SYSTEMPATH\Boot.php(67): CodeIgniter\Boot::runCodeIgniter(Object(CodeIgniter\CodeIgniter))
10 FCPATH\index.php(56): CodeIgniter\Boot::bootWeb(Object(Config\Paths))
11 SYSTEMPATH\rewrite.php(44): require_once('C:\\laragon\\www\\HIS PPOB-Muhammad Rizal Fauzi\\public\\index.php')
CRITICAL - 2025-03-12 17:17:17 --> ErrorException: Undefined variable $apiResponse
[Method: GET, Route: dashboard]
in APPPATH\Controllers\DashboardController.php on line 22.
 1 APPPATH\Controllers\DashboardController.php(22): CodeIgniter\Debug\Exceptions->errorHandler(2, 'Undefined variable $apiResponse', 'C:\\laragon\\www\\HIS PPOB-Muhammad Rizal Fauzi\\app\\Controllers\\DashboardController.php', 22)
 2 SYSTEMPATH\CodeIgniter.php(933): App\Controllers\DashboardController->index()
 3 SYSTEMPATH\CodeIgniter.php(507): CodeIgniter\CodeIgniter->runController(Object(App\Controllers\DashboardController))
 4 SYSTEMPATH\CodeIgniter.php(354): CodeIgniter\CodeIgniter->handleRequest(null, Object(Config\Cache), false)
 5 SYSTEMPATH\Boot.php(334): CodeIgniter\CodeIgniter->run()
 6 SYSTEMPATH\Boot.php(67): CodeIgniter\Boot::runCodeIgniter(Object(CodeIgniter\CodeIgniter))
 7 FCPATH\index.php(56): CodeIgniter\Boot::bootWeb(Object(Config\Paths))
 8 SYSTEMPATH\rewrite.php(44): require_once('C:\\laragon\\www\\HIS PPOB-Muhammad Rizal Fauzi\\public\\index.php')
ERROR - 2025-03-12 17:58:30 --> Error connecting to the database: mysqli_sql_exception: Access denied for user 'root'@'localhost' (using password: YES) in C:\laragon\www\HIS PPOB-Muhammad Rizal Fauzi\system\Database\MySQLi\Connection.php:201
Stack trace:
#0 C:\laragon\www\HIS PPOB-Muhammad Rizal Fauzi\system\Database\MySQLi\Connection.php(201): mysqli->real_connect('localhost', 'root', Object(SensitiveParameterValue), 'ci4', 3306, '', 0)
#1 C:\laragon\www\HIS PPOB-Muhammad Rizal Fauzi\system\Database\BaseConnection.php(421): CodeIgniter\Database\MySQLi\Connection->connect(false)
#2 C:\laragon\www\HIS PPOB-Muhammad Rizal Fauzi\system\Database\BaseConnection.php(620): CodeIgniter\Database\BaseConnection->initialize()
#3 C:\laragon\www\HIS PPOB-Muhammad Rizal Fauzi\system\Database\BaseBuilder.php(1649): CodeIgniter\Database\BaseConnection->query('SELECT *\nFROM `...', Array, false)
#4 C:\laragon\www\HIS PPOB-Muhammad Rizal Fauzi\system\Model.php(286): CodeIgniter\Database\BaseBuilder->get()
#5 C:\laragon\www\HIS PPOB-Muhammad Rizal Fauzi\system\BaseModel.php(675): CodeIgniter\Model->doFindAll(0, 0)
#6 C:\laragon\www\HIS PPOB-Muhammad Rizal Fauzi\app\Controllers\DashboardController.php(13): CodeIgniter\BaseModel->findAll()
#7 C:\laragon\www\HIS PPOB-Muhammad Rizal Fauzi\system\CodeIgniter.php(933): App\Controllers\DashboardController->index()
#8 C:\laragon\www\HIS PPOB-Muhammad Rizal Fauzi\system\CodeIgniter.php(507): CodeIgniter\CodeIgniter->runController(Object(App\Controllers\DashboardController))
#9 C:\laragon\www\HIS PPOB-Muhammad Rizal Fauzi\system\CodeIgniter.php(354): CodeIgniter\CodeIgniter->handleRequest(NULL, Object(Config\Cache), false)
#10 C:\laragon\www\HIS PPOB-Muhammad Rizal Fauzi\system\Boot.php(334): CodeIgniter\CodeIgniter->run()
#11 C:\laragon\www\HIS PPOB-Muhammad Rizal Fauzi\system\Boot.php(67): CodeIgniter\Boot::runCodeIgniter(Object(CodeIgniter\CodeIgniter))
#12 C:\laragon\www\HIS PPOB-Muhammad Rizal Fauzi\public\index.php(56): CodeIgniter\Boot::bootWeb(Object(Config\Paths))
#13 C:\laragon\www\HIS PPOB-Muhammad Rizal Fauzi\system\rewrite.php(44): require_once('C:\\laragon\\www\\...')
#14 {main}

Next CodeIgniter\Database\Exceptions\DatabaseException: Access denied for user '****'@'localhost' (using password: YES) in C:\laragon\www\HIS PPOB-Muhammad Rizal Fauzi\system\Database\MySQLi\Connection.php:246
Stack trace:
#0 C:\laragon\www\HIS PPOB-Muhammad Rizal Fauzi\system\Database\BaseConnection.php(421): CodeIgniter\Database\MySQLi\Connection->connect(false)
#1 C:\laragon\www\HIS PPOB-Muhammad Rizal Fauzi\system\Database\BaseConnection.php(620): CodeIgniter\Database\BaseConnection->initialize()
#2 C:\laragon\www\HIS PPOB-Muhammad Rizal Fauzi\system\Database\BaseBuilder.php(1649): CodeIgniter\Database\BaseConnection->query('SELECT *\nFROM `...', Array, false)
#3 C:\laragon\www\HIS PPOB-Muhammad Rizal Fauzi\system\Model.php(286): CodeIgniter\Database\BaseBuilder->get()
#4 C:\laragon\www\HIS PPOB-Muhammad Rizal Fauzi\system\BaseModel.php(675): CodeIgniter\Model->doFindAll(0, 0)
#5 C:\laragon\www\HIS PPOB-Muhammad Rizal Fauzi\app\Controllers\DashboardController.php(13): CodeIgniter\BaseModel->findAll()
#6 C:\laragon\www\HIS PPOB-Muhammad Rizal Fauzi\system\CodeIgniter.php(933): App\Controllers\DashboardController->index()
#7 C:\laragon\www\HIS PPOB-Muhammad Rizal Fauzi\system\CodeIgniter.php(507): CodeIgniter\CodeIgniter->runController(Object(App\Controllers\DashboardController))
#8 C:\laragon\www\HIS PPOB-Muhammad Rizal Fauzi\system\CodeIgniter.php(354): CodeIgniter\CodeIgniter->handleRequest(NULL, Object(Config\Cache), false)
#9 C:\laragon\www\HIS PPOB-Muhammad Rizal Fauzi\system\Boot.php(334): CodeIgniter\CodeIgniter->run()
#10 C:\laragon\www\HIS PPOB-Muhammad Rizal Fauzi\system\Boot.php(67): CodeIgniter\Boot::runCodeIgniter(Object(CodeIgniter\CodeIgniter))
#11 C:\laragon\www\HIS PPOB-Muhammad Rizal Fauzi\public\index.php(56): CodeIgniter\Boot::bootWeb(Object(Config\Paths))
#12 C:\laragon\www\HIS PPOB-Muhammad Rizal Fauzi\system\rewrite.php(44): require_once('C:\\laragon\\www\\...')
#13 {main}
CRITICAL - 2025-03-12 17:58:30 --> CodeIgniter\Database\Exceptions\DatabaseException: Unable to connect to the database.
Main connection [MySQLi]: Access denied for user '****'@'localhost' (using password: YES)
[Method: GET, Route: dashboard]
in SYSTEMPATH\Database\BaseConnection.php on line 467.
 1 SYSTEMPATH\Database\BaseConnection.php(620): CodeIgniter\Database\BaseConnection->initialize()
 2 SYSTEMPATH\Database\BaseBuilder.php(1649): CodeIgniter\Database\BaseConnection->query('SELECT *
FROM `banners`', [], false)
 3 SYSTEMPATH\Model.php(286): CodeIgniter\Database\BaseBuilder->get()
 4 SYSTEMPATH\BaseModel.php(675): CodeIgniter\Model->doFindAll(0, 0)
 5 APPPATH\Controllers\DashboardController.php(13): CodeIgniter\BaseModel->findAll()
 6 SYSTEMPATH\CodeIgniter.php(933): App\Controllers\DashboardController->index()
 7 SYSTEMPATH\CodeIgniter.php(507): CodeIgniter\CodeIgniter->runController(Object(App\Controllers\DashboardController))
 8 SYSTEMPATH\CodeIgniter.php(354): CodeIgniter\CodeIgniter->handleRequest(null, Object(Config\Cache), false)
 9 SYSTEMPATH\Boot.php(334): CodeIgniter\CodeIgniter->run()
10 SYSTEMPATH\Boot.php(67): CodeIgniter\Boot::runCodeIgniter(Object(CodeIgniter\CodeIgniter))
11 FCPATH\index.php(56): CodeIgniter\Boot::bootWeb(Object(Config\Paths))
12 SYSTEMPATH\rewrite.php(44): require_once('C:\\laragon\\www\\HIS PPOB-Muhammad Rizal Fauzi\\public\\index.php')
ERROR - 2025-03-12 17:59:13 --> Error connecting to the database: mysqli_sql_exception: Access denied for user 'root'@'localhost' (using password: YES) in C:\laragon\www\HIS PPOB-Muhammad Rizal Fauzi\system\Database\MySQLi\Connection.php:201
Stack trace:
#0 C:\laragon\www\HIS PPOB-Muhammad Rizal Fauzi\system\Database\MySQLi\Connection.php(201): mysqli->real_connect('localhost', 'root', Object(SensitiveParameterValue), 'ci4', 3306, '', 0)
#1 C:\laragon\www\HIS PPOB-Muhammad Rizal Fauzi\system\Database\BaseConnection.php(421): CodeIgniter\Database\MySQLi\Connection->connect(false)
#2 C:\laragon\www\HIS PPOB-Muhammad Rizal Fauzi\system\Database\BaseConnection.php(620): CodeIgniter\Database\BaseConnection->initialize()
#3 C:\laragon\www\HIS PPOB-Muhammad Rizal Fauzi\system\Database\BaseBuilder.php(1649): CodeIgniter\Database\BaseConnection->query('SELECT *\nFROM `...', Array, false)
#4 C:\laragon\www\HIS PPOB-Muhammad Rizal Fauzi\system\Model.php(286): CodeIgniter\Database\BaseBuilder->get()
#5 C:\laragon\www\HIS PPOB-Muhammad Rizal Fauzi\system\BaseModel.php(675): CodeIgniter\Model->doFindAll(0, 0)
#6 C:\laragon\www\HIS PPOB-Muhammad Rizal Fauzi\app\Controllers\DashboardController.php(13): CodeIgniter\BaseModel->findAll()
#7 C:\laragon\www\HIS PPOB-Muhammad Rizal Fauzi\system\CodeIgniter.php(933): App\Controllers\DashboardController->index()
#8 C:\laragon\www\HIS PPOB-Muhammad Rizal Fauzi\system\CodeIgniter.php(507): CodeIgniter\CodeIgniter->runController(Object(App\Controllers\DashboardController))
#9 C:\laragon\www\HIS PPOB-Muhammad Rizal Fauzi\system\CodeIgniter.php(354): CodeIgniter\CodeIgniter->handleRequest(NULL, Object(Config\Cache), false)
#10 C:\laragon\www\HIS PPOB-Muhammad Rizal Fauzi\system\Boot.php(334): CodeIgniter\CodeIgniter->run()
#11 C:\laragon\www\HIS PPOB-Muhammad Rizal Fauzi\system\Boot.php(67): CodeIgniter\Boot::runCodeIgniter(Object(CodeIgniter\CodeIgniter))
#12 C:\laragon\www\HIS PPOB-Muhammad Rizal Fauzi\public\index.php(56): CodeIgniter\Boot::bootWeb(Object(Config\Paths))
#13 C:\laragon\www\HIS PPOB-Muhammad Rizal Fauzi\system\rewrite.php(44): require_once('C:\\laragon\\www\\...')
#14 {main}

Next CodeIgniter\Database\Exceptions\DatabaseException: Access denied for user '****'@'localhost' (using password: YES) in C:\laragon\www\HIS PPOB-Muhammad Rizal Fauzi\system\Database\MySQLi\Connection.php:246
Stack trace:
#0 C:\laragon\www\HIS PPOB-Muhammad Rizal Fauzi\system\Database\BaseConnection.php(421): CodeIgniter\Database\MySQLi\Connection->connect(false)
#1 C:\laragon\www\HIS PPOB-Muhammad Rizal Fauzi\system\Database\BaseConnection.php(620): CodeIgniter\Database\BaseConnection->initialize()
#2 C:\laragon\www\HIS PPOB-Muhammad Rizal Fauzi\system\Database\BaseBuilder.php(1649): CodeIgniter\Database\BaseConnection->query('SELECT *\nFROM `...', Array, false)
#3 C:\laragon\www\HIS PPOB-Muhammad Rizal Fauzi\system\Model.php(286): CodeIgniter\Database\BaseBuilder->get()
#4 C:\laragon\www\HIS PPOB-Muhammad Rizal Fauzi\system\BaseModel.php(675): CodeIgniter\Model->doFindAll(0, 0)
#5 C:\laragon\www\HIS PPOB-Muhammad Rizal Fauzi\app\Controllers\DashboardController.php(13): CodeIgniter\BaseModel->findAll()
#6 C:\laragon\www\HIS PPOB-Muhammad Rizal Fauzi\system\CodeIgniter.php(933): App\Controllers\DashboardController->index()
#7 C:\laragon\www\HIS PPOB-Muhammad Rizal Fauzi\system\CodeIgniter.php(507): CodeIgniter\CodeIgniter->runController(Object(App\Controllers\DashboardController))
#8 C:\laragon\www\HIS PPOB-Muhammad Rizal Fauzi\system\CodeIgniter.php(354): CodeIgniter\CodeIgniter->handleRequest(NULL, Object(Config\Cache), false)
#9 C:\laragon\www\HIS PPOB-Muhammad Rizal Fauzi\system\Boot.php(334): CodeIgniter\CodeIgniter->run()
#10 C:\laragon\www\HIS PPOB-Muhammad Rizal Fauzi\system\Boot.php(67): CodeIgniter\Boot::runCodeIgniter(Object(CodeIgniter\CodeIgniter))
#11 C:\laragon\www\HIS PPOB-Muhammad Rizal Fauzi\public\index.php(56): CodeIgniter\Boot::bootWeb(Object(Config\Paths))
#12 C:\laragon\www\HIS PPOB-Muhammad Rizal Fauzi\system\rewrite.php(44): require_once('C:\\laragon\\www\\...')
#13 {main}
CRITICAL - 2025-03-12 17:59:13 --> CodeIgniter\Database\Exceptions\DatabaseException: Unable to connect to the database.
Main connection [MySQLi]: Access denied for user '****'@'localhost' (using password: YES)
[Method: GET, Route: dashboard]
in SYSTEMPATH\Database\BaseConnection.php on line 467.
 1 SYSTEMPATH\Database\BaseConnection.php(620): CodeIgniter\Database\BaseConnection->initialize()
 2 SYSTEMPATH\Database\BaseBuilder.php(1649): CodeIgniter\Database\BaseConnection->query('SELECT *
FROM `banners`', [], false)
 3 SYSTEMPATH\Model.php(286): CodeIgniter\Database\BaseBuilder->get()
 4 SYSTEMPATH\BaseModel.php(675): CodeIgniter\Model->doFindAll(0, 0)
 5 APPPATH\Controllers\DashboardController.php(13): CodeIgniter\BaseModel->findAll()
 6 SYSTEMPATH\CodeIgniter.php(933): App\Controllers\DashboardController->index()
 7 SYSTEMPATH\CodeIgniter.php(507): CodeIgniter\CodeIgniter->runController(Object(App\Controllers\DashboardController))
 8 SYSTEMPATH\CodeIgniter.php(354): CodeIgniter\CodeIgniter->handleRequest(null, Object(Config\Cache), false)
 9 SYSTEMPATH\Boot.php(334): CodeIgniter\CodeIgniter->run()
10 SYSTEMPATH\Boot.php(67): CodeIgniter\Boot::runCodeIgniter(Object(CodeIgniter\CodeIgniter))
11 FCPATH\index.php(56): CodeIgniter\Boot::bootWeb(Object(Config\Paths))
12 SYSTEMPATH\rewrite.php(44): require_once('C:\\laragon\\www\\HIS PPOB-Muhammad Rizal Fauzi\\public\\index.php')
ERROR - 2025-03-12 17:59:37 --> Error connecting to the database: mysqli_sql_exception: Unknown database 'ci4' in C:\laragon\www\HIS PPOB-Muhammad Rizal Fauzi\system\Database\MySQLi\Connection.php:201
Stack trace:
#0 C:\laragon\www\HIS PPOB-Muhammad Rizal Fauzi\system\Database\MySQLi\Connection.php(201): mysqli->real_connect('localhost', 'root', Object(SensitiveParameterValue), 'ci4', 3306, '', 0)
#1 C:\laragon\www\HIS PPOB-Muhammad Rizal Fauzi\system\Database\BaseConnection.php(421): CodeIgniter\Database\MySQLi\Connection->connect(false)
#2 C:\laragon\www\HIS PPOB-Muhammad Rizal Fauzi\system\Database\BaseConnection.php(620): CodeIgniter\Database\BaseConnection->initialize()
#3 C:\laragon\www\HIS PPOB-Muhammad Rizal Fauzi\system\Database\BaseBuilder.php(1649): CodeIgniter\Database\BaseConnection->query('SELECT *\nFROM `...', Array, false)
#4 C:\laragon\www\HIS PPOB-Muhammad Rizal Fauzi\system\Model.php(286): CodeIgniter\Database\BaseBuilder->get()
#5 C:\laragon\www\HIS PPOB-Muhammad Rizal Fauzi\system\BaseModel.php(675): CodeIgniter\Model->doFindAll(0, 0)
#6 C:\laragon\www\HIS PPOB-Muhammad Rizal Fauzi\app\Controllers\DashboardController.php(13): CodeIgniter\BaseModel->findAll()
#7 C:\laragon\www\HIS PPOB-Muhammad Rizal Fauzi\system\CodeIgniter.php(933): App\Controllers\DashboardController->index()
#8 C:\laragon\www\HIS PPOB-Muhammad Rizal Fauzi\system\CodeIgniter.php(507): CodeIgniter\CodeIgniter->runController(Object(App\Controllers\DashboardController))
#9 C:\laragon\www\HIS PPOB-Muhammad Rizal Fauzi\system\CodeIgniter.php(354): CodeIgniter\CodeIgniter->handleRequest(NULL, Object(Config\Cache), false)
#10 C:\laragon\www\HIS PPOB-Muhammad Rizal Fauzi\system\Boot.php(334): CodeIgniter\CodeIgniter->run()
#11 C:\laragon\www\HIS PPOB-Muhammad Rizal Fauzi\system\Boot.php(67): CodeIgniter\Boot::runCodeIgniter(Object(CodeIgniter\CodeIgniter))
#12 C:\laragon\www\HIS PPOB-Muhammad Rizal Fauzi\public\index.php(56): CodeIgniter\Boot::bootWeb(Object(Config\Paths))
#13 C:\laragon\www\HIS PPOB-Muhammad Rizal Fauzi\system\rewrite.php(44): require_once('C:\\laragon\\www\\...')
#14 {main}

Next CodeIgniter\Database\Exceptions\DatabaseException: Unknown database 'ci4' in C:\laragon\www\HIS PPOB-Muhammad Rizal Fauzi\system\Database\MySQLi\Connection.php:246
Stack trace:
#0 C:\laragon\www\HIS PPOB-Muhammad Rizal Fauzi\system\Database\BaseConnection.php(421): CodeIgniter\Database\MySQLi\Connection->connect(false)
#1 C:\laragon\www\HIS PPOB-Muhammad Rizal Fauzi\system\Database\BaseConnection.php(620): CodeIgniter\Database\BaseConnection->initialize()
#2 C:\laragon\www\HIS PPOB-Muhammad Rizal Fauzi\system\Database\BaseBuilder.php(1649): CodeIgniter\Database\BaseConnection->query('SELECT *\nFROM `...', Array, false)
#3 C:\laragon\www\HIS PPOB-Muhammad Rizal Fauzi\system\Model.php(286): CodeIgniter\Database\BaseBuilder->get()
#4 C:\laragon\www\HIS PPOB-Muhammad Rizal Fauzi\system\BaseModel.php(675): CodeIgniter\Model->doFindAll(0, 0)
#5 C:\laragon\www\HIS PPOB-Muhammad Rizal Fauzi\app\Controllers\DashboardController.php(13): CodeIgniter\BaseModel->findAll()
#6 C:\laragon\www\HIS PPOB-Muhammad Rizal Fauzi\system\CodeIgniter.php(933): App\Controllers\DashboardController->index()
#7 C:\laragon\www\HIS PPOB-Muhammad Rizal Fauzi\system\CodeIgniter.php(507): CodeIgniter\CodeIgniter->runController(Object(App\Controllers\DashboardController))
#8 C:\laragon\www\HIS PPOB-Muhammad Rizal Fauzi\system\CodeIgniter.php(354): CodeIgniter\CodeIgniter->handleRequest(NULL, Object(Config\Cache), false)
#9 C:\laragon\www\HIS PPOB-Muhammad Rizal Fauzi\system\Boot.php(334): CodeIgniter\CodeIgniter->run()
#10 C:\laragon\www\HIS PPOB-Muhammad Rizal Fauzi\system\Boot.php(67): CodeIgniter\Boot::runCodeIgniter(Object(CodeIgniter\CodeIgniter))
#11 C:\laragon\www\HIS PPOB-Muhammad Rizal Fauzi\public\index.php(56): CodeIgniter\Boot::bootWeb(Object(Config\Paths))
#12 C:\laragon\www\HIS PPOB-Muhammad Rizal Fauzi\system\rewrite.php(44): require_once('C:\\laragon\\www\\...')
#13 {main}
CRITICAL - 2025-03-12 17:59:37 --> CodeIgniter\Database\Exceptions\DatabaseException: Unable to connect to the database.
Main connection [MySQLi]: Unknown database 'ci4'
[Method: GET, Route: dashboard]
in SYSTEMPATH\Database\BaseConnection.php on line 467.
 1 SYSTEMPATH\Database\BaseConnection.php(620): CodeIgniter\Database\BaseConnection->initialize()
 2 SYSTEMPATH\Database\BaseBuilder.php(1649): CodeIgniter\Database\BaseConnection->query('SELECT *
FROM `banners`', [], false)
 3 SYSTEMPATH\Model.php(286): CodeIgniter\Database\BaseBuilder->get()
 4 SYSTEMPATH\BaseModel.php(675): CodeIgniter\Model->doFindAll(0, 0)
 5 APPPATH\Controllers\DashboardController.php(13): CodeIgniter\BaseModel->findAll()
 6 SYSTEMPATH\CodeIgniter.php(933): App\Controllers\DashboardController->index()
 7 SYSTEMPATH\CodeIgniter.php(507): CodeIgniter\CodeIgniter->runController(Object(App\Controllers\DashboardController))
 8 SYSTEMPATH\CodeIgniter.php(354): CodeIgniter\CodeIgniter->handleRequest(null, Object(Config\Cache), false)
 9 SYSTEMPATH\Boot.php(334): CodeIgniter\CodeIgniter->run()
10 SYSTEMPATH\Boot.php(67): CodeIgniter\Boot::runCodeIgniter(Object(CodeIgniter\CodeIgniter))
11 FCPATH\index.php(56): CodeIgniter\Boot::bootWeb(Object(Config\Paths))
12 SYSTEMPATH\rewrite.php(44): require_once('C:\\laragon\\www\\HIS PPOB-Muhammad Rizal Fauzi\\public\\index.php')
ERROR - 2025-03-12 17:59:45 --> mysqli_sql_exception: Table 'db_sims.banners' doesn't exist in C:\laragon\www\HIS PPOB-Muhammad Rizal Fauzi\system\Database\MySQLi\Connection.php:327
Stack trace:
#0 C:\laragon\www\HIS PPOB-Muhammad Rizal Fauzi\system\Database\MySQLi\Connection.php(327): mysqli->query('SELECT *\nFROM `...', 0)
#1 C:\laragon\www\HIS PPOB-Muhammad Rizal Fauzi\system\Database\BaseConnection.php(738): CodeIgniter\Database\MySQLi\Connection->execute('SELECT *\nFROM `...')
#2 C:\laragon\www\HIS PPOB-Muhammad Rizal Fauzi\system\Database\BaseConnection.php(652): CodeIgniter\Database\BaseConnection->simpleQuery('SELECT *\nFROM `...')
#3 C:\laragon\www\HIS PPOB-Muhammad Rizal Fauzi\system\Database\BaseBuilder.php(1649): CodeIgniter\Database\BaseConnection->query('SELECT *\nFROM `...', Array, false)
#4 C:\laragon\www\HIS PPOB-Muhammad Rizal Fauzi\system\Model.php(286): CodeIgniter\Database\BaseBuilder->get()
#5 C:\laragon\www\HIS PPOB-Muhammad Rizal Fauzi\system\BaseModel.php(675): CodeIgniter\Model->doFindAll(0, 0)
#6 C:\laragon\www\HIS PPOB-Muhammad Rizal Fauzi\app\Controllers\DashboardController.php(13): CodeIgniter\BaseModel->findAll()
#7 C:\laragon\www\HIS PPOB-Muhammad Rizal Fauzi\system\CodeIgniter.php(933): App\Controllers\DashboardController->index()
#8 C:\laragon\www\HIS PPOB-Muhammad Rizal Fauzi\system\CodeIgniter.php(507): CodeIgniter\CodeIgniter->runController(Object(App\Controllers\DashboardController))
#9 C:\laragon\www\HIS PPOB-Muhammad Rizal Fauzi\system\CodeIgniter.php(354): CodeIgniter\CodeIgniter->handleRequest(NULL, Object(Config\Cache), false)
#10 C:\laragon\www\HIS PPOB-Muhammad Rizal Fauzi\system\Boot.php(334): CodeIgniter\CodeIgniter->run()
#11 C:\laragon\www\HIS PPOB-Muhammad Rizal Fauzi\system\Boot.php(67): CodeIgniter\Boot::runCodeIgniter(Object(CodeIgniter\CodeIgniter))
#12 C:\laragon\www\HIS PPOB-Muhammad Rizal Fauzi\public\index.php(56): CodeIgniter\Boot::bootWeb(Object(Config\Paths))
#13 C:\laragon\www\HIS PPOB-Muhammad Rizal Fauzi\system\rewrite.php(44): require_once('C:\\laragon\\www\\...')
#14 {main}
CRITICAL - 2025-03-12 17:59:45 --> CodeIgniter\Database\Exceptions\DatabaseException: Table 'db_sims.banners' doesn't exist
[Method: GET, Route: dashboard]
in SYSTEMPATH\Database\BaseConnection.php on line 692.
 1 SYSTEMPATH\Database\BaseBuilder.php(1649): CodeIgniter\Database\BaseConnection->query('SELECT *
FROM `banners`', [], false)
 2 SYSTEMPATH\Model.php(286): CodeIgniter\Database\BaseBuilder->get()
 3 SYSTEMPATH\BaseModel.php(675): CodeIgniter\Model->doFindAll(0, 0)
 4 APPPATH\Controllers\DashboardController.php(13): CodeIgniter\BaseModel->findAll()
 5 SYSTEMPATH\CodeIgniter.php(933): App\Controllers\DashboardController->index()
 6 SYSTEMPATH\CodeIgniter.php(507): CodeIgniter\CodeIgniter->runController(Object(App\Controllers\DashboardController))
 7 SYSTEMPATH\CodeIgniter.php(354): CodeIgniter\CodeIgniter->handleRequest(null, Object(Config\Cache), false)
 8 SYSTEMPATH\Boot.php(334): CodeIgniter\CodeIgniter->run()
 9 SYSTEMPATH\Boot.php(67): CodeIgniter\Boot::runCodeIgniter(Object(CodeIgniter\CodeIgniter))
10 FCPATH\index.php(56): CodeIgniter\Boot::bootWeb(Object(Config\Paths))
11 SYSTEMPATH\rewrite.php(44): require_once('C:\\laragon\\www\\HIS PPOB-Muhammad Rizal Fauzi\\public\\index.php')
CRITICAL - 2025-03-12 17:59:45 --> [Caused by] CodeIgniter\Database\Exceptions\DatabaseException: Table 'db_sims.banners' doesn't exist
in SYSTEMPATH\Database\MySQLi\Connection.php on line 332.
 1 SYSTEMPATH\Database\BaseConnection.php(738): CodeIgniter\Database\MySQLi\Connection->execute('SELECT *
FROM `banners`')
 2 SYSTEMPATH\Database\BaseConnection.php(652): CodeIgniter\Database\BaseConnection->simpleQuery('SELECT *
FROM `banners`')
 3 SYSTEMPATH\Database\BaseBuilder.php(1649): CodeIgniter\Database\BaseConnection->query('SELECT *
FROM `banners`', [], false)
 4 SYSTEMPATH\Model.php(286): CodeIgniter\Database\BaseBuilder->get()
 5 SYSTEMPATH\BaseModel.php(675): CodeIgniter\Model->doFindAll(0, 0)
 6 APPPATH\Controllers\DashboardController.php(13): CodeIgniter\BaseModel->findAll()
 7 SYSTEMPATH\CodeIgniter.php(933): App\Controllers\DashboardController->index()
 8 SYSTEMPATH\CodeIgniter.php(507): CodeIgniter\CodeIgniter->runController(Object(App\Controllers\DashboardController))
 9 SYSTEMPATH\CodeIgniter.php(354): CodeIgniter\CodeIgniter->handleRequest(null, Object(Config\Cache), false)
10 SYSTEMPATH\Boot.php(334): CodeIgniter\CodeIgniter->run()
11 SYSTEMPATH\Boot.php(67): CodeIgniter\Boot::runCodeIgniter(Object(CodeIgniter\CodeIgniter))
12 FCPATH\index.php(56): CodeIgniter\Boot::bootWeb(Object(Config\Paths))
13 SYSTEMPATH\rewrite.php(44): require_once('C:\\laragon\\www\\HIS PPOB-Muhammad Rizal Fauzi\\public\\index.php')
CRITICAL - 2025-03-12 17:59:45 --> [Caused by] mysqli_sql_exception: Table 'db_sims.banners' doesn't exist
in SYSTEMPATH\Database\MySQLi\Connection.php on line 327.
 1 SYSTEMPATH\Database\MySQLi\Connection.php(327): mysqli->query('SELECT *
FROM `banners`', 0)
 2 SYSTEMPATH\Database\BaseConnection.php(738): CodeIgniter\Database\MySQLi\Connection->execute('SELECT *
FROM `banners`')
 3 SYSTEMPATH\Database\BaseConnection.php(652): CodeIgniter\Database\BaseConnection->simpleQuery('SELECT *
FROM `banners`')
 4 SYSTEMPATH\Database\BaseBuilder.php(1649): CodeIgniter\Database\BaseConnection->query('SELECT *
FROM `banners`', [], false)
 5 SYSTEMPATH\Model.php(286): CodeIgniter\Database\BaseBuilder->get()
 6 SYSTEMPATH\BaseModel.php(675): CodeIgniter\Model->doFindAll(0, 0)
 7 APPPATH\Controllers\DashboardController.php(13): CodeIgniter\BaseModel->findAll()
 8 SYSTEMPATH\CodeIgniter.php(933): App\Controllers\DashboardController->index()
 9 SYSTEMPATH\CodeIgniter.php(507): CodeIgniter\CodeIgniter->runController(Object(App\Controllers\DashboardController))
10 SYSTEMPATH\CodeIgniter.php(354): CodeIgniter\CodeIgniter->handleRequest(null, Object(Config\Cache), false)
11 SYSTEMPATH\Boot.php(334): CodeIgniter\CodeIgniter->run()
12 SYSTEMPATH\Boot.php(67): CodeIgniter\Boot::runCodeIgniter(Object(CodeIgniter\CodeIgniter))
13 FCPATH\index.php(56): CodeIgniter\Boot::bootWeb(Object(Config\Paths))
14 SYSTEMPATH\rewrite.php(44): require_once('C:\\laragon\\www\\HIS PPOB-Muhammad Rizal Fauzi\\public\\index.php')
ERROR - 2025-03-12 18:02:38 --> mysqli_sql_exception: Table 'db_sims.banners' doesn't exist in C:\laragon\www\HIS PPOB-Muhammad Rizal Fauzi\system\Database\MySQLi\Connection.php:327
Stack trace:
#0 C:\laragon\www\HIS PPOB-Muhammad Rizal Fauzi\system\Database\MySQLi\Connection.php(327): mysqli->query('SELECT *\nFROM `...', 0)
#1 C:\laragon\www\HIS PPOB-Muhammad Rizal Fauzi\system\Database\BaseConnection.php(738): CodeIgniter\Database\MySQLi\Connection->execute('SELECT *\nFROM `...')
#2 C:\laragon\www\HIS PPOB-Muhammad Rizal Fauzi\system\Database\BaseConnection.php(652): CodeIgniter\Database\BaseConnection->simpleQuery('SELECT *\nFROM `...')
#3 C:\laragon\www\HIS PPOB-Muhammad Rizal Fauzi\system\Database\BaseBuilder.php(1649): CodeIgniter\Database\BaseConnection->query('SELECT *\nFROM `...', Array, false)
#4 C:\laragon\www\HIS PPOB-Muhammad Rizal Fauzi\system\Model.php(286): CodeIgniter\Database\BaseBuilder->get()
#5 C:\laragon\www\HIS PPOB-Muhammad Rizal Fauzi\system\BaseModel.php(675): CodeIgniter\Model->doFindAll(0, 0)
#6 C:\laragon\www\HIS PPOB-Muhammad Rizal Fauzi\app\Controllers\DashboardController.php(13): CodeIgniter\BaseModel->findAll()
#7 C:\laragon\www\HIS PPOB-Muhammad Rizal Fauzi\system\CodeIgniter.php(933): App\Controllers\DashboardController->index()
#8 C:\laragon\www\HIS PPOB-Muhammad Rizal Fauzi\system\CodeIgniter.php(507): CodeIgniter\CodeIgniter->runController(Object(App\Controllers\DashboardController))
#9 C:\laragon\www\HIS PPOB-Muhammad Rizal Fauzi\system\CodeIgniter.php(354): CodeIgniter\CodeIgniter->handleRequest(NULL, Object(Config\Cache), false)
#10 C:\laragon\www\HIS PPOB-Muhammad Rizal Fauzi\system\Boot.php(334): CodeIgniter\CodeIgniter->run()
#11 C:\laragon\www\HIS PPOB-Muhammad Rizal Fauzi\system\Boot.php(67): CodeIgniter\Boot::runCodeIgniter(Object(CodeIgniter\CodeIgniter))
#12 C:\laragon\www\HIS PPOB-Muhammad Rizal Fauzi\public\index.php(56): CodeIgniter\Boot::bootWeb(Object(Config\Paths))
#13 C:\laragon\www\HIS PPOB-Muhammad Rizal Fauzi\system\rewrite.php(44): require_once('C:\\laragon\\www\\...')
#14 {main}
CRITICAL - 2025-03-12 18:02:38 --> CodeIgniter\Database\Exceptions\DatabaseException: Table 'db_sims.banners' doesn't exist
[Method: GET, Route: dashboard]
in SYSTEMPATH\Database\BaseConnection.php on line 692.
 1 SYSTEMPATH\Database\BaseBuilder.php(1649): CodeIgniter\Database\BaseConnection->query('SELECT *
FROM `banners`', [], false)
 2 SYSTEMPATH\Model.php(286): CodeIgniter\Database\BaseBuilder->get()
 3 SYSTEMPATH\BaseModel.php(675): CodeIgniter\Model->doFindAll(0, 0)
 4 APPPATH\Controllers\DashboardController.php(13): CodeIgniter\BaseModel->findAll()
 5 SYSTEMPATH\CodeIgniter.php(933): App\Controllers\DashboardController->index()
 6 SYSTEMPATH\CodeIgniter.php(507): CodeIgniter\CodeIgniter->runController(Object(App\Controllers\DashboardController))
 7 SYSTEMPATH\CodeIgniter.php(354): CodeIgniter\CodeIgniter->handleRequest(null, Object(Config\Cache), false)
 8 SYSTEMPATH\Boot.php(334): CodeIgniter\CodeIgniter->run()
 9 SYSTEMPATH\Boot.php(67): CodeIgniter\Boot::runCodeIgniter(Object(CodeIgniter\CodeIgniter))
10 FCPATH\index.php(56): CodeIgniter\Boot::bootWeb(Object(Config\Paths))
11 SYSTEMPATH\rewrite.php(44): require_once('C:\\laragon\\www\\HIS PPOB-Muhammad Rizal Fauzi\\public\\index.php')
CRITICAL - 2025-03-12 18:02:38 --> [Caused by] CodeIgniter\Database\Exceptions\DatabaseException: Table 'db_sims.banners' doesn't exist
in SYSTEMPATH\Database\MySQLi\Connection.php on line 332.
 1 SYSTEMPATH\Database\BaseConnection.php(738): CodeIgniter\Database\MySQLi\Connection->execute('SELECT *
FROM `banners`')
 2 SYSTEMPATH\Database\BaseConnection.php(652): CodeIgniter\Database\BaseConnection->simpleQuery('SELECT *
FROM `banners`')
 3 SYSTEMPATH\Database\BaseBuilder.php(1649): CodeIgniter\Database\BaseConnection->query('SELECT *
FROM `banners`', [], false)
 4 SYSTEMPATH\Model.php(286): CodeIgniter\Database\BaseBuilder->get()
 5 SYSTEMPATH\BaseModel.php(675): CodeIgniter\Model->doFindAll(0, 0)
 6 APPPATH\Controllers\DashboardController.php(13): CodeIgniter\BaseModel->findAll()
 7 SYSTEMPATH\CodeIgniter.php(933): App\Controllers\DashboardController->index()
 8 SYSTEMPATH\CodeIgniter.php(507): CodeIgniter\CodeIgniter->runController(Object(App\Controllers\DashboardController))
 9 SYSTEMPATH\CodeIgniter.php(354): CodeIgniter\CodeIgniter->handleRequest(null, Object(Config\Cache), false)
10 SYSTEMPATH\Boot.php(334): CodeIgniter\CodeIgniter->run()
11 SYSTEMPATH\Boot.php(67): CodeIgniter\Boot::runCodeIgniter(Object(CodeIgniter\CodeIgniter))
12 FCPATH\index.php(56): CodeIgniter\Boot::bootWeb(Object(Config\Paths))
13 SYSTEMPATH\rewrite.php(44): require_once('C:\\laragon\\www\\HIS PPOB-Muhammad Rizal Fauzi\\public\\index.php')
CRITICAL - 2025-03-12 18:02:38 --> [Caused by] mysqli_sql_exception: Table 'db_sims.banners' doesn't exist
in SYSTEMPATH\Database\MySQLi\Connection.php on line 327.
 1 SYSTEMPATH\Database\MySQLi\Connection.php(327): mysqli->query('SELECT *
FROM `banners`', 0)
 2 SYSTEMPATH\Database\BaseConnection.php(738): CodeIgniter\Database\MySQLi\Connection->execute('SELECT *
FROM `banners`')
 3 SYSTEMPATH\Database\BaseConnection.php(652): CodeIgniter\Database\BaseConnection->simpleQuery('SELECT *
FROM `banners`')
 4 SYSTEMPATH\Database\BaseBuilder.php(1649): CodeIgniter\Database\BaseConnection->query('SELECT *
FROM `banners`', [], false)
 5 SYSTEMPATH\Model.php(286): CodeIgniter\Database\BaseBuilder->get()
 6 SYSTEMPATH\BaseModel.php(675): CodeIgniter\Model->doFindAll(0, 0)
 7 APPPATH\Controllers\DashboardController.php(13): CodeIgniter\BaseModel->findAll()
 8 SYSTEMPATH\CodeIgniter.php(933): App\Controllers\DashboardController->index()
 9 SYSTEMPATH\CodeIgniter.php(507): CodeIgniter\CodeIgniter->runController(Object(App\Controllers\DashboardController))
10 SYSTEMPATH\CodeIgniter.php(354): CodeIgniter\CodeIgniter->handleRequest(null, Object(Config\Cache), false)
11 SYSTEMPATH\Boot.php(334): CodeIgniter\CodeIgniter->run()
12 SYSTEMPATH\Boot.php(67): CodeIgniter\Boot::runCodeIgniter(Object(CodeIgniter\CodeIgniter))
13 FCPATH\index.php(56): CodeIgniter\Boot::bootWeb(Object(Config\Paths))
14 SYSTEMPATH\rewrite.php(44): require_once('C:\\laragon\\www\\HIS PPOB-Muhammad Rizal Fauzi\\public\\index.php')
CRITICAL - 2025-03-12 18:09:21 --> ErrorException: Undefined variable $bannerModel
[Method: GET, Route: dashboard]
in APPPATH\Controllers\DashboardController.php on line 49.
 1 APPPATH\Controllers\DashboardController.php(49): CodeIgniter\Debug\Exceptions->errorHandler(2, 'Undefined variable $bannerModel', 'C:\\laragon\\www\\HIS PPOB-Muhammad Rizal Fauzi\\app\\Controllers\\DashboardController.php', 49)
 2 SYSTEMPATH\CodeIgniter.php(933): App\Controllers\DashboardController->index()
 3 SYSTEMPATH\CodeIgniter.php(507): CodeIgniter\CodeIgniter->runController(Object(App\Controllers\DashboardController))
 4 SYSTEMPATH\CodeIgniter.php(354): CodeIgniter\CodeIgniter->handleRequest(null, Object(Config\Cache), false)
 5 SYSTEMPATH\Boot.php(334): CodeIgniter\CodeIgniter->run()
 6 SYSTEMPATH\Boot.php(67): CodeIgniter\Boot::runCodeIgniter(Object(CodeIgniter\CodeIgniter))
 7 FCPATH\index.php(56): CodeIgniter\Boot::bootWeb(Object(Config\Paths))
 8 SYSTEMPATH\rewrite.php(44): require_once('C:\\laragon\\www\\HIS PPOB-Muhammad Rizal Fauzi\\public\\index.php')
CRITICAL - 2025-03-12 18:09:32 --> ErrorException: Undefined variable $banners
[Method: GET, Route: dashboard]
in APPPATH\Controllers\DashboardController.php on line 51.
 1 APPPATH\Controllers\DashboardController.php(51): CodeIgniter\Debug\Exceptions->errorHandler(2, 'Undefined variable $banners', 'C:\\laragon\\www\\HIS PPOB-Muhammad Rizal Fauzi\\app\\Controllers\\DashboardController.php', 51)
 2 SYSTEMPATH\CodeIgniter.php(933): App\Controllers\DashboardController->index()
 3 SYSTEMPATH\CodeIgniter.php(507): CodeIgniter\CodeIgniter->runController(Object(App\Controllers\DashboardController))
 4 SYSTEMPATH\CodeIgniter.php(354): CodeIgniter\CodeIgniter->handleRequest(null, Object(Config\Cache), false)
 5 SYSTEMPATH\Boot.php(334): CodeIgniter\CodeIgniter->run()
 6 SYSTEMPATH\Boot.php(67): CodeIgniter\Boot::runCodeIgniter(Object(CodeIgniter\CodeIgniter))
 7 FCPATH\index.php(56): CodeIgniter\Boot::bootWeb(Object(Config\Paths))
 8 SYSTEMPATH\rewrite.php(44): require_once('C:\\laragon\\www\\HIS PPOB-Muhammad Rizal Fauzi\\public\\index.php')
CRITICAL - 2025-03-12 18:09:53 --> CodeIgniter\View\Exceptions\ViewException: Invalid file: "home.php"
[Method: GET, Route: dashboard]
in SYSTEMPATH\Exceptions\FrameworkException.php on line 39.
 1 SYSTEMPATH\View\View.php(212): CodeIgniter\Exceptions\FrameworkException::forInvalidFile('home.php')
 2 SYSTEMPATH\Common.php(1173): CodeIgniter\View\View->render('home', [], true)
 3 APPPATH\Controllers\DashboardController.php(51): view('home', [...])
 4 SYSTEMPATH\CodeIgniter.php(933): App\Controllers\DashboardController->index()
 5 SYSTEMPATH\CodeIgniter.php(507): CodeIgniter\CodeIgniter->runController(Object(App\Controllers\DashboardController))
 6 SYSTEMPATH\CodeIgniter.php(354): CodeIgniter\CodeIgniter->handleRequest(null, Object(Config\Cache), false)
 7 SYSTEMPATH\Boot.php(334): CodeIgniter\CodeIgniter->run()
 8 SYSTEMPATH\Boot.php(67): CodeIgniter\Boot::runCodeIgniter(Object(CodeIgniter\CodeIgniter))
 9 FCPATH\index.php(56): CodeIgniter\Boot::bootWeb(Object(Config\Paths))
10 SYSTEMPATH\rewrite.php(44): require_once('C:\\laragon\\www\\HIS PPOB-Muhammad Rizal Fauzi\\public\\index.php')
CRITICAL - 2025-03-12 18:49:13 --> CodeIgniter\Filters\Exceptions\FilterException: "auth" filter must have a matching alias defined.
[Method: GET, Route: dashboard]
in SYSTEMPATH\Filters\Filters.php on line 590.
 1 SYSTEMPATH\Filters\Filters.php(590): CodeIgniter\Filters\Exceptions\FilterException::forNoAlias('auth')
 2 SYSTEMPATH\Filters\Filters.php(641): CodeIgniter\Filters\Filters->enableFilter('auth', 'before')
 3 SYSTEMPATH\CodeIgniter.php(467): CodeIgniter\Filters\Filters->enableFilters([...], 'before')
 4 SYSTEMPATH\CodeIgniter.php(354): CodeIgniter\CodeIgniter->handleRequest(null, Object(Config\Cache), false)
 5 SYSTEMPATH\Boot.php(334): CodeIgniter\CodeIgniter->run()
 6 SYSTEMPATH\Boot.php(67): CodeIgniter\Boot::runCodeIgniter(Object(CodeIgniter\CodeIgniter))
 7 FCPATH\index.php(56): CodeIgniter\Boot::bootWeb(Object(Config\Paths))
 8 SYSTEMPATH\rewrite.php(44): require_once('C:\\laragon\\www\\HIS PPOB-Muhammad Rizal Fauzi\\public\\index.php')
CRITICAL - 2025-03-12 18:52:16 --> CodeIgniter\Filters\Exceptions\FilterException: "auth" filter must have a matching alias defined.
[Method: GET, Route: dashboard]
in SYSTEMPATH\Filters\Filters.php on line 590.
 1 SYSTEMPATH\Filters\Filters.php(590): CodeIgniter\Filters\Exceptions\FilterException::forNoAlias('auth')
 2 SYSTEMPATH\Filters\Filters.php(641): CodeIgniter\Filters\Filters->enableFilter('auth', 'before')
 3 SYSTEMPATH\CodeIgniter.php(467): CodeIgniter\Filters\Filters->enableFilters([...], 'before')
 4 SYSTEMPATH\CodeIgniter.php(354): CodeIgniter\CodeIgniter->handleRequest(null, Object(Config\Cache), false)
 5 SYSTEMPATH\Boot.php(334): CodeIgniter\CodeIgniter->run()
 6 SYSTEMPATH\Boot.php(67): CodeIgniter\Boot::runCodeIgniter(Object(CodeIgniter\CodeIgniter))
 7 FCPATH\index.php(56): CodeIgniter\Boot::bootWeb(Object(Config\Paths))
 8 SYSTEMPATH\rewrite.php(44): require_once('C:\\laragon\\www\\HIS PPOB-Muhammad Rizal Fauzi\\public\\index.php')
CRITICAL - 2025-03-12 18:52:27 --> CodeIgniter\Filters\Exceptions\FilterException: "auth" filter must have a matching alias defined.
[Method: GET, Route: dashboard]
in SYSTEMPATH\Filters\Filters.php on line 590.
 1 SYSTEMPATH\Filters\Filters.php(590): CodeIgniter\Filters\Exceptions\FilterException::forNoAlias('auth')
 2 SYSTEMPATH\Filters\Filters.php(641): CodeIgniter\Filters\Filters->enableFilter('auth', 'before')
 3 SYSTEMPATH\CodeIgniter.php(467): CodeIgniter\Filters\Filters->enableFilters([...], 'before')
 4 SYSTEMPATH\CodeIgniter.php(354): CodeIgniter\CodeIgniter->handleRequest(null, Object(Config\Cache), false)
 5 SYSTEMPATH\Boot.php(334): CodeIgniter\CodeIgniter->run()
 6 SYSTEMPATH\Boot.php(67): CodeIgniter\Boot::runCodeIgniter(Object(CodeIgniter\CodeIgniter))
 7 FCPATH\index.php(56): CodeIgniter\Boot::bootWeb(Object(Config\Paths))
 8 SYSTEMPATH\rewrite.php(44): require_once('C:\\laragon\\www\\HIS PPOB-Muhammad Rizal Fauzi\\public\\index.php')
CRITICAL - 2025-03-12 18:53:56 --> Error: Class "App\Filters\AuthFilter" not found
[Method: GET, Route: dashboard]
in SYSTEMPATH\Filters\Filters.php on line 299.
 1 SYSTEMPATH\Filters\Filters.php(239): CodeIgniter\Filters\Filters->createFilter('App\\Filters\\AuthFilter')
 2 SYSTEMPATH\Filters\Filters.php(221): CodeIgniter\Filters\Filters->runBefore([...])
 3 SYSTEMPATH\CodeIgniter.php(479): CodeIgniter\Filters\Filters->run('dashboard', 'before')
 4 SYSTEMPATH\CodeIgniter.php(354): CodeIgniter\CodeIgniter->handleRequest(null, Object(Config\Cache), false)
 5 SYSTEMPATH\Boot.php(334): CodeIgniter\CodeIgniter->run()
 6 SYSTEMPATH\Boot.php(67): CodeIgniter\Boot::runCodeIgniter(Object(CodeIgniter\CodeIgniter))
 7 FCPATH\index.php(56): CodeIgniter\Boot::bootWeb(Object(Config\Paths))
 8 SYSTEMPATH\rewrite.php(44): require_once('C:\\laragon\\www\\HIS PPOB-Muhammad Rizal Fauzi\\public\\index.php')
CRITICAL - 2025-03-12 18:55:18 --> Error: Class "App\Filters\AuthFilter" not found
[Method: GET, Route: dashboard]
in SYSTEMPATH\Filters\Filters.php on line 299.
 1 SYSTEMPATH\Filters\Filters.php(239): CodeIgniter\Filters\Filters->createFilter('App\\Filters\\AuthFilter')
 2 SYSTEMPATH\Filters\Filters.php(221): CodeIgniter\Filters\Filters->runBefore([...])
 3 SYSTEMPATH\CodeIgniter.php(479): CodeIgniter\Filters\Filters->run('dashboard', 'before')
 4 SYSTEMPATH\CodeIgniter.php(354): CodeIgniter\CodeIgniter->handleRequest(null, Object(Config\Cache), false)
 5 SYSTEMPATH\Boot.php(334): CodeIgniter\CodeIgniter->run()
 6 SYSTEMPATH\Boot.php(67): CodeIgniter\Boot::runCodeIgniter(Object(CodeIgniter\CodeIgniter))
 7 FCPATH\index.php(56): CodeIgniter\Boot::bootWeb(Object(Config\Paths))
 8 SYSTEMPATH\rewrite.php(44): require_once('C:\\laragon\\www\\HIS PPOB-Muhammad Rizal Fauzi\\public\\index.php')
CRITICAL - 2025-03-12 18:56:29 --> Error: Class "Config\AuthFilter" not found
[Method: GET, Route: dashboard]
in SYSTEMPATH\Filters\Filters.php on line 299.
 1 SYSTEMPATH\Filters\Filters.php(239): CodeIgniter\Filters\Filters->createFilter('Config\\AuthFilter')
 2 SYSTEMPATH\Filters\Filters.php(221): CodeIgniter\Filters\Filters->runBefore([...])
 3 SYSTEMPATH\CodeIgniter.php(479): CodeIgniter\Filters\Filters->run('dashboard', 'before')
 4 SYSTEMPATH\CodeIgniter.php(354): CodeIgniter\CodeIgniter->handleRequest(null, Object(Config\Cache), false)
 5 SYSTEMPATH\Boot.php(334): CodeIgniter\CodeIgniter->run()
 6 SYSTEMPATH\Boot.php(67): CodeIgniter\Boot::runCodeIgniter(Object(CodeIgniter\CodeIgniter))
 7 FCPATH\index.php(56): CodeIgniter\Boot::bootWeb(Object(Config\Paths))
 8 SYSTEMPATH\rewrite.php(44): require_once('C:\\laragon\\www\\HIS PPOB-Muhammad Rizal Fauzi\\public\\index.php')
CRITICAL - 2025-03-12 18:56:51 --> Error: Class "CodeIgniter\Filters\AuthFilter" not found
[Method: GET, Route: dashboard]
in SYSTEMPATH\Filters\Filters.php on line 299.
 1 SYSTEMPATH\Filters\Filters.php(239): CodeIgniter\Filters\Filters->createFilter('CodeIgniter\\Filters\\AuthFilter')
 2 SYSTEMPATH\Filters\Filters.php(221): CodeIgniter\Filters\Filters->runBefore([...])
 3 SYSTEMPATH\CodeIgniter.php(479): CodeIgniter\Filters\Filters->run('dashboard', 'before')
 4 SYSTEMPATH\CodeIgniter.php(354): CodeIgniter\CodeIgniter->handleRequest(null, Object(Config\Cache), false)
 5 SYSTEMPATH\Boot.php(334): CodeIgniter\CodeIgniter->run()
 6 SYSTEMPATH\Boot.php(67): CodeIgniter\Boot::runCodeIgniter(Object(CodeIgniter\CodeIgniter))
 7 FCPATH\index.php(56): CodeIgniter\Boot::bootWeb(Object(Config\Paths))
 8 SYSTEMPATH\rewrite.php(44): require_once('C:\\laragon\\www\\HIS PPOB-Muhammad Rizal Fauzi\\public\\index.php')
CRITICAL - 2025-03-12 18:57:44 --> Error: Class "CodeIgniter\Filters\AuthFilter" not found
[Method: GET, Route: dashboard]
in SYSTEMPATH\Filters\Filters.php on line 299.
 1 SYSTEMPATH\Filters\Filters.php(239): CodeIgniter\Filters\Filters->createFilter('CodeIgniter\\Filters\\AuthFilter')
 2 SYSTEMPATH\Filters\Filters.php(221): CodeIgniter\Filters\Filters->runBefore([...])
 3 SYSTEMPATH\CodeIgniter.php(479): CodeIgniter\Filters\Filters->run('dashboard', 'before')
 4 SYSTEMPATH\CodeIgniter.php(354): CodeIgniter\CodeIgniter->handleRequest(null, Object(Config\Cache), false)
 5 SYSTEMPATH\Boot.php(334): CodeIgniter\CodeIgniter->run()
 6 SYSTEMPATH\Boot.php(67): CodeIgniter\Boot::runCodeIgniter(Object(CodeIgniter\CodeIgniter))
 7 FCPATH\index.php(56): CodeIgniter\Boot::bootWeb(Object(Config\Paths))
 8 SYSTEMPATH\rewrite.php(44): require_once('C:\\laragon\\www\\HIS PPOB-Muhammad Rizal Fauzi\\public\\index.php')
CRITICAL - 2025-03-12 18:58:55 --> Error: Class "CodeIgniter\Filters\AuthFilter" not found
[Method: GET, Route: dashboard]
in SYSTEMPATH\Filters\Filters.php on line 299.
 1 SYSTEMPATH\Filters\Filters.php(239): CodeIgniter\Filters\Filters->createFilter('CodeIgniter\\Filters\\AuthFilter')
 2 SYSTEMPATH\Filters\Filters.php(221): CodeIgniter\Filters\Filters->runBefore([...])
 3 SYSTEMPATH\CodeIgniter.php(479): CodeIgniter\Filters\Filters->run('dashboard', 'before')
 4 SYSTEMPATH\CodeIgniter.php(354): CodeIgniter\CodeIgniter->handleRequest(null, Object(Config\Cache), false)
 5 SYSTEMPATH\Boot.php(334): CodeIgniter\CodeIgniter->run()
 6 SYSTEMPATH\Boot.php(67): CodeIgniter\Boot::runCodeIgniter(Object(CodeIgniter\CodeIgniter))
 7 FCPATH\index.php(56): CodeIgniter\Boot::bootWeb(Object(Config\Paths))
 8 SYSTEMPATH\rewrite.php(44): require_once('C:\\laragon\\www\\HIS PPOB-Muhammad Rizal Fauzi\\public\\index.php')
CRITICAL - 2025-03-12 19:00:01 --> Error: Class "CodeIgniter\Filters\AuthFilter" not found
[Method: GET, Route: dashboard]
in SYSTEMPATH\Filters\Filters.php on line 299.
 1 SYSTEMPATH\Filters\Filters.php(239): CodeIgniter\Filters\Filters->createFilter('CodeIgniter\\Filters\\AuthFilter')
 2 SYSTEMPATH\Filters\Filters.php(221): CodeIgniter\Filters\Filters->runBefore([...])
 3 SYSTEMPATH\CodeIgniter.php(479): CodeIgniter\Filters\Filters->run('dashboard', 'before')
 4 SYSTEMPATH\CodeIgniter.php(354): CodeIgniter\CodeIgniter->handleRequest(null, Object(Config\Cache), false)
 5 SYSTEMPATH\Boot.php(334): CodeIgniter\CodeIgniter->run()
 6 SYSTEMPATH\Boot.php(67): CodeIgniter\Boot::runCodeIgniter(Object(CodeIgniter\CodeIgniter))
 7 FCPATH\index.php(56): CodeIgniter\Boot::bootWeb(Object(Config\Paths))
 8 SYSTEMPATH\rewrite.php(44): require_once('C:\\laragon\\www\\HIS PPOB-Muhammad Rizal Fauzi\\public\\index.php')
