CRITICAL - 2025-03-14 00:13:38 --> ErrorException: Undefined variable $balance
[Method: GET, Route: transaction/topup]
in APPPATH\Views\Layout\balance.php on line 3.
 1 APPPATH\Views\Layout\balance.php(3): CodeIgniter\Debug\Exceptions->errorHandler(2, 'Undefined variable $balance', 'C:\\laragon\\www\\HIS PPOB-Muhammad Rizal Fauzi\\app\\Views\\Layout\\balance.php', 3)
 2 SYSTEMPATH\View\View.php(224): include('C:\\laragon\\www\\HIS PPOB-Muhammad Rizal Fauzi\\app\\Views\\Layout\\balance.php')
 3 SYSTEMPATH\View\View.php(227): CodeIgniter\View\View->{closure:CodeIgniter\View\View::render():221}()
 4 SYSTEMPATH\View\View.php(475): CodeIgniter\View\View->render('layout/balance', null, true)
 5 APPPATH\Views\Dashboard\top-up.php(13): CodeIgniter\View\View->include('layout/balance')
 6 SYSTEMPATH\View\View.php(224): include('C:\\laragon\\www\\HIS PPOB-Muhammad Rizal Fauzi\\app\\Views\\Dashboard\\top-up.php')
 7 SYSTEMPATH\View\View.php(227): CodeIgniter\View\View->{closure:CodeIgniter\View\View::render():221}()
 8 SYSTEMPATH\Common.php(1173): CodeIgniter\View\View->render('dashboard/top-up', [], true)
 9 APPPATH\Controllers\TransactionController.php(88): view('dashboard/top-up')
10 SYSTEMPATH\CodeIgniter.php(933): App\Controllers\TransactionController->TopUp()
11 SYSTEMPATH\CodeIgniter.php(507): CodeIgniter\CodeIgniter->runController(Object(App\Controllers\TransactionController))
12 SYSTEMPATH\CodeIgniter.php(354): CodeIgniter\CodeIgniter->handleRequest(null, Object(Config\Cache), false)
13 SYSTEMPATH\Boot.php(334): CodeIgniter\CodeIgniter->run()
14 SYSTEMPATH\Boot.php(67): CodeIgniter\Boot::runCodeIgniter(Object(CodeIgniter\CodeIgniter))
15 FCPATH\index.php(56): CodeIgniter\Boot::bootWeb(Object(Config\Paths))
16 SYSTEMPATH\rewrite.php(44): require_once('C:\\laragon\\www\\HIS PPOB-Muhammad Rizal Fauzi\\public\\index.php')
CRITICAL - 2025-03-14 00:14:35 --> ErrorException: Undefined variable $balance
[Method: GET, Route: transaction/topup]
in APPPATH\Views\Layout\balance.php on line 3.
 1 APPPATH\Views\Layout\balance.php(3): CodeIgniter\Debug\Exceptions->errorHandler(2, 'Undefined variable $balance', 'C:\\laragon\\www\\HIS PPOB-Muhammad Rizal Fauzi\\app\\Views\\Layout\\balance.php', 3)
 2 SYSTEMPATH\View\View.php(224): include('C:\\laragon\\www\\HIS PPOB-Muhammad Rizal Fauzi\\app\\Views\\Layout\\balance.php')
 3 SYSTEMPATH\View\View.php(227): CodeIgniter\View\View->{closure:CodeIgniter\View\View::render():221}()
 4 SYSTEMPATH\View\View.php(475): CodeIgniter\View\View->render('layout/balance', null, true)
 5 APPPATH\Views\Dashboard\top-up.php(13): CodeIgniter\View\View->include('layout/balance')
 6 SYSTEMPATH\View\View.php(224): include('C:\\laragon\\www\\HIS PPOB-Muhammad Rizal Fauzi\\app\\Views\\Dashboard\\top-up.php')
 7 SYSTEMPATH\View\View.php(227): CodeIgniter\View\View->{closure:CodeIgniter\View\View::render():221}()
 8 SYSTEMPATH\Common.php(1173): CodeIgniter\View\View->render('dashboard/top-up', [], true)
 9 APPPATH\Controllers\TransactionController.php(91): view('dashboard/top-up')
10 SYSTEMPATH\CodeIgniter.php(933): App\Controllers\TransactionController->TopUp()
11 SYSTEMPATH\CodeIgniter.php(507): CodeIgniter\CodeIgniter->runController(Object(App\Controllers\TransactionController))
12 SYSTEMPATH\CodeIgniter.php(354): CodeIgniter\CodeIgniter->handleRequest(null, Object(Config\Cache), false)
13 SYSTEMPATH\Boot.php(334): CodeIgniter\CodeIgniter->run()
14 SYSTEMPATH\Boot.php(67): CodeIgniter\Boot::runCodeIgniter(Object(CodeIgniter\CodeIgniter))
15 FCPATH\index.php(56): CodeIgniter\Boot::bootWeb(Object(Config\Paths))
16 SYSTEMPATH\rewrite.php(44): require_once('C:\\laragon\\www\\HIS PPOB-Muhammad Rizal Fauzi\\public\\index.php')
CRITICAL - 2025-03-14 00:45:26 --> CodeIgniter\HTTP\Exceptions\HTTPException: 1 : Protocol "hhttps" not supported
[Method: POST, Route: transaction/process]
in SYSTEMPATH\HTTP\CURLRequest.php on line 709.
 1 SYSTEMPATH\HTTP\CURLRequest.php(709): CodeIgniter\HTTP\Exceptions\HTTPException::forCurlError('1', 'Protocol "hhttps" not supported')
 2 SYSTEMPATH\HTTP\CURLRequest.php(383): CodeIgniter\HTTP\CURLRequest->sendRequest([...])
 3 SYSTEMPATH\HTTP\CURLRequest.php(152): CodeIgniter\HTTP\CURLRequest->send('POST', 'hhttps://take-home-test-api.nutech-integrasi.com/topup')
 4 SYSTEMPATH\HTTP\CURLRequest.php(227): CodeIgniter\HTTP\CURLRequest->request('POST', 'hhttps://take-home-test-api.nutech-integrasi.com/topup', [...])
 5 APPPATH\Controllers\TransactionController.php(114): CodeIgniter\HTTP\CURLRequest->post('hhttps://take-home-test-api.nutech-integrasi.com/topup', [...])
 6 SYSTEMPATH\CodeIgniter.php(933): App\Controllers\TransactionController->processTopUp()
 7 SYSTEMPATH\CodeIgniter.php(507): CodeIgniter\CodeIgniter->runController(Object(App\Controllers\TransactionController))
 8 SYSTEMPATH\CodeIgniter.php(354): CodeIgniter\CodeIgniter->handleRequest(null, Object(Config\Cache), false)
 9 SYSTEMPATH\Boot.php(334): CodeIgniter\CodeIgniter->run()
10 SYSTEMPATH\Boot.php(67): CodeIgniter\Boot::runCodeIgniter(Object(CodeIgniter\CodeIgniter))
11 FCPATH\index.php(56): CodeIgniter\Boot::bootWeb(Object(Config\Paths))
12 SYSTEMPATH\rewrite.php(44): require_once('C:\\laragon\\www\\HIS PPOB-Muhammad Rizal Fauzi\\public\\index.php')
CRITICAL - 2025-03-14 00:45:42 --> CodeIgniter\HTTP\Exceptions\HTTPException: 1 : Protocol "hhttps" not supported
[Method: POST, Route: transaction/process]
in SYSTEMPATH\HTTP\CURLRequest.php on line 709.
 1 SYSTEMPATH\HTTP\CURLRequest.php(709): CodeIgniter\HTTP\Exceptions\HTTPException::forCurlError('1', 'Protocol "hhttps" not supported')
 2 SYSTEMPATH\HTTP\CURLRequest.php(383): CodeIgniter\HTTP\CURLRequest->sendRequest([...])
 3 SYSTEMPATH\HTTP\CURLRequest.php(152): CodeIgniter\HTTP\CURLRequest->send('POST', 'hhttps://take-home-test-api.nutech-integrasi.com/topup')
 4 SYSTEMPATH\HTTP\CURLRequest.php(227): CodeIgniter\HTTP\CURLRequest->request('POST', 'hhttps://take-home-test-api.nutech-integrasi.com/topup', [...])
 5 APPPATH\Controllers\TransactionController.php(114): CodeIgniter\HTTP\CURLRequest->post('hhttps://take-home-test-api.nutech-integrasi.com/topup', [...])
 6 SYSTEMPATH\CodeIgniter.php(933): App\Controllers\TransactionController->processTopUp()
 7 SYSTEMPATH\CodeIgniter.php(507): CodeIgniter\CodeIgniter->runController(Object(App\Controllers\TransactionController))
 8 SYSTEMPATH\CodeIgniter.php(354): CodeIgniter\CodeIgniter->handleRequest(null, Object(Config\Cache), false)
 9 SYSTEMPATH\Boot.php(334): CodeIgniter\CodeIgniter->run()
10 SYSTEMPATH\Boot.php(67): CodeIgniter\Boot::runCodeIgniter(Object(CodeIgniter\CodeIgniter))
11 FCPATH\index.php(56): CodeIgniter\Boot::bootWeb(Object(Config\Paths))
12 SYSTEMPATH\rewrite.php(44): require_once('C:\\laragon\\www\\HIS PPOB-Muhammad Rizal Fauzi\\public\\index.php')
CRITICAL - 2025-03-14 00:49:18 --> CodeIgniter\View\Exceptions\ViewException: Invalid file: "dashboard/topup.php"
[Method: GET, Route: transaction/topup]
in SYSTEMPATH\Exceptions\FrameworkException.php on line 39.
 1 SYSTEMPATH\View\View.php(212): CodeIgniter\Exceptions\FrameworkException::forInvalidFile('dashboard/topup.php')
 2 SYSTEMPATH\Common.php(1173): CodeIgniter\View\View->render('dashboard/topup', [], true)
 3 APPPATH\Controllers\TransactionController.php(105): view('dashboard/topup', [...])
 4 SYSTEMPATH\CodeIgniter.php(933): App\Controllers\TransactionController->TopUp()
 5 SYSTEMPATH\CodeIgniter.php(507): CodeIgniter\CodeIgniter->runController(Object(App\Controllers\TransactionController))
 6 SYSTEMPATH\CodeIgniter.php(354): CodeIgniter\CodeIgniter->handleRequest(null, Object(Config\Cache), false)
 7 SYSTEMPATH\Boot.php(334): CodeIgniter\CodeIgniter->run()
 8 SYSTEMPATH\Boot.php(67): CodeIgniter\Boot::runCodeIgniter(Object(CodeIgniter\CodeIgniter))
 9 FCPATH\index.php(56): CodeIgniter\Boot::bootWeb(Object(Config\Paths))
10 SYSTEMPATH\rewrite.php(44): require_once('C:\\laragon\\www\\HIS PPOB-Muhammad Rizal Fauzi\\public\\index.php')
CRITICAL - 2025-03-14 00:52:05 --> CodeIgniter\View\Exceptions\ViewException: Invalid file: "dashboard/topup.php"
[Method: GET, Route: transaction/topup]
in SYSTEMPATH\Exceptions\FrameworkException.php on line 39.
 1 SYSTEMPATH\View\View.php(212): CodeIgniter\Exceptions\FrameworkException::forInvalidFile('dashboard/topup.php')
 2 SYSTEMPATH\Common.php(1173): CodeIgniter\View\View->render('dashboard/topup', [], true)
 3 APPPATH\Controllers\TransactionController.php(110): view('dashboard/topup', [...])
 4 SYSTEMPATH\CodeIgniter.php(933): App\Controllers\TransactionController->TopUp()
 5 SYSTEMPATH\CodeIgniter.php(507): CodeIgniter\CodeIgniter->runController(Object(App\Controllers\TransactionController))
 6 SYSTEMPATH\CodeIgniter.php(354): CodeIgniter\CodeIgniter->handleRequest(null, Object(Config\Cache), false)
 7 SYSTEMPATH\Boot.php(334): CodeIgniter\CodeIgniter->run()
 8 SYSTEMPATH\Boot.php(67): CodeIgniter\Boot::runCodeIgniter(Object(CodeIgniter\CodeIgniter))
 9 FCPATH\index.php(56): CodeIgniter\Boot::bootWeb(Object(Config\Paths))
10 SYSTEMPATH\rewrite.php(44): require_once('C:\\laragon\\www\\HIS PPOB-Muhammad Rizal Fauzi\\public\\index.php')
ERROR - 2025-03-14 01:12:51 --> API Response: {"status":404,"message":"URL Not Found","data":null}
ERROR - 2025-03-14 01:14:13 --> API Response: {"status":404,"message":"URL Not Found","data":null}
CRITICAL - 2025-03-14 01:15:10 --> ErrorException: Undefined variable $token
[Method: POST, Route: transaction/process]
in APPPATH\Controllers\TransactionController.php on line 127.
 1 APPPATH\Controllers\TransactionController.php(127): CodeIgniter\Debug\Exceptions->errorHandler(2, 'Undefined variable $token', 'C:\\laragon\\www\\HIS PPOB-Muhammad Rizal Fauzi\\app\\Controllers\\TransactionController.php', 127)
 2 SYSTEMPATH\CodeIgniter.php(933): App\Controllers\TransactionController->processTopup()
 3 SYSTEMPATH\CodeIgniter.php(507): CodeIgniter\CodeIgniter->runController(Object(App\Controllers\TransactionController))
 4 SYSTEMPATH\CodeIgniter.php(354): CodeIgniter\CodeIgniter->handleRequest(null, Object(Config\Cache), false)
 5 SYSTEMPATH\Boot.php(334): CodeIgniter\CodeIgniter->run()
 6 SYSTEMPATH\Boot.php(67): CodeIgniter\Boot::runCodeIgniter(Object(CodeIgniter\CodeIgniter))
 7 FCPATH\index.php(56): CodeIgniter\Boot::bootWeb(Object(Config\Paths))
 8 SYSTEMPATH\rewrite.php(44): require_once('C:\\laragon\\www\\HIS PPOB-Muhammad Rizal Fauzi\\public\\index.php')
CRITICAL - 2025-03-14 01:15:43 --> ErrorException: Undefined variable $token
[Method: POST, Route: transaction/process]
in APPPATH\Controllers\TransactionController.php on line 128.
 1 APPPATH\Controllers\TransactionController.php(128): CodeIgniter\Debug\Exceptions->errorHandler(2, 'Undefined variable $token', 'C:\\laragon\\www\\HIS PPOB-Muhammad Rizal Fauzi\\app\\Controllers\\TransactionController.php', 128)
 2 SYSTEMPATH\CodeIgniter.php(933): App\Controllers\TransactionController->processTopup()
 3 SYSTEMPATH\CodeIgniter.php(507): CodeIgniter\CodeIgniter->runController(Object(App\Controllers\TransactionController))
 4 SYSTEMPATH\CodeIgniter.php(354): CodeIgniter\CodeIgniter->handleRequest(null, Object(Config\Cache), false)
 5 SYSTEMPATH\Boot.php(334): CodeIgniter\CodeIgniter->run()
 6 SYSTEMPATH\Boot.php(67): CodeIgniter\Boot::runCodeIgniter(Object(CodeIgniter\CodeIgniter))
 7 FCPATH\index.php(56): CodeIgniter\Boot::bootWeb(Object(Config\Paths))
 8 SYSTEMPATH\rewrite.php(44): require_once('C:\\laragon\\www\\HIS PPOB-Muhammad Rizal Fauzi\\public\\index.php')
CRITICAL - 2025-03-14 01:16:13 --> ErrorException: Undefined variable $amount
[Method: POST, Route: transaction/process]
in APPPATH\Controllers\TransactionController.php on line 139.
 1 APPPATH\Controllers\TransactionController.php(139): CodeIgniter\Debug\Exceptions->errorHandler(2, 'Undefined variable $amount', 'C:\\laragon\\www\\HIS PPOB-Muhammad Rizal Fauzi\\app\\Controllers\\TransactionController.php', 139)
 2 SYSTEMPATH\CodeIgniter.php(933): App\Controllers\TransactionController->processTopup()
 3 SYSTEMPATH\CodeIgniter.php(507): CodeIgniter\CodeIgniter->runController(Object(App\Controllers\TransactionController))
 4 SYSTEMPATH\CodeIgniter.php(354): CodeIgniter\CodeIgniter->handleRequest(null, Object(Config\Cache), false)
 5 SYSTEMPATH\Boot.php(334): CodeIgniter\CodeIgniter->run()
 6 SYSTEMPATH\Boot.php(67): CodeIgniter\Boot::runCodeIgniter(Object(CodeIgniter\CodeIgniter))
 7 FCPATH\index.php(56): CodeIgniter\Boot::bootWeb(Object(Config\Paths))
 8 SYSTEMPATH\rewrite.php(44): require_once('C:\\laragon\\www\\HIS PPOB-Muhammad Rizal Fauzi\\public\\index.php')
CRITICAL - 2025-03-14 01:16:34 --> ErrorException: Undefined variable $request
[Method: POST, Route: transaction/process]
in APPPATH\Controllers\TransactionController.php on line 115.
 1 APPPATH\Controllers\TransactionController.php(115): CodeIgniter\Debug\Exceptions->errorHandler(2, 'Undefined variable $request', 'C:\\laragon\\www\\HIS PPOB-Muhammad Rizal Fauzi\\app\\Controllers\\TransactionController.php', 115)
 2 SYSTEMPATH\CodeIgniter.php(933): App\Controllers\TransactionController->processTopup()
 3 SYSTEMPATH\CodeIgniter.php(507): CodeIgniter\CodeIgniter->runController(Object(App\Controllers\TransactionController))
 4 SYSTEMPATH\CodeIgniter.php(354): CodeIgniter\CodeIgniter->handleRequest(null, Object(Config\Cache), false)
 5 SYSTEMPATH\Boot.php(334): CodeIgniter\CodeIgniter->run()
 6 SYSTEMPATH\Boot.php(67): CodeIgniter\Boot::runCodeIgniter(Object(CodeIgniter\CodeIgniter))
 7 FCPATH\index.php(56): CodeIgniter\Boot::bootWeb(Object(Config\Paths))
 8 SYSTEMPATH\rewrite.php(44): require_once('C:\\laragon\\www\\HIS PPOB-Muhammad Rizal Fauzi\\public\\index.php')
CRITICAL - 2025-03-14 01:17:05 --> ErrorException: Undefined variable $request
[Method: POST, Route: transaction/process]
in APPPATH\Controllers\TransactionController.php on line 115.
 1 APPPATH\Controllers\TransactionController.php(115): CodeIgniter\Debug\Exceptions->errorHandler(2, 'Undefined variable $request', 'C:\\laragon\\www\\HIS PPOB-Muhammad Rizal Fauzi\\app\\Controllers\\TransactionController.php', 115)
 2 SYSTEMPATH\CodeIgniter.php(933): App\Controllers\TransactionController->processTopup()
 3 SYSTEMPATH\CodeIgniter.php(507): CodeIgniter\CodeIgniter->runController(Object(App\Controllers\TransactionController))
 4 SYSTEMPATH\CodeIgniter.php(354): CodeIgniter\CodeIgniter->handleRequest(null, Object(Config\Cache), false)
 5 SYSTEMPATH\Boot.php(334): CodeIgniter\CodeIgniter->run()
 6 SYSTEMPATH\Boot.php(67): CodeIgniter\Boot::runCodeIgniter(Object(CodeIgniter\CodeIgniter))
 7 FCPATH\index.php(56): CodeIgniter\Boot::bootWeb(Object(Config\Paths))
 8 SYSTEMPATH\rewrite.php(44): require_once('C:\\laragon\\www\\HIS PPOB-Muhammad Rizal Fauzi\\public\\index.php')
CRITICAL - 2025-03-14 01:17:25 --> ErrorException: Undefined variable $request
[Method: POST, Route: transaction/process]
in APPPATH\Controllers\TransactionController.php on line 115.
 1 APPPATH\Controllers\TransactionController.php(115): CodeIgniter\Debug\Exceptions->errorHandler(2, 'Undefined variable $request', 'C:\\laragon\\www\\HIS PPOB-Muhammad Rizal Fauzi\\app\\Controllers\\TransactionController.php', 115)
 2 SYSTEMPATH\CodeIgniter.php(933): App\Controllers\TransactionController->processTopup()
 3 SYSTEMPATH\CodeIgniter.php(507): CodeIgniter\CodeIgniter->runController(Object(App\Controllers\TransactionController))
 4 SYSTEMPATH\CodeIgniter.php(354): CodeIgniter\CodeIgniter->handleRequest(null, Object(Config\Cache), false)
 5 SYSTEMPATH\Boot.php(334): CodeIgniter\CodeIgniter->run()
 6 SYSTEMPATH\Boot.php(67): CodeIgniter\Boot::runCodeIgniter(Object(CodeIgniter\CodeIgniter))
 7 FCPATH\index.php(56): CodeIgniter\Boot::bootWeb(Object(Config\Paths))
 8 SYSTEMPATH\rewrite.php(44): require_once('C:\\laragon\\www\\HIS PPOB-Muhammad Rizal Fauzi\\public\\index.php')
ERROR - 2025-03-14 01:19:48 --> API Response: {"status":404,"message":"URL Not Found","data":null}
ERROR - 2025-03-14 01:19:55 --> API Response: {"status":404,"message":"URL Not Found","data":null}
CRITICAL - 2025-03-14 01:21:07 --> CodeIgniter\HTTP\Exceptions\HTTPException: 22 : The requested URL returned error: 404
[Method: POST, Route: transaction/process]
in SYSTEMPATH\HTTP\CURLRequest.php on line 709.
 1 SYSTEMPATH\HTTP\CURLRequest.php(709): CodeIgniter\HTTP\Exceptions\HTTPException::forCurlError('22', 'The requested URL returned error: 404')
 2 SYSTEMPATH\HTTP\CURLRequest.php(383): CodeIgniter\HTTP\CURLRequest->sendRequest([...])
 3 SYSTEMPATH\HTTP\CURLRequest.php(152): CodeIgniter\HTTP\CURLRequest->send('POST', 'https://api-doc-tht.nutech-integrasi.com/topup')
 4 APPPATH\Controllers\TransactionController.php(134): CodeIgniter\HTTP\CURLRequest->request('POST', 'https://api-doc-tht.nutech-integrasi.com/topup', [...])
 5 SYSTEMPATH\CodeIgniter.php(933): App\Controllers\TransactionController->processTopup()
 6 SYSTEMPATH\CodeIgniter.php(507): CodeIgniter\CodeIgniter->runController(Object(App\Controllers\TransactionController))
 7 SYSTEMPATH\CodeIgniter.php(354): CodeIgniter\CodeIgniter->handleRequest(null, Object(Config\Cache), false)
 8 SYSTEMPATH\Boot.php(334): CodeIgniter\CodeIgniter->run()
 9 SYSTEMPATH\Boot.php(67): CodeIgniter\Boot::runCodeIgniter(Object(CodeIgniter\CodeIgniter))
10 FCPATH\index.php(56): CodeIgniter\Boot::bootWeb(Object(Config\Paths))
11 SYSTEMPATH\rewrite.php(44): require_once('C:\\laragon\\www\\HIS PPOB-Muhammad Rizal Fauzi\\public\\index.php')
CRITICAL - 2025-03-14 01:21:36 --> CodeIgniter\HTTP\Exceptions\HTTPException: 1 : Protocol "hhttps" not supported
[Method: POST, Route: transaction/process]
in SYSTEMPATH\HTTP\CURLRequest.php on line 709.
 1 SYSTEMPATH\HTTP\CURLRequest.php(709): CodeIgniter\HTTP\Exceptions\HTTPException::forCurlError('1', 'Protocol "hhttps" not supported')
 2 SYSTEMPATH\HTTP\CURLRequest.php(383): CodeIgniter\HTTP\CURLRequest->sendRequest([...])
 3 SYSTEMPATH\HTTP\CURLRequest.php(152): CodeIgniter\HTTP\CURLRequest->send('POST', 'hhttps://take-home-test-api.nutech-integrasi.com/topup')
 4 APPPATH\Controllers\TransactionController.php(134): CodeIgniter\HTTP\CURLRequest->request('POST', 'hhttps://take-home-test-api.nutech-integrasi.com/topup', [...])
 5 SYSTEMPATH\CodeIgniter.php(933): App\Controllers\TransactionController->processTopup()
 6 SYSTEMPATH\CodeIgniter.php(507): CodeIgniter\CodeIgniter->runController(Object(App\Controllers\TransactionController))
 7 SYSTEMPATH\CodeIgniter.php(354): CodeIgniter\CodeIgniter->handleRequest(null, Object(Config\Cache), false)
 8 SYSTEMPATH\Boot.php(334): CodeIgniter\CodeIgniter->run()
 9 SYSTEMPATH\Boot.php(67): CodeIgniter\Boot::runCodeIgniter(Object(CodeIgniter\CodeIgniter))
10 FCPATH\index.php(56): CodeIgniter\Boot::bootWeb(Object(Config\Paths))
11 SYSTEMPATH\rewrite.php(44): require_once('C:\\laragon\\www\\HIS PPOB-Muhammad Rizal Fauzi\\public\\index.php')
ERROR - 2025-03-14 01:24:04 --> API Response: {"status":0,"message":"Top Up Balance berhasil","data":{"balance":1520000}}
ERROR - 2025-03-14 01:33:42 --> API Response: {"status":0,"message":"Top Up Balance berhasil","data":{"balance":1570000}}
ERROR - 2025-03-14 01:36:40 --> API Response: {"status":0,"message":"Top Up Balance berhasil","data":{"balance":1580000}}
ERROR - 2025-03-14 01:38:30 --> API Response: {"status":0,"message":"Top Up Balance berhasil","data":{"balance":1590000}}
ERROR - 2025-03-14 01:38:44 --> API Response: {"status":0,"message":"Top Up Balance berhasil","data":{"balance":1600000}}
CRITICAL - 2025-03-14 03:04:15 --> Error: Class "App\Controllers\TransactionModel" not found
[Method: GET, Route: transaction/more]
in APPPATH\Controllers\TransactionController.php on line 201.
 1 SYSTEMPATH\CodeIgniter.php(933): App\Controllers\TransactionController->more()
 2 SYSTEMPATH\CodeIgniter.php(507): CodeIgniter\CodeIgniter->runController(Object(App\Controllers\TransactionController))
 3 SYSTEMPATH\CodeIgniter.php(354): CodeIgniter\CodeIgniter->handleRequest(null, Object(Config\Cache), false)
 4 SYSTEMPATH\Boot.php(334): CodeIgniter\CodeIgniter->run()
 5 SYSTEMPATH\Boot.php(67): CodeIgniter\Boot::runCodeIgniter(Object(CodeIgniter\CodeIgniter))
 6 FCPATH\index.php(56): CodeIgniter\Boot::bootWeb(Object(Config\Paths))
 7 SYSTEMPATH\rewrite.php(44): require_once('C:\\laragon\\www\\HIS PPOB-Muhammad Rizal Fauzi\\public\\index.php')
CRITICAL - 2025-03-14 03:04:17 --> Error: Class "App\Controllers\TransactionModel" not found
[Method: GET, Route: transaction/more]
in APPPATH\Controllers\TransactionController.php on line 201.
 1 SYSTEMPATH\CodeIgniter.php(933): App\Controllers\TransactionController->more()
 2 SYSTEMPATH\CodeIgniter.php(507): CodeIgniter\CodeIgniter->runController(Object(App\Controllers\TransactionController))
 3 SYSTEMPATH\CodeIgniter.php(354): CodeIgniter\CodeIgniter->handleRequest(null, Object(Config\Cache), false)
 4 SYSTEMPATH\Boot.php(334): CodeIgniter\CodeIgniter->run()
 5 SYSTEMPATH\Boot.php(67): CodeIgniter\Boot::runCodeIgniter(Object(CodeIgniter\CodeIgniter))
 6 FCPATH\index.php(56): CodeIgniter\Boot::bootWeb(Object(Config\Paths))
 7 SYSTEMPATH\rewrite.php(44): require_once('C:\\laragon\\www\\HIS PPOB-Muhammad Rizal Fauzi\\public\\index.php')
CRITICAL - 2025-03-14 03:04:18 --> Error: Class "App\Controllers\TransactionModel" not found
[Method: GET, Route: transaction/more]
in APPPATH\Controllers\TransactionController.php on line 201.
 1 SYSTEMPATH\CodeIgniter.php(933): App\Controllers\TransactionController->more()
 2 SYSTEMPATH\CodeIgniter.php(507): CodeIgniter\CodeIgniter->runController(Object(App\Controllers\TransactionController))
 3 SYSTEMPATH\CodeIgniter.php(354): CodeIgniter\CodeIgniter->handleRequest(null, Object(Config\Cache), false)
 4 SYSTEMPATH\Boot.php(334): CodeIgniter\CodeIgniter->run()
 5 SYSTEMPATH\Boot.php(67): CodeIgniter\Boot::runCodeIgniter(Object(CodeIgniter\CodeIgniter))
 6 FCPATH\index.php(56): CodeIgniter\Boot::bootWeb(Object(Config\Paths))
 7 SYSTEMPATH\rewrite.php(44): require_once('C:\\laragon\\www\\HIS PPOB-Muhammad Rizal Fauzi\\public\\index.php')
CRITICAL - 2025-03-14 03:05:36 --> Error: Class "App\Controllers\TransactionModel" not found
[Method: GET, Route: transaction/more]
in APPPATH\Controllers\TransactionController.php on line 201.
 1 SYSTEMPATH\CodeIgniter.php(933): App\Controllers\TransactionController->more()
 2 SYSTEMPATH\CodeIgniter.php(507): CodeIgniter\CodeIgniter->runController(Object(App\Controllers\TransactionController))
 3 SYSTEMPATH\CodeIgniter.php(354): CodeIgniter\CodeIgniter->handleRequest(null, Object(Config\Cache), false)
 4 SYSTEMPATH\Boot.php(334): CodeIgniter\CodeIgniter->run()
 5 SYSTEMPATH\Boot.php(67): CodeIgniter\Boot::runCodeIgniter(Object(CodeIgniter\CodeIgniter))
 6 FCPATH\index.php(56): CodeIgniter\Boot::bootWeb(Object(Config\Paths))
 7 SYSTEMPATH\rewrite.php(44): require_once('C:\\laragon\\www\\HIS PPOB-Muhammad Rizal Fauzi\\public\\index.php')
CRITICAL - 2025-03-14 03:05:38 --> Error: Class "App\Controllers\TransactionModel" not found
[Method: GET, Route: transaction/more]
in APPPATH\Controllers\TransactionController.php on line 201.
 1 SYSTEMPATH\CodeIgniter.php(933): App\Controllers\TransactionController->more()
 2 SYSTEMPATH\CodeIgniter.php(507): CodeIgniter\CodeIgniter->runController(Object(App\Controllers\TransactionController))
 3 SYSTEMPATH\CodeIgniter.php(354): CodeIgniter\CodeIgniter->handleRequest(null, Object(Config\Cache), false)
 4 SYSTEMPATH\Boot.php(334): CodeIgniter\CodeIgniter->run()
 5 SYSTEMPATH\Boot.php(67): CodeIgniter\Boot::runCodeIgniter(Object(CodeIgniter\CodeIgniter))
 6 FCPATH\index.php(56): CodeIgniter\Boot::bootWeb(Object(Config\Paths))
 7 SYSTEMPATH\rewrite.php(44): require_once('C:\\laragon\\www\\HIS PPOB-Muhammad Rizal Fauzi\\public\\index.php')
CRITICAL - 2025-03-14 03:05:45 --> Error: Class "App\Controllers\TransactionModel" not found
[Method: GET, Route: transaction/more]
in APPPATH\Controllers\TransactionController.php on line 201.
 1 SYSTEMPATH\CodeIgniter.php(933): App\Controllers\TransactionController->more()
 2 SYSTEMPATH\CodeIgniter.php(507): CodeIgniter\CodeIgniter->runController(Object(App\Controllers\TransactionController))
 3 SYSTEMPATH\CodeIgniter.php(354): CodeIgniter\CodeIgniter->handleRequest(null, Object(Config\Cache), false)
 4 SYSTEMPATH\Boot.php(334): CodeIgniter\CodeIgniter->run()
 5 SYSTEMPATH\Boot.php(67): CodeIgniter\Boot::runCodeIgniter(Object(CodeIgniter\CodeIgniter))
 6 FCPATH\index.php(56): CodeIgniter\Boot::bootWeb(Object(Config\Paths))
 7 SYSTEMPATH\rewrite.php(44): require_once('C:\\laragon\\www\\HIS PPOB-Muhammad Rizal Fauzi\\public\\index.php')
CRITICAL - 2025-03-14 03:07:29 --> CodeIgniter\HTTP\Exceptions\HTTPException: 22 : The requested URL returned error: 404
[Method: GET, Route: transaction/more]
in SYSTEMPATH\HTTP\CURLRequest.php on line 709.
 1 SYSTEMPATH\HTTP\CURLRequest.php(709): CodeIgniter\HTTP\Exceptions\HTTPException::forCurlError('22', 'The requested URL returned error: 404')
 2 SYSTEMPATH\HTTP\CURLRequest.php(383): CodeIgniter\HTTP\CURLRequest->sendRequest([...])
 3 SYSTEMPATH\HTTP\CURLRequest.php(152): CodeIgniter\HTTP\CURLRequest->send('GET', 'https://api-doc-tht.nutech-integrasi.com/transactions?page=2&per_page=10')
 4 SYSTEMPATH\HTTP\CURLRequest.php(187): CodeIgniter\HTTP\CURLRequest->request('GET', 'https://api-doc-tht.nutech-integrasi.com/transactions?page=2&per_page=10', [...])
 5 APPPATH\Controllers\TransactionController.php(203): CodeIgniter\HTTP\CURLRequest->get('https://api-doc-tht.nutech-integrasi.com/transactions?page=2&per_page=10', [...])
 6 SYSTEMPATH\CodeIgniter.php(933): App\Controllers\TransactionController->more()
 7 SYSTEMPATH\CodeIgniter.php(507): CodeIgniter\CodeIgniter->runController(Object(App\Controllers\TransactionController))
 8 SYSTEMPATH\CodeIgniter.php(354): CodeIgniter\CodeIgniter->handleRequest(null, Object(Config\Cache), false)
 9 SYSTEMPATH\Boot.php(334): CodeIgniter\CodeIgniter->run()
10 SYSTEMPATH\Boot.php(67): CodeIgniter\Boot::runCodeIgniter(Object(CodeIgniter\CodeIgniter))
11 FCPATH\index.php(56): CodeIgniter\Boot::bootWeb(Object(Config\Paths))
12 SYSTEMPATH\rewrite.php(44): require_once('C:\\laragon\\www\\HIS PPOB-Muhammad Rizal Fauzi\\public\\index.php')
CRITICAL - 2025-03-14 03:07:30 --> CodeIgniter\HTTP\Exceptions\HTTPException: 22 : The requested URL returned error: 404
[Method: GET, Route: transaction/more]
in SYSTEMPATH\HTTP\CURLRequest.php on line 709.
 1 SYSTEMPATH\HTTP\CURLRequest.php(709): CodeIgniter\HTTP\Exceptions\HTTPException::forCurlError('22', 'The requested URL returned error: 404')
 2 SYSTEMPATH\HTTP\CURLRequest.php(383): CodeIgniter\HTTP\CURLRequest->sendRequest([...])
 3 SYSTEMPATH\HTTP\CURLRequest.php(152): CodeIgniter\HTTP\CURLRequest->send('GET', 'https://api-doc-tht.nutech-integrasi.com/transactions?page=2&per_page=10')
 4 SYSTEMPATH\HTTP\CURLRequest.php(187): CodeIgniter\HTTP\CURLRequest->request('GET', 'https://api-doc-tht.nutech-integrasi.com/transactions?page=2&per_page=10', [...])
 5 APPPATH\Controllers\TransactionController.php(203): CodeIgniter\HTTP\CURLRequest->get('https://api-doc-tht.nutech-integrasi.com/transactions?page=2&per_page=10', [...])
 6 SYSTEMPATH\CodeIgniter.php(933): App\Controllers\TransactionController->more()
 7 SYSTEMPATH\CodeIgniter.php(507): CodeIgniter\CodeIgniter->runController(Object(App\Controllers\TransactionController))
 8 SYSTEMPATH\CodeIgniter.php(354): CodeIgniter\CodeIgniter->handleRequest(null, Object(Config\Cache), false)
 9 SYSTEMPATH\Boot.php(334): CodeIgniter\CodeIgniter->run()
10 SYSTEMPATH\Boot.php(67): CodeIgniter\Boot::runCodeIgniter(Object(CodeIgniter\CodeIgniter))
11 FCPATH\index.php(56): CodeIgniter\Boot::bootWeb(Object(Config\Paths))
12 SYSTEMPATH\rewrite.php(44): require_once('C:\\laragon\\www\\HIS PPOB-Muhammad Rizal Fauzi\\public\\index.php')
CRITICAL - 2025-03-14 03:07:34 --> CodeIgniter\HTTP\Exceptions\HTTPException: 22 : The requested URL returned error: 404
[Method: GET, Route: transaction/more]
in SYSTEMPATH\HTTP\CURLRequest.php on line 709.
 1 SYSTEMPATH\HTTP\CURLRequest.php(709): CodeIgniter\HTTP\Exceptions\HTTPException::forCurlError('22', 'The requested URL returned error: 404')
 2 SYSTEMPATH\HTTP\CURLRequest.php(383): CodeIgniter\HTTP\CURLRequest->sendRequest([...])
 3 SYSTEMPATH\HTTP\CURLRequest.php(152): CodeIgniter\HTTP\CURLRequest->send('GET', 'https://api-doc-tht.nutech-integrasi.com/transactions?page=2&per_page=10')
 4 SYSTEMPATH\HTTP\CURLRequest.php(187): CodeIgniter\HTTP\CURLRequest->request('GET', 'https://api-doc-tht.nutech-integrasi.com/transactions?page=2&per_page=10', [...])
 5 APPPATH\Controllers\TransactionController.php(203): CodeIgniter\HTTP\CURLRequest->get('https://api-doc-tht.nutech-integrasi.com/transactions?page=2&per_page=10', [...])
 6 SYSTEMPATH\CodeIgniter.php(933): App\Controllers\TransactionController->more()
 7 SYSTEMPATH\CodeIgniter.php(507): CodeIgniter\CodeIgniter->runController(Object(App\Controllers\TransactionController))
 8 SYSTEMPATH\CodeIgniter.php(354): CodeIgniter\CodeIgniter->handleRequest(null, Object(Config\Cache), false)
 9 SYSTEMPATH\Boot.php(334): CodeIgniter\CodeIgniter->run()
10 SYSTEMPATH\Boot.php(67): CodeIgniter\Boot::runCodeIgniter(Object(CodeIgniter\CodeIgniter))
11 FCPATH\index.php(56): CodeIgniter\Boot::bootWeb(Object(Config\Paths))
12 SYSTEMPATH\rewrite.php(44): require_once('C:\\laragon\\www\\HIS PPOB-Muhammad Rizal Fauzi\\public\\index.php')
CRITICAL - 2025-03-14 03:08:08 --> CodeIgniter\HTTP\Exceptions\HTTPException: 22 : The requested URL returned error: 404
[Method: GET, Route: transaction/more]
in SYSTEMPATH\HTTP\CURLRequest.php on line 709.
 1 SYSTEMPATH\HTTP\CURLRequest.php(709): CodeIgniter\HTTP\Exceptions\HTTPException::forCurlError('22', 'The requested URL returned error: 404')
 2 SYSTEMPATH\HTTP\CURLRequest.php(383): CodeIgniter\HTTP\CURLRequest->sendRequest([...])
 3 SYSTEMPATH\HTTP\CURLRequest.php(152): CodeIgniter\HTTP\CURLRequest->send('GET', 'https://take-home-test-api.nutech-integrasi.com/transactions?page=2&per_page=10')
 4 SYSTEMPATH\HTTP\CURLRequest.php(187): CodeIgniter\HTTP\CURLRequest->request('GET', 'https://take-home-test-api.nutech-integrasi.com/transactions?page=2&per_page=10', [...])
 5 APPPATH\Controllers\TransactionController.php(203): CodeIgniter\HTTP\CURLRequest->get('https://take-home-test-api.nutech-integrasi.com/transactions?page=2&per_page=10', [...])
 6 SYSTEMPATH\CodeIgniter.php(933): App\Controllers\TransactionController->more()
 7 SYSTEMPATH\CodeIgniter.php(507): CodeIgniter\CodeIgniter->runController(Object(App\Controllers\TransactionController))
 8 SYSTEMPATH\CodeIgniter.php(354): CodeIgniter\CodeIgniter->handleRequest(null, Object(Config\Cache), false)
 9 SYSTEMPATH\Boot.php(334): CodeIgniter\CodeIgniter->run()
10 SYSTEMPATH\Boot.php(67): CodeIgniter\Boot::runCodeIgniter(Object(CodeIgniter\CodeIgniter))
11 FCPATH\index.php(56): CodeIgniter\Boot::bootWeb(Object(Config\Paths))
12 SYSTEMPATH\rewrite.php(44): require_once('C:\\laragon\\www\\HIS PPOB-Muhammad Rizal Fauzi\\public\\index.php')
CRITICAL - 2025-03-14 03:08:41 --> CodeIgniter\HTTP\Exceptions\HTTPException: 22 : The requested URL returned error: 401
[Method: GET, Route: transaction/more]
in SYSTEMPATH\HTTP\CURLRequest.php on line 709.
 1 SYSTEMPATH\HTTP\CURLRequest.php(709): CodeIgniter\HTTP\Exceptions\HTTPException::forCurlError('22', 'The requested URL returned error: 401')
 2 SYSTEMPATH\HTTP\CURLRequest.php(383): CodeIgniter\HTTP\CURLRequest->sendRequest([...])
 3 SYSTEMPATH\HTTP\CURLRequest.php(152): CodeIgniter\HTTP\CURLRequest->send('GET', 'https://take-home-test-api.nutech-integrasi.com/transaction/history')
 4 SYSTEMPATH\HTTP\CURLRequest.php(187): CodeIgniter\HTTP\CURLRequest->request('GET', 'https://take-home-test-api.nutech-integrasi.com/transaction/history', [...])
 5 APPPATH\Controllers\TransactionController.php(203): CodeIgniter\HTTP\CURLRequest->get('https://take-home-test-api.nutech-integrasi.com/transaction/history', [...])
 6 SYSTEMPATH\CodeIgniter.php(933): App\Controllers\TransactionController->more()
 7 SYSTEMPATH\CodeIgniter.php(507): CodeIgniter\CodeIgniter->runController(Object(App\Controllers\TransactionController))
 8 SYSTEMPATH\CodeIgniter.php(354): CodeIgniter\CodeIgniter->handleRequest(null, Object(Config\Cache), false)
 9 SYSTEMPATH\Boot.php(334): CodeIgniter\CodeIgniter->run()
10 SYSTEMPATH\Boot.php(67): CodeIgniter\Boot::runCodeIgniter(Object(CodeIgniter\CodeIgniter))
11 FCPATH\index.php(56): CodeIgniter\Boot::bootWeb(Object(Config\Paths))
12 SYSTEMPATH\rewrite.php(44): require_once('C:\\laragon\\www\\HIS PPOB-Muhammad Rizal Fauzi\\public\\index.php')
CRITICAL - 2025-03-14 03:09:19 --> CodeIgniter\HTTP\Exceptions\HTTPException: 22 : The requested URL returned error: 401
[Method: GET, Route: transaction/more]
in SYSTEMPATH\HTTP\CURLRequest.php on line 709.
 1 SYSTEMPATH\HTTP\CURLRequest.php(709): CodeIgniter\HTTP\Exceptions\HTTPException::forCurlError('22', 'The requested URL returned error: 401')
 2 SYSTEMPATH\HTTP\CURLRequest.php(383): CodeIgniter\HTTP\CURLRequest->sendRequest([...])
 3 SYSTEMPATH\HTTP\CURLRequest.php(152): CodeIgniter\HTTP\CURLRequest->send('GET', 'https://take-home-test-api.nutech-integrasi.com/transaction/history')
 4 SYSTEMPATH\HTTP\CURLRequest.php(187): CodeIgniter\HTTP\CURLRequest->request('GET', 'https://take-home-test-api.nutech-integrasi.com/transaction/history', [...])
 5 APPPATH\Controllers\TransactionController.php(203): CodeIgniter\HTTP\CURLRequest->get('https://take-home-test-api.nutech-integrasi.com/transaction/history', [...])
 6 SYSTEMPATH\CodeIgniter.php(933): App\Controllers\TransactionController->more()
 7 SYSTEMPATH\CodeIgniter.php(507): CodeIgniter\CodeIgniter->runController(Object(App\Controllers\TransactionController))
 8 SYSTEMPATH\CodeIgniter.php(354): CodeIgniter\CodeIgniter->handleRequest(null, Object(Config\Cache), false)
 9 SYSTEMPATH\Boot.php(334): CodeIgniter\CodeIgniter->run()
10 SYSTEMPATH\Boot.php(67): CodeIgniter\Boot::runCodeIgniter(Object(CodeIgniter\CodeIgniter))
11 FCPATH\index.php(56): CodeIgniter\Boot::bootWeb(Object(Config\Paths))
12 SYSTEMPATH\rewrite.php(44): require_once('C:\\laragon\\www\\HIS PPOB-Muhammad Rizal Fauzi\\public\\index.php')
CRITICAL - 2025-03-14 03:09:48 --> CodeIgniter\HTTP\Exceptions\HTTPException: 22 : The requested URL returned error: 401
[Method: GET, Route: transaction/more]
in SYSTEMPATH\HTTP\CURLRequest.php on line 709.
 1 SYSTEMPATH\HTTP\CURLRequest.php(709): CodeIgniter\HTTP\Exceptions\HTTPException::forCurlError('22', 'The requested URL returned error: 401')
 2 SYSTEMPATH\HTTP\CURLRequest.php(383): CodeIgniter\HTTP\CURLRequest->sendRequest([...])
 3 SYSTEMPATH\HTTP\CURLRequest.php(152): CodeIgniter\HTTP\CURLRequest->send('GET', 'https://take-home-test-api.nutech-integrasi.com/transaction/history')
 4 SYSTEMPATH\HTTP\CURLRequest.php(187): CodeIgniter\HTTP\CURLRequest->request('GET', 'https://take-home-test-api.nutech-integrasi.com/transaction/history', [...])
 5 APPPATH\Controllers\TransactionController.php(203): CodeIgniter\HTTP\CURLRequest->get('https://take-home-test-api.nutech-integrasi.com/transaction/history', [...])
 6 SYSTEMPATH\CodeIgniter.php(933): App\Controllers\TransactionController->more()
 7 SYSTEMPATH\CodeIgniter.php(507): CodeIgniter\CodeIgniter->runController(Object(App\Controllers\TransactionController))
 8 SYSTEMPATH\CodeIgniter.php(354): CodeIgniter\CodeIgniter->handleRequest(null, Object(Config\Cache), false)
 9 SYSTEMPATH\Boot.php(334): CodeIgniter\CodeIgniter->run()
10 SYSTEMPATH\Boot.php(67): CodeIgniter\Boot::runCodeIgniter(Object(CodeIgniter\CodeIgniter))
11 FCPATH\index.php(56): CodeIgniter\Boot::bootWeb(Object(Config\Paths))
12 SYSTEMPATH\rewrite.php(44): require_once('C:\\laragon\\www\\HIS PPOB-Muhammad Rizal Fauzi\\public\\index.php')
CRITICAL - 2025-03-14 03:11:16 --> ErrorException: Undefined variable $session
[Method: GET, Route: transaction/more]
in APPPATH\Controllers\TransactionController.php on line 200.
 1 APPPATH\Controllers\TransactionController.php(200): CodeIgniter\Debug\Exceptions->errorHandler(2, 'Undefined variable $session', 'C:\\laragon\\www\\HIS PPOB-Muhammad Rizal Fauzi\\app\\Controllers\\TransactionController.php', 200)
 2 SYSTEMPATH\CodeIgniter.php(933): App\Controllers\TransactionController->more()
 3 SYSTEMPATH\CodeIgniter.php(507): CodeIgniter\CodeIgniter->runController(Object(App\Controllers\TransactionController))
 4 SYSTEMPATH\CodeIgniter.php(354): CodeIgniter\CodeIgniter->handleRequest(null, Object(Config\Cache), false)
 5 SYSTEMPATH\Boot.php(334): CodeIgniter\CodeIgniter->run()
 6 SYSTEMPATH\Boot.php(67): CodeIgniter\Boot::runCodeIgniter(Object(CodeIgniter\CodeIgniter))
 7 FCPATH\index.php(56): CodeIgniter\Boot::bootWeb(Object(Config\Paths))
 8 SYSTEMPATH\rewrite.php(44): require_once('C:\\laragon\\www\\HIS PPOB-Muhammad Rizal Fauzi\\public\\index.php')
CRITICAL - 2025-03-14 03:18:26 --> ParseError: Unclosed '{' on line 9
[Method: GET, Route: transaction]
in APPPATH\Controllers\TransactionController.php on line 233.
 1 SYSTEMPATH\Autoloader\Autoloader.php(295): CodeIgniter\Autoloader\Autoloader->includeFile('C:\\laragon\\www\\HIS PPOB-Muhammad Rizal Fauzi\\app\\Controllers\\TransactionController.php')
 2 SYSTEMPATH\Autoloader\Autoloader.php(271): CodeIgniter\Autoloader\Autoloader->loadInNamespace('App\\Controllers\\TransactionController')
 3 [internal function]: CodeIgniter\Autoloader\Autoloader->loadClass('App\\Controllers\\TransactionController')
 4 SYSTEMPATH\CodeIgniter.php(885): class_exists('\\App\\Controllers\\TransactionController', true)
 5 SYSTEMPATH\CodeIgniter.php(494): CodeIgniter\CodeIgniter->startController()
 6 SYSTEMPATH\CodeIgniter.php(354): CodeIgniter\CodeIgniter->handleRequest(null, Object(Config\Cache), false)
 7 SYSTEMPATH\Boot.php(334): CodeIgniter\CodeIgniter->run()
 8 SYSTEMPATH\Boot.php(67): CodeIgniter\Boot::runCodeIgniter(Object(CodeIgniter\CodeIgniter))
 9 FCPATH\index.php(56): CodeIgniter\Boot::bootWeb(Object(Config\Paths))
10 SYSTEMPATH\rewrite.php(44): require_once('C:\\laragon\\www\\HIS PPOB-Muhammad Rizal Fauzi\\public\\index.php')
CRITICAL - 2025-03-14 03:24:04 --> CodeIgniter\HTTP\Exceptions\HTTPException: 28 : Failed to connect to take-home-test-api.nutech-integrasi.com port 443 after 21047 ms: Could not connect to server
[Method: GET, Route: transaction/more]
in SYSTEMPATH\HTTP\CURLRequest.php on line 709.
 1 SYSTEMPATH\HTTP\CURLRequest.php(709): CodeIgniter\HTTP\Exceptions\HTTPException::forCurlError('28', 'Failed to connect to take-home-test-api.nutech-integrasi.com port 443 after 21047 ms: Could not connect to server')
 2 SYSTEMPATH\HTTP\CURLRequest.php(383): CodeIgniter\HTTP\CURLRequest->sendRequest([...])
 3 SYSTEMPATH\HTTP\CURLRequest.php(152): CodeIgniter\HTTP\CURLRequest->send('GET', 'https://take-home-test-api.nutech-integrasi.com/transaction/history?limit=10&offset=10')
 4 SYSTEMPATH\HTTP\CURLRequest.php(187): CodeIgniter\HTTP\CURLRequest->request('GET', 'https://take-home-test-api.nutech-integrasi.com/transaction/history', [...])
 5 APPPATH\Controllers\TransactionController.php(176): CodeIgniter\HTTP\CURLRequest->get('https://take-home-test-api.nutech-integrasi.com/transaction/history', [...])
 6 SYSTEMPATH\CodeIgniter.php(933): App\Controllers\TransactionController->more()
 7 SYSTEMPATH\CodeIgniter.php(507): CodeIgniter\CodeIgniter->runController(Object(App\Controllers\TransactionController))
 8 SYSTEMPATH\CodeIgniter.php(354): CodeIgniter\CodeIgniter->handleRequest(null, Object(Config\Cache), false)
 9 SYSTEMPATH\Boot.php(334): CodeIgniter\CodeIgniter->run()
10 SYSTEMPATH\Boot.php(67): CodeIgniter\Boot::runCodeIgniter(Object(CodeIgniter\CodeIgniter))
11 FCPATH\index.php(56): CodeIgniter\Boot::bootWeb(Object(Config\Paths))
12 SYSTEMPATH\rewrite.php(44): require_once('C:\\laragon\\www\\HIS PPOB-Muhammad Rizal Fauzi\\public\\index.php')
CRITICAL - 2025-03-14 03:58:29 --> ErrorException: Undefined variable $name
[Method: GET, Route: dashboard]
in APPPATH\Views\Dashboard\dashboard.php on line 64.
 1 APPPATH\Views\Dashboard\dashboard.php(64): CodeIgniter\Debug\Exceptions->errorHandler(2, 'Undefined variable $name', 'C:\\laragon\\www\\HIS PPOB-Muhammad Rizal Fauzi\\app\\Views\\Dashboard\\dashboard.php', 64)
 2 SYSTEMPATH\View\View.php(224): include('C:\\laragon\\www\\HIS PPOB-Muhammad Rizal Fauzi\\app\\Views\\Dashboard\\dashboard.php')
 3 SYSTEMPATH\View\View.php(227): CodeIgniter\View\View->{closure:CodeIgniter\View\View::render():221}()
 4 SYSTEMPATH\Common.php(1173): CodeIgniter\View\View->render('dashboard/dashboard', [], true)
 5 APPPATH\Controllers\DashboardController.php(40): view('dashboard/dashboard', [...])
 6 SYSTEMPATH\CodeIgniter.php(933): App\Controllers\DashboardController->index()
 7 SYSTEMPATH\CodeIgniter.php(507): CodeIgniter\CodeIgniter->runController(Object(App\Controllers\DashboardController))
 8 SYSTEMPATH\CodeIgniter.php(354): CodeIgniter\CodeIgniter->handleRequest(null, Object(Config\Cache), false)
 9 SYSTEMPATH\Boot.php(334): CodeIgniter\CodeIgniter->run()
10 SYSTEMPATH\Boot.php(67): CodeIgniter\Boot::runCodeIgniter(Object(CodeIgniter\CodeIgniter))
11 FCPATH\index.php(56): CodeIgniter\Boot::bootWeb(Object(Config\Paths))
12 SYSTEMPATH\rewrite.php(44): require_once('C:\\laragon\\www\\HIS PPOB-Muhammad Rizal Fauzi\\public\\index.php')
CRITICAL - 2025-03-14 03:59:54 --> ErrorException: Undefined variable $name
[Method: GET, Route: dashboard]
in APPPATH\Views\Dashboard\dashboard.php on line 64.
 1 APPPATH\Views\Dashboard\dashboard.php(64): CodeIgniter\Debug\Exceptions->errorHandler(2, 'Undefined variable $name', 'C:\\laragon\\www\\HIS PPOB-Muhammad Rizal Fauzi\\app\\Views\\Dashboard\\dashboard.php', 64)
 2 SYSTEMPATH\View\View.php(224): include('C:\\laragon\\www\\HIS PPOB-Muhammad Rizal Fauzi\\app\\Views\\Dashboard\\dashboard.php')
 3 SYSTEMPATH\View\View.php(227): CodeIgniter\View\View->{closure:CodeIgniter\View\View::render():221}()
 4 SYSTEMPATH\Common.php(1173): CodeIgniter\View\View->render('dashboard/dashboard', [], true)
 5 APPPATH\Controllers\DashboardController.php(40): view('dashboard/dashboard', [...])
 6 SYSTEMPATH\CodeIgniter.php(933): App\Controllers\DashboardController->index()
 7 SYSTEMPATH\CodeIgniter.php(507): CodeIgniter\CodeIgniter->runController(Object(App\Controllers\DashboardController))
 8 SYSTEMPATH\CodeIgniter.php(354): CodeIgniter\CodeIgniter->handleRequest(null, Object(Config\Cache), false)
 9 SYSTEMPATH\Boot.php(334): CodeIgniter\CodeIgniter->run()
10 SYSTEMPATH\Boot.php(67): CodeIgniter\Boot::runCodeIgniter(Object(CodeIgniter\CodeIgniter))
11 FCPATH\index.php(56): CodeIgniter\Boot::bootWeb(Object(Config\Paths))
12 SYSTEMPATH\rewrite.php(44): require_once('C:\\laragon\\www\\HIS PPOB-Muhammad Rizal Fauzi\\public\\index.php')
CRITICAL - 2025-03-14 04:47:31 --> Error: Call to undefined method App\Controllers\TransactionController::sendToPaymentAPI()
[Method: POST, Route: transaction/payment]
in APPPATH\Controllers\TransactionController.php on line 211.
 1 SYSTEMPATH\CodeIgniter.php(933): App\Controllers\TransactionController->processPayment()
 2 SYSTEMPATH\CodeIgniter.php(507): CodeIgniter\CodeIgniter->runController(Object(App\Controllers\TransactionController))
 3 SYSTEMPATH\CodeIgniter.php(354): CodeIgniter\CodeIgniter->handleRequest(null, Object(Config\Cache), false)
 4 SYSTEMPATH\Boot.php(334): CodeIgniter\CodeIgniter->run()
 5 SYSTEMPATH\Boot.php(67): CodeIgniter\Boot::runCodeIgniter(Object(CodeIgniter\CodeIgniter))
 6 FCPATH\index.php(56): CodeIgniter\Boot::bootWeb(Object(Config\Paths))
 7 SYSTEMPATH\rewrite.php(44): require_once('C:\\laragon\\www\\HIS PPOB-Muhammad Rizal Fauzi\\public\\index.php')
CRITICAL - 2025-03-14 04:50:42 --> Error: Call to undefined method App\Controllers\TransactionController::sendToPaymentAPI()
[Method: POST, Route: transaction/payment]
in APPPATH\Controllers\TransactionController.php on line 211.
 1 SYSTEMPATH\CodeIgniter.php(933): App\Controllers\TransactionController->processPayment()
 2 SYSTEMPATH\CodeIgniter.php(507): CodeIgniter\CodeIgniter->runController(Object(App\Controllers\TransactionController))
 3 SYSTEMPATH\CodeIgniter.php(354): CodeIgniter\CodeIgniter->handleRequest(null, Object(Config\Cache), false)
 4 SYSTEMPATH\Boot.php(334): CodeIgniter\CodeIgniter->run()
 5 SYSTEMPATH\Boot.php(67): CodeIgniter\Boot::runCodeIgniter(Object(CodeIgniter\CodeIgniter))
 6 FCPATH\index.php(56): CodeIgniter\Boot::bootWeb(Object(Config\Paths))
 7 SYSTEMPATH\rewrite.php(44): require_once('C:\\laragon\\www\\HIS PPOB-Muhammad Rizal Fauzi\\public\\index.php')
CRITICAL - 2025-03-14 04:52:18 --> CodeIgniter\HTTP\Exceptions\HTTPException: 22 : The requested URL returned error: 500
[Method: POST, Route: transaction/payment]
in SYSTEMPATH\HTTP\CURLRequest.php on line 709.
 1 SYSTEMPATH\HTTP\CURLRequest.php(709): CodeIgniter\HTTP\Exceptions\HTTPException::forCurlError('22', 'The requested URL returned error: 500')
 2 SYSTEMPATH\HTTP\CURLRequest.php(383): CodeIgniter\HTTP\CURLRequest->sendRequest([...])
 3 SYSTEMPATH\HTTP\CURLRequest.php(152): CodeIgniter\HTTP\CURLRequest->send('POST', 'https://take-home-test-api.nutech-integrasi.com/services')
 4 SYSTEMPATH\HTTP\CURLRequest.php(227): CodeIgniter\HTTP\CURLRequest->request('POST', 'https://take-home-test-api.nutech-integrasi.com/services', [...])
 5 APPPATH\Controllers\TransactionController.php(232): CodeIgniter\HTTP\CURLRequest->post('https://take-home-test-api.nutech-integrasi.com/services', [...])
 6 APPPATH\Controllers\TransactionController.php(211): App\Controllers\TransactionController->sendToPaymentAPI('PGN', 'PGN Berlangganan', '50000')
 7 SYSTEMPATH\CodeIgniter.php(933): App\Controllers\TransactionController->processPayment()
 8 SYSTEMPATH\CodeIgniter.php(507): CodeIgniter\CodeIgniter->runController(Object(App\Controllers\TransactionController))
 9 SYSTEMPATH\CodeIgniter.php(354): CodeIgniter\CodeIgniter->handleRequest(null, Object(Config\Cache), false)
10 SYSTEMPATH\Boot.php(334): CodeIgniter\CodeIgniter->run()
11 SYSTEMPATH\Boot.php(67): CodeIgniter\Boot::runCodeIgniter(Object(CodeIgniter\CodeIgniter))
12 FCPATH\index.php(56): CodeIgniter\Boot::bootWeb(Object(Config\Paths))
13 SYSTEMPATH\rewrite.php(44): require_once('C:\\laragon\\www\\HIS PPOB-Muhammad Rizal Fauzi\\public\\index.php')
CRITICAL - 2025-03-14 04:54:01 --> CodeIgniter\HTTP\Exceptions\HTTPException: 22 : The requested URL returned error: 500
[Method: POST, Route: transaction/payment]
in SYSTEMPATH\HTTP\CURLRequest.php on line 709.
 1 SYSTEMPATH\HTTP\CURLRequest.php(709): CodeIgniter\HTTP\Exceptions\HTTPException::forCurlError('22', 'The requested URL returned error: 500')
 2 SYSTEMPATH\HTTP\CURLRequest.php(383): CodeIgniter\HTTP\CURLRequest->sendRequest([...])
 3 SYSTEMPATH\HTTP\CURLRequest.php(152): CodeIgniter\HTTP\CURLRequest->send('POST', 'https://take-home-test-api.nutech-integrasi.com/services')
 4 SYSTEMPATH\HTTP\CURLRequest.php(227): CodeIgniter\HTTP\CURLRequest->request('POST', 'https://take-home-test-api.nutech-integrasi.com/services', [...])
 5 APPPATH\Controllers\TransactionController.php(232): CodeIgniter\HTTP\CURLRequest->post('https://take-home-test-api.nutech-integrasi.com/services', [...])
 6 APPPATH\Controllers\TransactionController.php(211): App\Controllers\TransactionController->sendToPaymentAPI('PGN', 'PGN Berlangganan', '50000')
 7 SYSTEMPATH\CodeIgniter.php(933): App\Controllers\TransactionController->processPayment()
 8 SYSTEMPATH\CodeIgniter.php(507): CodeIgniter\CodeIgniter->runController(Object(App\Controllers\TransactionController))
 9 SYSTEMPATH\CodeIgniter.php(354): CodeIgniter\CodeIgniter->handleRequest(null, Object(Config\Cache), false)
10 SYSTEMPATH\Boot.php(334): CodeIgniter\CodeIgniter->run()
11 SYSTEMPATH\Boot.php(67): CodeIgniter\Boot::runCodeIgniter(Object(CodeIgniter\CodeIgniter))
12 FCPATH\index.php(56): CodeIgniter\Boot::bootWeb(Object(Config\Paths))
13 SYSTEMPATH\rewrite.php(44): require_once('C:\\laragon\\www\\HIS PPOB-Muhammad Rizal Fauzi\\public\\index.php')
CRITICAL - 2025-03-14 04:57:25 --> CodeIgniter\HTTP\Exceptions\BadRequestException: The URI you submitted has disallowed characters: "(:segment)"
[Method: GET, Route: payment/%28:segment%29]
in SYSTEMPATH\Router\Router.php on line 739.
 1 SYSTEMPATH\Router\Router.php(207): CodeIgniter\Router\Router->checkDisallowedChars('payment/(:segment)')
 2 SYSTEMPATH\CodeIgniter.php(832): CodeIgniter\Router\Router->handle('payment/(:segment)')
 3 SYSTEMPATH\CodeIgniter.php(455): CodeIgniter\CodeIgniter->tryToRouteIt(Object(CodeIgniter\Router\RouteCollection))
 4 SYSTEMPATH\CodeIgniter.php(354): CodeIgniter\CodeIgniter->handleRequest(null, Object(Config\Cache), false)
 5 SYSTEMPATH\Boot.php(334): CodeIgniter\CodeIgniter->run()
 6 SYSTEMPATH\Boot.php(67): CodeIgniter\Boot::runCodeIgniter(Object(CodeIgniter\CodeIgniter))
 7 FCPATH\index.php(56): CodeIgniter\Boot::bootWeb(Object(Config\Paths))
 8 SYSTEMPATH\rewrite.php(44): require_once('C:\\laragon\\www\\HIS PPOB-Muhammad Rizal Fauzi\\public\\index.php')
CRITICAL - 2025-03-14 10:17:20 --> CodeIgniter\HTTP\Exceptions\BadRequestException: The URI you submitted has disallowed characters: "(:segment)"
[Method: GET, Route: payment/%28:segment%29]
in SYSTEMPATH\Router\Router.php on line 739.
 1 SYSTEMPATH\Router\Router.php(207): CodeIgniter\Router\Router->checkDisallowedChars('payment/(:segment)')
 2 SYSTEMPATH\CodeIgniter.php(832): CodeIgniter\Router\Router->handle('payment/(:segment)')
 3 SYSTEMPATH\CodeIgniter.php(455): CodeIgniter\CodeIgniter->tryToRouteIt(Object(CodeIgniter\Router\RouteCollection))
 4 SYSTEMPATH\CodeIgniter.php(354): CodeIgniter\CodeIgniter->handleRequest(null, Object(Config\Cache), false)
 5 SYSTEMPATH\Boot.php(334): CodeIgniter\CodeIgniter->run()
 6 SYSTEMPATH\Boot.php(67): CodeIgniter\Boot::runCodeIgniter(Object(CodeIgniter\CodeIgniter))
 7 FCPATH\index.php(56): CodeIgniter\Boot::bootWeb(Object(Config\Paths))
 8 SYSTEMPATH\rewrite.php(44): require_once('C:\\laragon\\www\\HIS PPOB-Muhammad Rizal Fauzi\\public\\index.php')
ERROR - 2025-03-14 10:20:28 --> Error saat login: 22 : The requested URL returned error: 400
ERROR - 2025-03-14 10:33:28 --> Error saat login: 22 : The requested URL returned error: 400
ERROR - 2025-03-14 10:36:19 --> Error saat login: 22 : The requested URL returned error: 400
ERROR - 2025-03-14 10:37:08 --> Error saat login: 22 : The requested URL returned error: 400
ERROR - 2025-03-14 10:38:22 --> Error saat login: 22 : The requested URL returned error: 400
ERROR - 2025-03-14 10:39:50 --> Error saat login: 22 : The requested URL returned error: 400
CRITICAL - 2025-03-14 10:43:36 --> CodeIgniter\HTTP\Exceptions\BadRequestException: The URI you submitted has disallowed characters: "(:segment)"
[Method: GET, Route: payment/%28:segment%29]
in SYSTEMPATH\Router\Router.php on line 739.
 1 SYSTEMPATH\Router\Router.php(207): CodeIgniter\Router\Router->checkDisallowedChars('payment/(:segment)')
 2 SYSTEMPATH\CodeIgniter.php(832): CodeIgniter\Router\Router->handle('payment/(:segment)')
 3 SYSTEMPATH\CodeIgniter.php(455): CodeIgniter\CodeIgniter->tryToRouteIt(Object(CodeIgniter\Router\RouteCollection))
 4 SYSTEMPATH\CodeIgniter.php(354): CodeIgniter\CodeIgniter->handleRequest(null, Object(Config\Cache), false)
 5 SYSTEMPATH\Boot.php(334): CodeIgniter\CodeIgniter->run()
 6 SYSTEMPATH\Boot.php(67): CodeIgniter\Boot::runCodeIgniter(Object(CodeIgniter\CodeIgniter))
 7 FCPATH\index.php(56): CodeIgniter\Boot::bootWeb(Object(Config\Paths))
 8 SYSTEMPATH\rewrite.php(44): require_once('C:\\laragon\\www\\HIS PPOB-Muhammad Rizal Fauzi\\public\\index.php')
CRITICAL - 2025-03-14 10:50:16 --> CodeIgniter\HTTP\Exceptions\HTTPException: 6 : Could not resolve host: api.example.com
[Method: POST, Route: transaction/process]
in SYSTEMPATH\HTTP\CURLRequest.php on line 709.
 1 SYSTEMPATH\HTTP\CURLRequest.php(709): CodeIgniter\HTTP\Exceptions\HTTPException::forCurlError('6', 'Could not resolve host: api.example.com')
 2 SYSTEMPATH\HTTP\CURLRequest.php(383): CodeIgniter\HTTP\CURLRequest->sendRequest([...])
 3 SYSTEMPATH\HTTP\CURLRequest.php(152): CodeIgniter\HTTP\CURLRequest->send('POST', 'https://api.example.com/top-up')
 4 SYSTEMPATH\HTTP\CURLRequest.php(227): CodeIgniter\HTTP\CURLRequest->request('POST', 'https://api.example.com/top-up', [...])
 5 APPPATH\Controllers\TransactionController.php(212): CodeIgniter\HTTP\CURLRequest->post('https://api.example.com/top-up', [...])
 6 SYSTEMPATH\CodeIgniter.php(933): App\Controllers\TransactionController->processTopUp()
 7 SYSTEMPATH\CodeIgniter.php(507): CodeIgniter\CodeIgniter->runController(Object(App\Controllers\TransactionController))
 8 SYSTEMPATH\CodeIgniter.php(354): CodeIgniter\CodeIgniter->handleRequest(null, Object(Config\Cache), false)
 9 SYSTEMPATH\Boot.php(334): CodeIgniter\CodeIgniter->run()
10 SYSTEMPATH\Boot.php(67): CodeIgniter\Boot::runCodeIgniter(Object(CodeIgniter\CodeIgniter))
11 FCPATH\index.php(56): CodeIgniter\Boot::bootWeb(Object(Config\Paths))
12 SYSTEMPATH\rewrite.php(44): require_once('C:\\laragon\\www\\HIS PPOB-Muhammad Rizal Fauzi\\public\\index.php')
CRITICAL - 2025-03-14 10:51:23 --> CodeIgniter\HTTP\Exceptions\HTTPException: 22 : The requested URL returned error: 400
[Method: POST, Route: transaction/process]
in SYSTEMPATH\HTTP\CURLRequest.php on line 709.
 1 SYSTEMPATH\HTTP\CURLRequest.php(709): CodeIgniter\HTTP\Exceptions\HTTPException::forCurlError('22', 'The requested URL returned error: 400')
 2 SYSTEMPATH\HTTP\CURLRequest.php(383): CodeIgniter\HTTP\CURLRequest->sendRequest([...])
 3 SYSTEMPATH\HTTP\CURLRequest.php(152): CodeIgniter\HTTP\CURLRequest->send('POST', 'https://take-home-test-api.nutech-integrasi.com/topup')
 4 SYSTEMPATH\HTTP\CURLRequest.php(227): CodeIgniter\HTTP\CURLRequest->request('POST', 'https://take-home-test-api.nutech-integrasi.com/topup', [...])
 5 APPPATH\Controllers\TransactionController.php(212): CodeIgniter\HTTP\CURLRequest->post('https://take-home-test-api.nutech-integrasi.com/topup', [...])
 6 SYSTEMPATH\CodeIgniter.php(933): App\Controllers\TransactionController->processTopUp()
 7 SYSTEMPATH\CodeIgniter.php(507): CodeIgniter\CodeIgniter->runController(Object(App\Controllers\TransactionController))
 8 SYSTEMPATH\CodeIgniter.php(354): CodeIgniter\CodeIgniter->handleRequest(null, Object(Config\Cache), false)
 9 SYSTEMPATH\Boot.php(334): CodeIgniter\CodeIgniter->run()
10 SYSTEMPATH\Boot.php(67): CodeIgniter\Boot::runCodeIgniter(Object(CodeIgniter\CodeIgniter))
11 FCPATH\index.php(56): CodeIgniter\Boot::bootWeb(Object(Config\Paths))
12 SYSTEMPATH\rewrite.php(44): require_once('C:\\laragon\\www\\HIS PPOB-Muhammad Rizal Fauzi\\public\\index.php')
CRITICAL - 2025-03-14 10:52:35 --> CodeIgniter\HTTP\Exceptions\HTTPException: 22 : The requested URL returned error: 400
[Method: POST, Route: transaction/process]
in SYSTEMPATH\HTTP\CURLRequest.php on line 709.
 1 SYSTEMPATH\HTTP\CURLRequest.php(709): CodeIgniter\HTTP\Exceptions\HTTPException::forCurlError('22', 'The requested URL returned error: 400')
 2 SYSTEMPATH\HTTP\CURLRequest.php(383): CodeIgniter\HTTP\CURLRequest->sendRequest([...])
 3 SYSTEMPATH\HTTP\CURLRequest.php(152): CodeIgniter\HTTP\CURLRequest->send('POST', 'https://take-home-test-api.nutech-integrasi.com/topup')
 4 SYSTEMPATH\HTTP\CURLRequest.php(227): CodeIgniter\HTTP\CURLRequest->request('POST', 'https://take-home-test-api.nutech-integrasi.com/topup', [...])
 5 APPPATH\Controllers\TransactionController.php(212): CodeIgniter\HTTP\CURLRequest->post('https://take-home-test-api.nutech-integrasi.com/topup', [...])
 6 SYSTEMPATH\CodeIgniter.php(933): App\Controllers\TransactionController->processTopUp()
 7 SYSTEMPATH\CodeIgniter.php(507): CodeIgniter\CodeIgniter->runController(Object(App\Controllers\TransactionController))
 8 SYSTEMPATH\CodeIgniter.php(354): CodeIgniter\CodeIgniter->handleRequest(null, Object(Config\Cache), false)
 9 SYSTEMPATH\Boot.php(334): CodeIgniter\CodeIgniter->run()
10 SYSTEMPATH\Boot.php(67): CodeIgniter\Boot::runCodeIgniter(Object(CodeIgniter\CodeIgniter))
11 FCPATH\index.php(56): CodeIgniter\Boot::bootWeb(Object(Config\Paths))
12 SYSTEMPATH\rewrite.php(44): require_once('C:\\laragon\\www\\HIS PPOB-Muhammad Rizal Fauzi\\public\\index.php')
ERROR - 2025-03-14 10:56:55 --> Top Up API Response: Array
(
    [status] => 0
    [message] => Top Up Balance berhasil
    [data] => Array
        (
            [balance] => 1450000
        )

)

ERROR - 2025-03-14 10:57:09 --> Top Up API Response: Array
(
    [status] => 0
    [message] => Top Up Balance berhasil
    [data] => Array
        (
            [balance] => 1500000
        )

)

ERROR - 2025-03-14 10:58:30 --> Top Up API Response: Array
(
    [status] => 0
    [message] => Top Up Balance berhasil
    [data] => Array
        (
            [balance] => 1510000
        )

)

ERROR - 2025-03-14 10:59:04 --> Top Up API Response: Array
(
    [status] => 0
    [message] => Top Up Balance berhasil
    [data] => Array
        (
            [balance] => 1520000
        )

)

ERROR - 2025-03-14 11:00:08 --> Top Up API Response: Array
(
    [status] => 0
    [message] => Top Up Balance berhasil
    [data] => Array
        (
            [balance] => 1530000
        )

)

CRITICAL - 2025-03-14 11:08:23 --> ErrorException: Undefined array key 0
[Method: POST, Route: transaction/payment]
in APPPATH\Controllers\TransactionController.php on line 123.
 1 APPPATH\Controllers\TransactionController.php(123): CodeIgniter\Debug\Exceptions->errorHandler(2, 'Undefined array key 0', 'C:\\laragon\\www\\HIS PPOB-Muhammad Rizal Fauzi\\app\\Controllers\\TransactionController.php', 123)
 2 SYSTEMPATH\CodeIgniter.php(933): App\Controllers\TransactionController->processPayment()
 3 SYSTEMPATH\CodeIgniter.php(507): CodeIgniter\CodeIgniter->runController(Object(App\Controllers\TransactionController))
 4 SYSTEMPATH\CodeIgniter.php(354): CodeIgniter\CodeIgniter->handleRequest(null, Object(Config\Cache), false)
 5 SYSTEMPATH\Boot.php(334): CodeIgniter\CodeIgniter->run()
 6 SYSTEMPATH\Boot.php(67): CodeIgniter\Boot::runCodeIgniter(Object(CodeIgniter\CodeIgniter))
 7 FCPATH\index.php(56): CodeIgniter\Boot::bootWeb(Object(Config\Paths))
 8 SYSTEMPATH\rewrite.php(44): require_once('C:\\laragon\\www\\HIS PPOB-Muhammad Rizal Fauzi\\public\\index.php')
CRITICAL - 2025-03-14 11:08:28 --> ErrorException: Undefined array key 0
[Method: POST, Route: transaction/payment]
in APPPATH\Controllers\TransactionController.php on line 123.
 1 APPPATH\Controllers\TransactionController.php(123): CodeIgniter\Debug\Exceptions->errorHandler(2, 'Undefined array key 0', 'C:\\laragon\\www\\HIS PPOB-Muhammad Rizal Fauzi\\app\\Controllers\\TransactionController.php', 123)
 2 SYSTEMPATH\CodeIgniter.php(933): App\Controllers\TransactionController->processPayment()
 3 SYSTEMPATH\CodeIgniter.php(507): CodeIgniter\CodeIgniter->runController(Object(App\Controllers\TransactionController))
 4 SYSTEMPATH\CodeIgniter.php(354): CodeIgniter\CodeIgniter->handleRequest(null, Object(Config\Cache), false)
 5 SYSTEMPATH\Boot.php(334): CodeIgniter\CodeIgniter->run()
 6 SYSTEMPATH\Boot.php(67): CodeIgniter\Boot::runCodeIgniter(Object(CodeIgniter\CodeIgniter))
 7 FCPATH\index.php(56): CodeIgniter\Boot::bootWeb(Object(Config\Paths))
 8 SYSTEMPATH\rewrite.php(44): require_once('C:\\laragon\\www\\HIS PPOB-Muhammad Rizal Fauzi\\public\\index.php')
ERROR - 2025-03-14 11:25:11 --> Payment API Response: {"status":102,"message":"Service atau Layanan tidak ditemukan","data":null}
ERROR - 2025-03-14 11:25:24 --> Payment API Response: {"status":102,"message":"Service atau Layanan tidak ditemukan","data":null}
ERROR - 2025-03-14 11:31:01 --> Payment API Response: {"status":102,"message":"Service atau Layanan tidak ditemukan","data":null}
ERROR - 2025-03-14 11:31:01 --> Payment Error: Service atau Layanan tidak ditemukan
ERROR - 2025-03-14 11:31:15 --> Payment API Response: {"status":102,"message":"Service atau Layanan tidak ditemukan","data":null}
ERROR - 2025-03-14 11:31:15 --> Payment Error: Service atau Layanan tidak ditemukan
ERROR - 2025-03-14 11:54:18 --> Error saat login: 28 : Failed to connect to take-home-test-api.nutech-integrasi.com port 443 after 21052 ms: Could not connect to server
CRITICAL - 2025-03-14 11:57:57 --> CodeIgniter\HTTP\Exceptions\BadRequestException: The URI you submitted has disallowed characters: "(:segment)"
[Method: GET, Route: payment/%28:segment%29]
in SYSTEMPATH\Router\Router.php on line 739.
 1 SYSTEMPATH\Router\Router.php(207): CodeIgniter\Router\Router->checkDisallowedChars('payment/(:segment)')
 2 SYSTEMPATH\CodeIgniter.php(832): CodeIgniter\Router\Router->handle('payment/(:segment)')
 3 SYSTEMPATH\CodeIgniter.php(455): CodeIgniter\CodeIgniter->tryToRouteIt(Object(CodeIgniter\Router\RouteCollection))
 4 SYSTEMPATH\CodeIgniter.php(354): CodeIgniter\CodeIgniter->handleRequest(null, Object(Config\Cache), false)
 5 SYSTEMPATH\Boot.php(334): CodeIgniter\CodeIgniter->run()
 6 SYSTEMPATH\Boot.php(67): CodeIgniter\Boot::runCodeIgniter(Object(CodeIgniter\CodeIgniter))
 7 FCPATH\index.php(56): CodeIgniter\Boot::bootWeb(Object(Config\Paths))
 8 SYSTEMPATH\rewrite.php(44): require_once('C:\\laragon\\www\\HIS PPOB-Muhammad Rizal Fauzi\\public\\index.php')
CRITICAL - 2025-03-14 11:58:29 --> CodeIgniter\HTTP\Exceptions\BadRequestException: The URI you submitted has disallowed characters: "(:segment)"
[Method: GET, Route: payment/%28:segment%29]
in SYSTEMPATH\Router\Router.php on line 739.
 1 SYSTEMPATH\Router\Router.php(207): CodeIgniter\Router\Router->checkDisallowedChars('payment/(:segment)')
 2 SYSTEMPATH\CodeIgniter.php(832): CodeIgniter\Router\Router->handle('payment/(:segment)')
 3 SYSTEMPATH\CodeIgniter.php(455): CodeIgniter\CodeIgniter->tryToRouteIt(Object(CodeIgniter\Router\RouteCollection))
 4 SYSTEMPATH\CodeIgniter.php(354): CodeIgniter\CodeIgniter->handleRequest(null, Object(Config\Cache), false)
 5 SYSTEMPATH\Boot.php(334): CodeIgniter\CodeIgniter->run()
 6 SYSTEMPATH\Boot.php(67): CodeIgniter\Boot::runCodeIgniter(Object(CodeIgniter\CodeIgniter))
 7 FCPATH\index.php(56): CodeIgniter\Boot::bootWeb(Object(Config\Paths))
 8 SYSTEMPATH\rewrite.php(44): require_once('C:\\laragon\\www\\HIS PPOB-Muhammad Rizal Fauzi\\public\\index.php')
CRITICAL - 2025-03-14 12:04:58 --> ErrorException: Undefined variable $selectedService
[Method: GET, Route: transaction/payment/PBB]
in APPPATH\Views\Dashboard\pembayaran.php on line 49.
 1 APPPATH\Views\Dashboard\pembayaran.php(49): CodeIgniter\Debug\Exceptions->errorHandler(2, 'Undefined variable $selectedService', 'C:\\laragon\\www\\HIS PPOB-Muhammad Rizal Fauzi\\app\\Views\\Dashboard\\pembayaran.php', 49)
 2 SYSTEMPATH\View\View.php(224): include('C:\\laragon\\www\\HIS PPOB-Muhammad Rizal Fauzi\\app\\Views\\Dashboard\\pembayaran.php')
 3 SYSTEMPATH\View\View.php(227): CodeIgniter\View\View->{closure:CodeIgniter\View\View::render():221}()
 4 SYSTEMPATH\Common.php(1173): CodeIgniter\View\View->render('dashboard/pembayaran', [], true)
 5 APPPATH\Controllers\TransactionController.php(182): view('dashboard/pembayaran', [...])
 6 SYSTEMPATH\CodeIgniter.php(933): App\Controllers\TransactionController->payment('PBB')
 7 SYSTEMPATH\CodeIgniter.php(507): CodeIgniter\CodeIgniter->runController(Object(App\Controllers\TransactionController))
 8 SYSTEMPATH\CodeIgniter.php(354): CodeIgniter\CodeIgniter->handleRequest(null, Object(Config\Cache), false)
 9 SYSTEMPATH\Boot.php(334): CodeIgniter\CodeIgniter->run()
10 SYSTEMPATH\Boot.php(67): CodeIgniter\Boot::runCodeIgniter(Object(CodeIgniter\CodeIgniter))
11 FCPATH\index.php(56): CodeIgniter\Boot::bootWeb(Object(Config\Paths))
12 SYSTEMPATH\rewrite.php(44): require_once('C:\\laragon\\www\\HIS PPOB-Muhammad Rizal Fauzi\\public\\index.php')
CRITICAL - 2025-03-14 12:07:10 --> ErrorException: Undefined variable $selectedService
[Method: GET, Route: transaction/payment/PBB]
in APPPATH\Views\Dashboard\pembayaran.php on line 49.
 1 APPPATH\Views\Dashboard\pembayaran.php(49): CodeIgniter\Debug\Exceptions->errorHandler(2, 'Undefined variable $selectedService', 'C:\\laragon\\www\\HIS PPOB-Muhammad Rizal Fauzi\\app\\Views\\Dashboard\\pembayaran.php', 49)
 2 SYSTEMPATH\View\View.php(224): include('C:\\laragon\\www\\HIS PPOB-Muhammad Rizal Fauzi\\app\\Views\\Dashboard\\pembayaran.php')
 3 SYSTEMPATH\View\View.php(227): CodeIgniter\View\View->{closure:CodeIgniter\View\View::render():221}()
 4 SYSTEMPATH\Common.php(1173): CodeIgniter\View\View->render('dashboard/pembayaran', [], true)
 5 APPPATH\Controllers\TransactionController.php(182): view('dashboard/pembayaran', [...])
 6 SYSTEMPATH\CodeIgniter.php(933): App\Controllers\TransactionController->payment('PBB')
 7 SYSTEMPATH\CodeIgniter.php(507): CodeIgniter\CodeIgniter->runController(Object(App\Controllers\TransactionController))
 8 SYSTEMPATH\CodeIgniter.php(354): CodeIgniter\CodeIgniter->handleRequest(null, Object(Config\Cache), false)
 9 SYSTEMPATH\Boot.php(334): CodeIgniter\CodeIgniter->run()
10 SYSTEMPATH\Boot.php(67): CodeIgniter\Boot::runCodeIgniter(Object(CodeIgniter\CodeIgniter))
11 FCPATH\index.php(56): CodeIgniter\Boot::bootWeb(Object(Config\Paths))
12 SYSTEMPATH\rewrite.php(44): require_once('C:\\laragon\\www\\HIS PPOB-Muhammad Rizal Fauzi\\public\\index.php')
CRITICAL - 2025-03-14 12:08:02 --> ErrorException: Undefined variable $selectedService
[Method: GET, Route: transaction/payment/PBB]
in APPPATH\Views\Dashboard\pembayaran.php on line 57.
 1 APPPATH\Views\Dashboard\pembayaran.php(57): CodeIgniter\Debug\Exceptions->errorHandler(2, 'Undefined variable $selectedService', 'C:\\laragon\\www\\HIS PPOB-Muhammad Rizal Fauzi\\app\\Views\\Dashboard\\pembayaran.php', 57)
 2 SYSTEMPATH\View\View.php(224): include('C:\\laragon\\www\\HIS PPOB-Muhammad Rizal Fauzi\\app\\Views\\Dashboard\\pembayaran.php')
 3 SYSTEMPATH\View\View.php(227): CodeIgniter\View\View->{closure:CodeIgniter\View\View::render():221}()
 4 SYSTEMPATH\Common.php(1173): CodeIgniter\View\View->render('dashboard/pembayaran', [], true)
 5 APPPATH\Controllers\TransactionController.php(182): view('dashboard/pembayaran', [...])
 6 SYSTEMPATH\CodeIgniter.php(933): App\Controllers\TransactionController->payment('PBB')
 7 SYSTEMPATH\CodeIgniter.php(507): CodeIgniter\CodeIgniter->runController(Object(App\Controllers\TransactionController))
 8 SYSTEMPATH\CodeIgniter.php(354): CodeIgniter\CodeIgniter->handleRequest(null, Object(Config\Cache), false)
 9 SYSTEMPATH\Boot.php(334): CodeIgniter\CodeIgniter->run()
10 SYSTEMPATH\Boot.php(67): CodeIgniter\Boot::runCodeIgniter(Object(CodeIgniter\CodeIgniter))
11 FCPATH\index.php(56): CodeIgniter\Boot::bootWeb(Object(Config\Paths))
12 SYSTEMPATH\rewrite.php(44): require_once('C:\\laragon\\www\\HIS PPOB-Muhammad Rizal Fauzi\\public\\index.php')
CRITICAL - 2025-03-14 12:16:50 --> ErrorException: Undefined variable $selectedService
[Method: GET, Route: transaction/payment/Pulsa]
in APPPATH\Views\Dashboard\pembayaran.php on line 49.
 1 APPPATH\Views\Dashboard\pembayaran.php(49): CodeIgniter\Debug\Exceptions->errorHandler(2, 'Undefined variable $selectedService', 'C:\\laragon\\www\\HIS PPOB-Muhammad Rizal Fauzi\\app\\Views\\Dashboard\\pembayaran.php', 49)
 2 SYSTEMPATH\View\View.php(224): include('C:\\laragon\\www\\HIS PPOB-Muhammad Rizal Fauzi\\app\\Views\\Dashboard\\pembayaran.php')
 3 SYSTEMPATH\View\View.php(227): CodeIgniter\View\View->{closure:CodeIgniter\View\View::render():221}()
 4 SYSTEMPATH\Common.php(1173): CodeIgniter\View\View->render('dashboard/pembayaran', [], true)
 5 APPPATH\Controllers\TransactionController.php(182): view('dashboard/pembayaran', [...])
 6 SYSTEMPATH\CodeIgniter.php(933): App\Controllers\TransactionController->payment('Pulsa')
 7 SYSTEMPATH\CodeIgniter.php(507): CodeIgniter\CodeIgniter->runController(Object(App\Controllers\TransactionController))
 8 SYSTEMPATH\CodeIgniter.php(354): CodeIgniter\CodeIgniter->handleRequest(null, Object(Config\Cache), false)
 9 SYSTEMPATH\Boot.php(334): CodeIgniter\CodeIgniter->run()
10 SYSTEMPATH\Boot.php(67): CodeIgniter\Boot::runCodeIgniter(Object(CodeIgniter\CodeIgniter))
11 FCPATH\index.php(56): CodeIgniter\Boot::bootWeb(Object(Config\Paths))
12 SYSTEMPATH\rewrite.php(44): require_once('C:\\laragon\\www\\HIS PPOB-Muhammad Rizal Fauzi\\public\\index.php')
ERROR - 2025-03-14 13:04:02 --> Error saat login: 22 : The requested URL returned error: 400
ERROR - 2025-03-14 13:07:19 --> Error saat login: 22 : The requested URL returned error: 400
ERROR - 2025-03-14 13:07:51 --> Error saat login: 22 : The requested URL returned error: 400
ERROR - 2025-03-14 13:22:02 --> Error saat registrasi: 22 : The requested URL returned error: 400
ERROR - 2025-03-14 13:22:32 --> Login Exception: 28 : Failed to connect to take-home-test-api.nutech-integrasi.com port 443 after 21040 ms: Could not connect to server
ERROR - 2025-03-14 13:36:32 --> Registrasi gagal: Registrasi berhasil silahkan login
ERROR - 2025-03-14 13:37:51 --> Error saat registrasi: 22 : The requested URL returned error: 400
ERROR - 2025-03-14 13:37:51 --> Registrasi gagal: Terjadi kesalahan saat menghubungkan ke server. Silakan coba lagi.
ERROR - 2025-03-14 13:41:00 --> Error saat registrasi: 22 : The requested URL returned error: 400
ERROR - 2025-03-14 13:47:13 --> Error saat registrasi: 22 : The requested URL returned error: 400
ERROR - 2025-03-14 13:47:13 --> Registrasi gagal: Terjadi kesalahan saat menghubungkan ke server. Silakan coba lagi.
ERROR - 2025-03-14 13:47:15 --> Error saat registrasi: 22 : The requested URL returned error: 400
ERROR - 2025-03-14 13:47:15 --> Registrasi gagal: Terjadi kesalahan saat menghubungkan ke server. Silakan coba lagi.
ERROR - 2025-03-14 13:47:26 --> Error saat registrasi: 22 : The requested URL returned error: 400
ERROR - 2025-03-14 13:47:26 --> Registrasi gagal: Terjadi kesalahan saat menghubungkan ke server. Silakan coba lagi.
ERROR - 2025-03-14 13:47:47 --> Error saat registrasi: 28 : Failed to connect to take-home-test-api.nutech-integrasi.com port 443 after 21060 ms: Could not connect to server
ERROR - 2025-03-14 13:47:47 --> Registrasi gagal: Terjadi kesalahan saat menghubungkan ke server. Silakan coba lagi.
ERROR - 2025-03-14 13:47:50 --> Error saat registrasi: 22 : The requested URL returned error: 400
ERROR - 2025-03-14 13:47:50 --> Registrasi gagal: Terjadi kesalahan saat menghubungkan ke server. Silakan coba lagi.
ERROR - 2025-03-14 13:47:59 --> Error saat registrasi: 22 : The requested URL returned error: 400
ERROR - 2025-03-14 13:47:59 --> Registrasi gagal: Terjadi kesalahan saat menghubungkan ke server. Silakan coba lagi.
CRITICAL - 2025-03-14 13:49:01 --> CodeIgniter\HTTP\Exceptions\HTTPException: Failed to parse JSON string. Error: Syntax error
[Method: POST, Route: auth/register]
in SYSTEMPATH\HTTP\IncomingRequest.php on line 537.
 1 SYSTEMPATH\HTTP\IncomingRequest.php(537): CodeIgniter\HTTP\Exceptions\HTTPException::forInvalidJSON('Syntax error')
 2 APPPATH\Controllers\AuthController.php(28): CodeIgniter\HTTP\IncomingRequest->getJSON(true)
 3 SYSTEMPATH\CodeIgniter.php(933): App\Controllers\AuthController->register()
 4 SYSTEMPATH\CodeIgniter.php(507): CodeIgniter\CodeIgniter->runController(Object(App\Controllers\AuthController))
 5 SYSTEMPATH\CodeIgniter.php(354): CodeIgniter\CodeIgniter->handleRequest(null, Object(Config\Cache), false)
 6 SYSTEMPATH\Boot.php(334): CodeIgniter\CodeIgniter->run()
 7 SYSTEMPATH\Boot.php(67): CodeIgniter\Boot::runCodeIgniter(Object(CodeIgniter\CodeIgniter))
 8 FCPATH\index.php(56): CodeIgniter\Boot::bootWeb(Object(Config\Paths))
 9 SYSTEMPATH\rewrite.php(44): require_once('C:\\laragon\\www\\HIS PPOB-Muhammad Rizal Fauzi\\public\\index.php')
